[0.358s] Invoking command in '/home/quinton/catkin_ws/src/build/protobuf_catkin': CMAKE_PREFIX_PATH=/home/quinton/catkin_ws/src/install/catkin_simple:${CMAKE_PREFIX_PATH} PKG_CONFIG_PATH=/home/quinton/catkin_ws/src/install/catkin_simple/lib/x86_64-linux-gnu/pkgconfig:/home/quinton/catkin_ws/src/install/catkin_simple/lib/pkgconfig:${PKG_CONFIG_PATH} ROS_PACKAGE_PATH=/home/quinton/catkin_ws/src/install/catkin_simple/share:${ROS_PACKAGE_PATH} /usr/bin/cmake /home/quinton/catkin_ws/src/protobuf_catkin -DCATKIN_INSTALL_INTO_PREFIX_ROOT=0 -DCMAKE_INSTALL_PREFIX=/home/quinton/catkin_ws/src/install/protobuf_catkin
[0.550s] -- The C compiler identification is GNU 9.4.0
[0.778s] -- The CXX compiler identification is GNU 9.4.0
[0.851s] -- Check for working C compiler: /usr/bin/cc
[0.969s] -- Check for working C compiler: /usr/bin/cc -- works
[0.970s] -- Detecting C compiler ABI info
[1.098s] -- Detecting C compiler ABI info - done
[1.110s] -- Detecting C compile features
[1.110s] -- Detecting C compile features - done
[1.110s] -- Check for working CXX compiler: /usr/bin/c++
[1.246s] -- Check for working CXX compiler: /usr/bin/c++ -- works
[1.248s] -- Detecting CXX compiler ABI info
[1.372s] -- Detecting CXX compiler ABI info - done
[1.385s] -- Detecting CXX compile features
[1.385s] -- Detecting CXX compile features - done
[1.385s] -- Using CATKIN_DEVEL_PREFIX: /home/quinton/catkin_ws/src/build/protobuf_catkin/devel
[1.391s] -- Using CMAKE_PREFIX_PATH: /home/quinton/catkin_ws/src/install/catkin_simple;/home/quinton/catkin_ws/devel;/opt/ros/noetic
[1.391s] -- This workspace overlays: /home/quinton/catkin_ws/src/install/catkin_simple;/home/quinton/catkin_ws/devel;/opt/ros/noetic
[1.419s] -- Found PythonInterp: /usr/bin/python3 (found suitable version "3.8.10", minimum required is "3") 
[1.420s] -- Using PYTHON_EXECUTABLE: /usr/bin/python3
[1.420s] -- Using Debian Python package layout
[1.495s] -- Found PY_em: /usr/lib/python3/dist-packages/em.py  
[1.495s] -- Using empy: /usr/lib/python3/dist-packages/em.py
[1.617s] -- Using CATKIN_ENABLE_TESTING: ON
[1.617s] -- Call enable_testing()
[1.619s] -- Using CATKIN_TEST_RESULTS_DIR: /home/quinton/catkin_ws/src/build/protobuf_catkin/test_results
[3.671s] -- Forcing gtest/gmock from source, though one was otherwise available.
[3.671s] -- Found gtest sources under '/usr/src/googletest': gtests will be built
[3.671s] -- Found gmock sources under '/usr/src/googletest': gmock will be built
[3.712s] -- Found PythonInterp: /usr/bin/python3 (found version "3.8.10") 
[3.715s] -- Found Threads: TRUE  
[3.759s] -- Using Python nosetests: /usr/bin/nosetests3
[3.901s] -- catkin 0.8.10
[3.902s] -- BUILD_SHARED_LIBS is on
[6.310s] -- Found a suitable version of system protobuf: 3.6.1
[6.310s] -- Using system protobuf.
[6.320s] -- Found Protobuf: /usr/lib/x86_64-linux-gnu/libprotobuf.so;-lpthread (found version "3.6.1") 
[6.505s] -- Configuring done
[6.523s] -- Generating done
[6.525s] -- Build files have been written to: /home/quinton/catkin_ws/src/build/protobuf_catkin
[6.552s] Invoked command in '/home/quinton/catkin_ws/src/build/protobuf_catkin' returned '0': CMAKE_PREFIX_PATH=/home/quinton/catkin_ws/src/install/catkin_simple:${CMAKE_PREFIX_PATH} PKG_CONFIG_PATH=/home/quinton/catkin_ws/src/install/catkin_simple/lib/x86_64-linux-gnu/pkgconfig:/home/quinton/catkin_ws/src/install/catkin_simple/lib/pkgconfig:${PKG_CONFIG_PATH} ROS_PACKAGE_PATH=/home/quinton/catkin_ws/src/install/catkin_simple/share:${ROS_PACKAGE_PATH} /usr/bin/cmake /home/quinton/catkin_ws/src/protobuf_catkin -DCATKIN_INSTALL_INTO_PREFIX_ROOT=0 -DCMAKE_INSTALL_PREFIX=/home/quinton/catkin_ws/src/install/protobuf_catkin
[6.589s] Invoking command in '/home/quinton/catkin_ws/src/build/protobuf_catkin': CMAKE_PREFIX_PATH=/home/quinton/catkin_ws/src/install/catkin_simple:${CMAKE_PREFIX_PATH} PKG_CONFIG_PATH=/home/quinton/catkin_ws/src/install/catkin_simple/lib/x86_64-linux-gnu/pkgconfig:/home/quinton/catkin_ws/src/install/catkin_simple/lib/pkgconfig:${PKG_CONFIG_PATH} ROS_PACKAGE_PATH=/home/quinton/catkin_ws/src/install/catkin_simple/share:${ROS_PACKAGE_PATH} /usr/bin/cmake --build /home/quinton/catkin_ws/src/build/protobuf_catkin -- -j16 -l16
[9.156s] Invoked command in '/home/quinton/catkin_ws/src/build/protobuf_catkin' returned '0': CMAKE_PREFIX_PATH=/home/quinton/catkin_ws/src/install/catkin_simple:${CMAKE_PREFIX_PATH} PKG_CONFIG_PATH=/home/quinton/catkin_ws/src/install/catkin_simple/lib/x86_64-linux-gnu/pkgconfig:/home/quinton/catkin_ws/src/install/catkin_simple/lib/pkgconfig:${PKG_CONFIG_PATH} ROS_PACKAGE_PATH=/home/quinton/catkin_ws/src/install/catkin_simple/share:${ROS_PACKAGE_PATH} /usr/bin/cmake --build /home/quinton/catkin_ws/src/build/protobuf_catkin -- -j16 -l16
[9.200s] Invoking command in '/home/quinton/catkin_ws/src/build/protobuf_catkin': CMAKE_PREFIX_PATH=/home/quinton/catkin_ws/src/install/catkin_simple:${CMAKE_PREFIX_PATH} PKG_CONFIG_PATH=/home/quinton/catkin_ws/src/install/catkin_simple/lib/x86_64-linux-gnu/pkgconfig:/home/quinton/catkin_ws/src/install/catkin_simple/lib/pkgconfig:${PKG_CONFIG_PATH} ROS_PACKAGE_PATH=/home/quinton/catkin_ws/src/install/catkin_simple/share:${ROS_PACKAGE_PATH} /usr/bin/cmake --build /home/quinton/catkin_ws/src/build/protobuf_catkin --target tests -- -j16 -l16
[9.284s] [35m[1mScanning dependencies of target tests[0m
[9.313s] Built target tests
[9.355s] Invoked command in '/home/quinton/catkin_ws/src/build/protobuf_catkin' returned '0': CMAKE_PREFIX_PATH=/home/quinton/catkin_ws/src/install/catkin_simple:${CMAKE_PREFIX_PATH} PKG_CONFIG_PATH=/home/quinton/catkin_ws/src/install/catkin_simple/lib/x86_64-linux-gnu/pkgconfig:/home/quinton/catkin_ws/src/install/catkin_simple/lib/pkgconfig:${PKG_CONFIG_PATH} ROS_PACKAGE_PATH=/home/quinton/catkin_ws/src/install/catkin_simple/share:${ROS_PACKAGE_PATH} /usr/bin/cmake --build /home/quinton/catkin_ws/src/build/protobuf_catkin --target tests -- -j16 -l16
[9.498s] Invoking command in '/home/quinton/catkin_ws/src/build/protobuf_catkin': CMAKE_PREFIX_PATH=/home/quinton/catkin_ws/src/install/catkin_simple:${CMAKE_PREFIX_PATH} PKG_CONFIG_PATH=/home/quinton/catkin_ws/src/install/catkin_simple/lib/x86_64-linux-gnu/pkgconfig:/home/quinton/catkin_ws/src/install/catkin_simple/lib/pkgconfig:${PKG_CONFIG_PATH} ROS_PACKAGE_PATH=/home/quinton/catkin_ws/src/install/catkin_simple/share:${ROS_PACKAGE_PATH} /usr/bin/cmake --install /home/quinton/catkin_ws/src/build/protobuf_catkin
[10.058s] -- Install configuration: ""
[10.058s] -- Installing: /home/quinton/catkin_ws/src/install/protobuf_catkin/lib/pkgconfig/protobuf_catkin.pc
[10.058s] -- Installing: /home/quinton/catkin_ws/src/install/protobuf_catkin/share/protobuf_catkin/cmake/protobuf-generate-cpp.cmake
[10.058s] -- Installing: /home/quinton/catkin_ws/src/install/protobuf_catkin/share/protobuf_catkin/cmake/protobuf_catkinConfig.cmake
[10.059s] -- Installing: /home/quinton/catkin_ws/src/install/protobuf_catkin/share/protobuf_catkin/cmake/protobuf_catkinConfig-version.cmake
[10.059s] -- Installing: /home/quinton/catkin_ws/src/install/protobuf_catkin/share/protobuf_catkin/package.xml
[10.578s] Invoked command in '/home/quinton/catkin_ws/src/build/protobuf_catkin' returned '0': CMAKE_PREFIX_PATH=/home/quinton/catkin_ws/src/install/catkin_simple:${CMAKE_PREFIX_PATH} PKG_CONFIG_PATH=/home/quinton/catkin_ws/src/install/catkin_simple/lib/x86_64-linux-gnu/pkgconfig:/home/quinton/catkin_ws/src/install/catkin_simple/lib/pkgconfig:${PKG_CONFIG_PATH} ROS_PACKAGE_PATH=/home/quinton/catkin_ws/src/install/catkin_simple/share:${ROS_PACKAGE_PATH} /usr/bin/cmake --install /home/quinton/catkin_ws/src/build/protobuf_catkin
