Built target tests
-- Install configuration: ""
-- Up-to-date: /home/quinton/catkin_ws/src/install/rotors_description/lib/pkgconfig/rotors_description.pc
-- Up-to-date: /home/quinton/catkin_ws/src/install/rotors_description/share/rotors_description/cmake/rotors_descriptionConfig.cmake
-- Up-to-date: /home/quinton/catkin_ws/src/install/rotors_description/share/rotors_description/cmake/rotors_descriptionConfig-version.cmake
-- Up-to-date: /home/quinton/catkin_ws/src/install/rotors_description/share/rotors_description/package.xml
-- Up-to-date: /home/quinton/catkin_ws/src/install/rotors_description/share/rotors_description/launch
-- Up-to-date: /home/quinton/catkin_ws/src/install/rotors_description/share/rotors_description/launch/xacrodisplay_pelican_base.launch
-- Up-to-date: /home/quinton/catkin_ws/src/install/rotors_description/share/rotors_description/launch/xacrodisplay_techpod.launch
-- Up-to-date: /home/quinton/catkin_ws/src/install/rotors_description/share/rotors_description/meshes
-- Up-to-date: /home/quinton/catkin_ws/src/install/rotors_description/share/rotors_description/meshes/d435_simple.dae
-- Up-to-date: /home/quinton/catkin_ws/src/install/rotors_description/share/rotors_description/meshes/vi_sensor.png
-- Up-to-date: /home/quinton/catkin_ws/src/install/rotors_description/share/rotors_description/meshes/ardrone.dae
-- Up-to-date: /home/quinton/catkin_ws/src/install/rotors_description/share/rotors_description/meshes/vi_camera.dae
-- Up-to-date: /home/quinton/catkin_ws/src/install/rotors_description/share/rotors_description/meshes/firefly.ply
-- Up-to-date: /home/quinton/catkin_ws/src/install/rotors_description/share/rotors_description/meshes/techpod
-- Up-to-date: /home/quinton/catkin_ws/src/install/rotors_description/share/rotors_description/meshes/techpod/techpod_elevator.dae
-- Up-to-date: /home/quinton/catkin_ws/src/install/rotors_description/share/rotors_description/meshes/techpod/techpod_aileron_left.dae
-- Up-to-date: /home/quinton/catkin_ws/src/install/rotors_description/share/rotors_description/meshes/techpod/techpod_body.dae
-- Up-to-date: /home/quinton/catkin_ws/src/install/rotors_description/share/rotors_description/meshes/techpod/techpod_flap_left.dae
-- Up-to-date: /home/quinton/catkin_ws/src/install/rotors_description/share/rotors_description/meshes/techpod/techpod_rudder.dae
-- Up-to-date: /home/quinton/catkin_ws/src/install/rotors_description/share/rotors_description/meshes/techpod/techpod_aileron_right.dae
-- Up-to-date: /home/quinton/catkin_ws/src/install/rotors_description/share/rotors_description/meshes/techpod/techpod_flap_right.dae
-- Up-to-date: /home/quinton/catkin_ws/src/install/rotors_description/share/rotors_description/meshes/iris.dae
-- Up-to-date: /home/quinton/catkin_ws/src/install/rotors_description/share/rotors_description/meshes/propeller_ccw.dae
-- Up-to-date: /home/quinton/catkin_ws/src/install/rotors_description/share/rotors_description/meshes/pelican.dae
-- Up-to-date: /home/quinton/catkin_ws/src/install/rotors_description/share/rotors_description/meshes/omav
-- Up-to-date: /home/quinton/catkin_ws/src/install/rotors_description/share/rotors_description/meshes/omav/omav_core.dae
-- Up-to-date: /home/quinton/catkin_ws/src/install/rotors_description/share/rotors_description/meshes/omav/omav_tiltarm.dae
-- Up-to-date: /home/quinton/catkin_ws/src/install/rotors_description/share/rotors_description/meshes/propeller_cw.dae
-- Up-to-date: /home/quinton/catkin_ws/src/install/rotors_description/share/rotors_description/meshes/neo9_propeller_ccw.dae
-- Up-to-date: /home/quinton/catkin_ws/src/install/rotors_description/share/rotors_description/meshes/neo11.dae
-- Up-to-date: /home/quinton/catkin_ws/src/install/rotors_description/share/rotors_description/meshes/neo11_propeller_cw.dae
-- Up-to-date: /home/quinton/catkin_ws/src/install/rotors_description/share/rotors_description/meshes/neo9_propeller_cw.dae
-- Up-to-date: /home/quinton/catkin_ws/src/install/rotors_description/share/rotors_description/meshes/vi_camera.png
-- Up-to-date: /home/quinton/catkin_ws/src/install/rotors_description/share/rotors_description/meshes/neo9.dae
-- Up-to-date: /home/quinton/catkin_ws/src/install/rotors_description/share/rotors_description/meshes/vi_sensor.dae
-- Up-to-date: /home/quinton/catkin_ws/src/install/rotors_description/share/rotors_description/meshes/neo11_propeller_ccw.dae
-- Up-to-date: /home/quinton/catkin_ws/src/install/rotors_description/share/rotors_description/meshes/firefly.dae
-- Up-to-date: /home/quinton/catkin_ws/src/install/rotors_description/share/rotors_description/meshes/hummingbird.dae
-- Up-to-date: /home/quinton/catkin_ws/src/install/rotors_description/share/rotors_description/urdf
-- Up-to-date: /home/quinton/catkin_ws/src/install/rotors_description/share/rotors_description/urdf/hummingbird_base.xacro
-- Up-to-date: /home/quinton/catkin_ws/src/install/rotors_description/share/rotors_description/urdf/iris_base.xacro
-- Up-to-date: /home/quinton/catkin_ws/src/install/rotors_description/share/rotors_description/urdf/omav.xacro
-- Up-to-date: /home/quinton/catkin_ws/src/install/rotors_description/share/rotors_description/urdf/neo11_base.xacro
-- Up-to-date: /home/quinton/catkin_ws/src/install/rotors_description/share/rotors_description/urdf/asymmetric_quadrotor_base.xacro
-- Up-to-date: /home/quinton/catkin_ws/src/install/rotors_description/share/rotors_description/urdf/firefly_two_generic_pose_sensors.gazebo
-- Up-to-date: /home/quinton/catkin_ws/src/install/rotors_description/share/rotors_description/urdf/ardrone.xacro
-- Up-to-date: /home/quinton/catkin_ws/src/install/rotors_description/share/rotors_description/urdf/mav_generic_odometry_sensor.gazebo
-- Up-to-date: /home/quinton/catkin_ws/src/install/rotors_description/share/rotors_description/urdf/pelican.xacro
-- Up-to-date: /home/quinton/catkin_ws/src/install/rotors_description/share/rotors_description/urdf/pelican_base.xacro
-- Up-to-date: /home/quinton/catkin_ws/src/install/rotors_description/share/rotors_description/urdf/component_snippets.xacro
-- Up-to-date: /home/quinton/catkin_ws/src/install/rotors_description/share/rotors_description/urdf/techpod.xacro
-- Up-to-date: /home/quinton/catkin_ws/src/install/rotors_description/share/rotors_description/urdf/omav_base.xacro
-- Up-to-date: /home/quinton/catkin_ws/src/install/rotors_description/share/rotors_description/urdf/overactuated_base.xacro
-- Up-to-date: /home/quinton/catkin_ws/src/install/rotors_description/share/rotors_description/urdf/neo9.xacro
-- Up-to-date: /home/quinton/catkin_ws/src/install/rotors_description/share/rotors_description/urdf/mav_with_vi_sensor.gazebo
-- Up-to-date: /home/quinton/catkin_ws/src/install/rotors_description/share/rotors_description/urdf/asymmetric_quadrotor.xacro
-- Up-to-date: /home/quinton/catkin_ws/src/install/rotors_description/share/rotors_description/urdf/multirotor_base.xacro
-- Up-to-date: /home/quinton/catkin_ws/src/install/rotors_description/share/rotors_description/urdf/vi_sensor_base.xacro
-- Up-to-date: /home/quinton/catkin_ws/src/install/rotors_description/share/rotors_description/urdf/iris.xacro
-- Up-to-date: /home/quinton/catkin_ws/src/install/rotors_description/share/rotors_description/urdf/mav_with_wind_gust.gazebo
-- Up-to-date: /home/quinton/catkin_ws/src/install/rotors_description/share/rotors_description/urdf/neo11.xacro
-- Up-to-date: /home/quinton/catkin_ws/src/install/rotors_description/share/rotors_description/urdf/rgbd_base.xacro
-- Up-to-date: /home/quinton/catkin_ws/src/install/rotors_description/share/rotors_description/urdf/asymmetric_quadrotor_two_cameras.gazebo
-- Up-to-date: /home/quinton/catkin_ws/src/install/rotors_description/share/rotors_description/urdf/neo9_base.xacro
-- Up-to-date: /home/quinton/catkin_ws/src/install/rotors_description/share/rotors_description/urdf/techpod_base.xacro
-- Up-to-date: /home/quinton/catkin_ws/src/install/rotors_description/share/rotors_description/urdf/firefly.xacro
-- Up-to-date: /home/quinton/catkin_ws/src/install/rotors_description/share/rotors_description/urdf/ardrone_base.xacro
-- Up-to-date: /home/quinton/catkin_ws/src/install/rotors_description/share/rotors_description/urdf/pmd_monstar.xacro
-- Up-to-date: /home/quinton/catkin_ws/src/install/rotors_description/share/rotors_description/urdf/fixed_wing_base.xacro
-- Up-to-date: /home/quinton/catkin_ws/src/install/rotors_description/share/rotors_description/urdf/firefly_base.xacro
-- Up-to-date: /home/quinton/catkin_ws/src/install/rotors_description/share/rotors_description/urdf/neo9_vi_sensor.gazebo
-- Up-to-date: /home/quinton/catkin_ws/src/install/rotors_description/share/rotors_description/urdf/firefly_generic_pose_sensor.gazebo
-- Up-to-date: /home/quinton/catkin_ws/src/install/rotors_description/share/rotors_description/urdf/hummingbird.xacro
-- Up-to-date: /home/quinton/catkin_ws/src/install/rotors_description/share/rotors_description/urdf/neo11_vi_sensor.gazebo
