[  0%] Built target tf_generate_messages_nodejs
[  0%] Built target actionlib_generate_messages_py
[  0%] Built target tf2_msgs_generate_messages_nodejs
[ 20%] Built target mav_lowlevel_attitude_controller_gencfg
[ 20%] Built target tf2_msgs_generate_messages_lisp
[ 20%] Built target tf2_msgs_generate_messages_eus
[ 20%] Built target sensor_msgs_generate_messages_nodejs
[ 20%] Built target actionlib_generate_messages_nodejs
[ 20%] Built target sensor_msgs_generate_messages_py
[ 20%] Built target sensor_msgs_generate_messages_lisp
[ 20%] Built target rosgraph_msgs_generate_messages_eus
[ 20%] Built target sensor_msgs_generate_messages_eus
[ 20%] Built target trajectory_msgs_generate_messages_lisp
[ 20%] Built target trajectory_msgs_generate_messages_nodejs
[ 20%] Built target geometry_msgs_generate_messages_eus
[ 20%] Built target nav_msgs_generate_messages_cpp
[ 20%] Built target geometry_msgs_generate_messages_py
[ 20%] Built target std_msgs_generate_messages_nodejs
[ 20%] Built target geometry_msgs_generate_messages_cpp
[ 20%] Built target geometry_msgs_generate_messages_lisp
[ 20%] Built target dynamic_reconfigure_generate_messages_py
[ 20%] Built target actionlib_generate_messages_lisp
[ 20%] Built target roscpp_generate_messages_lisp
[ 20%] Built target std_msgs_generate_messages_py
[ 20%] Built target std_msgs_generate_messages_lisp
[ 20%] Built target rosgraph_msgs_generate_messages_py
[ 20%] Built target actionlib_msgs_generate_messages_eus
[ 20%] Built target tf_generate_messages_cpp
[ 20%] Built target mav_msgs_generate_messages_lisp
[ 20%] Built target std_msgs_generate_messages_cpp
[ 20%] Built target rosgraph_msgs_generate_messages_lisp
[ 20%] Built target nav_msgs_generate_messages_eus
[ 20%] Built target tf_generate_messages_eus
[ 20%] Built target actionlib_generate_messages_cpp
[ 20%] Built target mav_msgs_generate_messages_py
[ 20%] Built target mav_msgs_generate_messages_nodejs
[ 20%] Built target roscpp_generate_messages_cpp
[ 20%] Built target trajectory_msgs_generate_messages_cpp
[ 20%] Built target actionlib_msgs_generate_messages_cpp
[ 20%] Built target actionlib_msgs_generate_messages_py
[ 20%] Built target roscpp_generate_messages_nodejs
[ 20%] Built target rosgraph_msgs_generate_messages_nodejs
[ 20%] Built target nav_msgs_generate_messages_lisp
[ 20%] Built target trajectory_msgs_generate_messages_eus
[ 20%] Built target roscpp_generate_messages_eus
[ 20%] Built target roscpp_generate_messages_py
[ 20%] Built target std_msgs_generate_messages_eus
[ 20%] Built target actionlib_msgs_generate_messages_nodejs
[ 20%] Built target rosgraph_msgs_generate_messages_cpp
[ 20%] Built target actionlib_msgs_generate_messages_lisp
[ 20%] Built target actionlib_generate_messages_eus
[ 20%] Built target tf_generate_messages_py
[ 20%] Built target trajectory_msgs_generate_messages_py
[ 20%] Built target tf_generate_messages_lisp
[ 20%] Built target dynamic_reconfigure_generate_messages_cpp
[ 20%] Built target nav_msgs_generate_messages_py
[ 20%] Built target geometry_msgs_generate_messages_nodejs
[ 20%] Built target mav_msgs_generate_messages_cpp
[ 20%] Built target mav_msgs_generate_messages_eus
[ 20%] Built target dynamic_reconfigure_generate_messages_eus
[ 20%] Built target tf2_msgs_generate_messages_cpp
[ 20%] Built target dynamic_reconfigure_gencfg
[ 20%] Built target dynamic_reconfigure_generate_messages_lisp
[ 20%] Built target tf2_msgs_generate_messages_py
[ 20%] Built target nav_msgs_generate_messages_nodejs
[ 20%] Built target dynamic_reconfigure_generate_messages_nodejs
[ 20%] Built target sensor_msgs_generate_messages_cpp
[ 40%] [32mBuilding CXX object CMakeFiles/pid_attitude_controller_lib.dir/src/PID_attitude_controller.cc.o[0m
[ 60%] [32m[1mLinking CXX shared library devel/lib/libpid_attitude_controller_lib.so[0m
[ 60%] Built target pid_attitude_controller_lib
[35m[1mScanning dependencies of target mav_pid_attitude_controller_node[0m
[ 80%] [32mBuilding CXX object CMakeFiles/mav_pid_attitude_controller_node.dir/src/PID_attitude_controller_node.cc.o[0m
[100%] [32m[1mLinking CXX executable devel/lib/mav_lowlevel_attitude_controller/mav_pid_attitude_controller_node[0m
[100%] Built target mav_pid_attitude_controller_node
