[0.396s] Invoking command in '/home/quinton/catkin_ws/src/build/mav_lowlevel_attitude_controller': CMAKE_PREFIX_PATH=/home/quinton/catkin_ws/src/install/mav_msgs:/home/quinton/catkin_ws/src/install/catkin_simple:${CMAKE_PREFIX_PATH} PKG_CONFIG_PATH=/home/quinton/catkin_ws/src/install/mav_msgs/lib/x86_64-linux-gnu/pkgconfig:/home/quinton/catkin_ws/src/install/mav_msgs/lib/pkgconfig:/home/quinton/catkin_ws/src/install/catkin_simple/lib/x86_64-linux-gnu/pkgconfig:/home/quinton/catkin_ws/src/install/catkin_simple/lib/pkgconfig:${PKG_CONFIG_PATH} PYTHONPATH=/home/quinton/catkin_ws/src/install/mav_msgs/lib/python3/dist-packages:${PYTHONPATH} ROS_PACKAGE_PATH=/home/quinton/catkin_ws/src/install/mav_msgs/share:/home/quinton/catkin_ws/src/install/catkin_simple/share:${ROS_PACKAGE_PATH} /usr/bin/cmake --build /home/quinton/catkin_ws/src/build/mav_lowlevel_attitude_controller -- -j16 -l16
[0.561s] [  0%] Built target tf_generate_messages_nodejs
[0.665s] [  0%] Built target actionlib_generate_messages_py
[0.674s] [  0%] Built target tf2_msgs_generate_messages_nodejs
[0.674s] [ 20%] Built target mav_lowlevel_attitude_controller_gencfg
[0.675s] [ 20%] Built target tf2_msgs_generate_messages_lisp
[0.692s] [ 20%] Built target tf2_msgs_generate_messages_eus
[0.692s] [ 20%] Built target sensor_msgs_generate_messages_nodejs
[0.697s] [ 20%] Built target actionlib_generate_messages_nodejs
[0.700s] [ 20%] Built target sensor_msgs_generate_messages_py
[0.741s] [ 20%] Built target sensor_msgs_generate_messages_lisp
[0.753s] [ 20%] Built target rosgraph_msgs_generate_messages_eus
[0.757s] [ 20%] Built target sensor_msgs_generate_messages_eus
[0.764s] [ 20%] Built target trajectory_msgs_generate_messages_lisp
[0.774s] [ 20%] Built target trajectory_msgs_generate_messages_nodejs
[0.779s] [ 20%] Built target geometry_msgs_generate_messages_eus
[0.781s] [ 20%] Built target nav_msgs_generate_messages_cpp
[0.783s] [ 20%] Built target geometry_msgs_generate_messages_py
[0.792s] [ 20%] Built target std_msgs_generate_messages_nodejs
[0.838s] [ 20%] Built target geometry_msgs_generate_messages_cpp
[0.874s] [ 20%] Built target geometry_msgs_generate_messages_lisp
[0.879s] [ 20%] Built target dynamic_reconfigure_generate_messages_py
[0.879s] [ 20%] Built target actionlib_generate_messages_lisp
[0.879s] [ 20%] Built target roscpp_generate_messages_lisp
[0.881s] [ 20%] Built target std_msgs_generate_messages_py
[0.881s] [ 20%] Built target std_msgs_generate_messages_lisp
[0.891s] [ 20%] Built target rosgraph_msgs_generate_messages_py
[0.895s] [ 20%] Built target actionlib_msgs_generate_messages_eus
[0.897s] [ 20%] Built target tf_generate_messages_cpp
[0.901s] [ 20%] Built target mav_msgs_generate_messages_lisp
[0.904s] [ 20%] Built target std_msgs_generate_messages_cpp
[0.964s] [ 20%] Built target rosgraph_msgs_generate_messages_lisp
[0.964s] [ 20%] Built target nav_msgs_generate_messages_eus
[0.971s] [ 20%] Built target tf_generate_messages_eus
[0.977s] [ 20%] Built target actionlib_generate_messages_cpp
[0.977s] [ 20%] Built target mav_msgs_generate_messages_py
[0.980s] [ 20%] Built target mav_msgs_generate_messages_nodejs
[1.008s] [ 20%] Built target roscpp_generate_messages_cpp
[1.017s] [ 20%] Built target trajectory_msgs_generate_messages_cpp
[1.034s] [ 20%] Built target actionlib_msgs_generate_messages_cpp
[1.035s] [ 20%] Built target actionlib_msgs_generate_messages_py
[1.041s] [ 20%] Built target roscpp_generate_messages_nodejs
[1.046s] [ 20%] Built target rosgraph_msgs_generate_messages_nodejs
[1.052s] [ 20%] Built target nav_msgs_generate_messages_lisp
[1.064s] [ 20%] Built target trajectory_msgs_generate_messages_eus
[1.068s] [ 20%] Built target roscpp_generate_messages_eus
[1.068s] [ 20%] Built target roscpp_generate_messages_py
[1.074s] [ 20%] Built target std_msgs_generate_messages_eus
[1.098s] [ 20%] Built target actionlib_msgs_generate_messages_nodejs
[1.103s] [ 20%] Built target rosgraph_msgs_generate_messages_cpp
[1.103s] [ 20%] Built target actionlib_msgs_generate_messages_lisp
[1.114s] [ 20%] Built target actionlib_generate_messages_eus
[1.119s] [ 20%] Built target tf_generate_messages_py
[1.120s] [ 20%] Built target trajectory_msgs_generate_messages_py
[1.120s] [ 20%] Built target tf_generate_messages_lisp
[1.120s] [ 20%] Built target dynamic_reconfigure_generate_messages_cpp
[1.120s] [ 20%] Built target nav_msgs_generate_messages_py
[1.142s] [ 20%] Built target geometry_msgs_generate_messages_nodejs
[1.143s] [ 20%] Built target mav_msgs_generate_messages_cpp
[1.145s] [ 20%] Built target mav_msgs_generate_messages_eus
[1.148s] [ 20%] Built target dynamic_reconfigure_generate_messages_eus
[1.148s] [ 20%] Built target tf2_msgs_generate_messages_cpp
[1.162s] [ 20%] Built target dynamic_reconfigure_gencfg
[1.167s] [ 20%] Built target dynamic_reconfigure_generate_messages_lisp
[1.181s] [ 20%] Built target tf2_msgs_generate_messages_py
[1.189s] [ 20%] Built target nav_msgs_generate_messages_nodejs
[1.189s] [ 20%] Built target dynamic_reconfigure_generate_messages_nodejs
[1.189s] [ 20%] Built target sensor_msgs_generate_messages_cpp
[1.214s] [ 40%] [32mBuilding CXX object CMakeFiles/pid_attitude_controller_lib.dir/src/PID_attitude_controller.cc.o[0m
[63.722s] [ 60%] [32m[1mLinking CXX shared library devel/lib/libpid_attitude_controller_lib.so[0m
[63.937s] [ 60%] Built target pid_attitude_controller_lib
[63.958s] [35m[1mScanning dependencies of target mav_pid_attitude_controller_node[0m
[64.014s] [ 80%] [32mBuilding CXX object CMakeFiles/mav_pid_attitude_controller_node.dir/src/PID_attitude_controller_node.cc.o[0m
[75.797s] [100%] [32m[1mLinking CXX executable devel/lib/mav_lowlevel_attitude_controller/mav_pid_attitude_controller_node[0m
[76.052s] [100%] Built target mav_pid_attitude_controller_node
