-- The C compiler identification is GNU 9.4.0
-- The CXX compiler identification is GNU 9.4.0
-- Check for working C compiler: /usr/bin/cc
-- Check for working C compiler: /usr/bin/cc -- works
-- Detecting C compiler ABI info
-- Detecting C compiler ABI info - done
-- Detecting C compile features
-- Detecting C compile features - done
-- Check for working CXX compiler: /usr/bin/c++
-- Check for working CXX compiler: /usr/bin/c++ -- works
-- Detecting CXX compiler ABI info
-- Detecting CXX compiler ABI info - done
-- Detecting CXX compile features
-- Detecting CXX compile features - done
-- Using CATKIN_DEVEL_PREFIX: /home/quinton/catkin_ws/src/build/mav_state_machine_msgs/devel
-- Using CMAKE_PREFIX_PATH: /home/quinton/catkin_ws/devel;/opt/ros/noetic
-- This workspace overlays: /home/quinton/catkin_ws/devel;/opt/ros/noetic
-- Found PythonInterp: /usr/bin/python3 (found suitable version "3.8.10", minimum required is "3") 
-- Using PYTHON_EXECUTABLE: /usr/bin/python3
-- Using Debian Python package layout
-- Found PY_em: /usr/lib/python3/dist-packages/em.py  
-- Using empy: /usr/lib/python3/dist-packages/em.py
-- Using CATKIN_ENABLE_TESTING: ON
-- Call enable_testing()
-- Using CATKIN_TEST_RESULTS_DIR: /home/quinton/catkin_ws/src/build/mav_state_machine_msgs/test_results
-- Forcing gtest/gmock from source, though one was otherwise available.
-- Found gtest sources under '/usr/src/googletest': gtests will be built
-- Found gmock sources under '/usr/src/googletest': gmock will be built
-- Found PythonInterp: /usr/bin/python3 (found version "3.8.10") 
-- Found Threads: TRUE  
-- Using Python nosetests: /usr/bin/nosetests3
-- catkin 0.8.10
-- BUILD_SHARED_LIBS is on
-- Using these message generators: gencpp;geneus;genlisp;gennodejs;genpy
-- mav_state_machine_msgs: 1 messages, 1 services
-- Configuring done
-- Generating done
-- Build files have been written to: /home/quinton/catkin_ws/src/build/mav_state_machine_msgs
[35m[1mScanning dependencies of target _mav_state_machine_msgs_generate_messages_check_deps_StartStopTask[0m
[35m[1mScanning dependencies of target _mav_state_machine_msgs_generate_messages_check_deps_RunTaskService[0m
[35m[1mScanning dependencies of target std_msgs_generate_messages_lisp[0m
[35m[1mScanning dependencies of target std_msgs_generate_messages_py[0m
[35m[1mScanning dependencies of target std_msgs_generate_messages_eus[0m
[35m[1mScanning dependencies of target std_msgs_generate_messages_nodejs[0m
[35m[1mScanning dependencies of target std_msgs_generate_messages_cpp[0m
[  0%] Built target std_msgs_generate_messages_lisp
[  0%] Built target std_msgs_generate_messages_nodejs
[  0%] Built target std_msgs_generate_messages_eus
[  0%] Built target std_msgs_generate_messages_py
[  0%] Built target std_msgs_generate_messages_cpp
[  0%] Built target _mav_state_machine_msgs_generate_messages_check_deps_RunTaskService
[  0%] Built target _mav_state_machine_msgs_generate_messages_check_deps_StartStopTask
[35m[1mScanning dependencies of target mav_state_machine_msgs_generate_messages_eus[0m
[35m[1mScanning dependencies of target mav_state_machine_msgs_generate_messages_cpp[0m
[35m[1mScanning dependencies of target mav_state_machine_msgs_generate_messages_py[0m
[  7%] [34m[1mGenerating C++ code from mav_state_machine_msgs/StartStopTask.msg[0m
[35m[1mScanning dependencies of target mav_state_machine_msgs_generate_messages_lisp[0m
[ 15%] [34m[1mGenerating C++ code from mav_state_machine_msgs/RunTaskService.srv[0m
[35m[1mScanning dependencies of target mav_state_machine_msgs_generate_messages_nodejs[0m
[ 23%] [34m[1mGenerating EusLisp code from mav_state_machine_msgs/RunTaskService.srv[0m
[ 30%] [34m[1mGenerating EusLisp code from mav_state_machine_msgs/StartStopTask.msg[0m
[ 38%] [34m[1mGenerating EusLisp manifest code for mav_state_machine_msgs[0m
[ 46%] [34m[1mGenerating Lisp code from mav_state_machine_msgs/StartStopTask.msg[0m
[ 53%] [34m[1mGenerating Lisp code from mav_state_machine_msgs/RunTaskService.srv[0m
[ 61%] [34m[1mGenerating Python code from SRV mav_state_machine_msgs/RunTaskService[0m
[ 69%] [34m[1mGenerating Python from MSG mav_state_machine_msgs/StartStopTask[0m
[ 76%] [34m[1mGenerating Javascript code from mav_state_machine_msgs/StartStopTask.msg[0m
[ 84%] [34m[1mGenerating Javascript code from mav_state_machine_msgs/RunTaskService.srv[0m
[ 84%] Built target mav_state_machine_msgs_generate_messages_nodejs
[ 84%] Built target mav_state_machine_msgs_generate_messages_lisp
[ 84%] Built target mav_state_machine_msgs_generate_messages_cpp
[ 92%] [34m[1mGenerating Python srv __init__.py for mav_state_machine_msgs[0m
[100%] [34m[1mGenerating Python msg __init__.py for mav_state_machine_msgs[0m
[100%] Built target mav_state_machine_msgs_generate_messages_py
[100%] Built target mav_state_machine_msgs_generate_messages_eus
[35m[1mScanning dependencies of target mav_state_machine_msgs_generate_messages[0m
[100%] Built target mav_state_machine_msgs_generate_messages
[35m[1mScanning dependencies of target tests[0m
Built target tests
-- Install configuration: ""
-- Installing: /home/quinton/catkin_ws/src/install/mav_state_machine_msgs/share/mav_state_machine_msgs/msg/StartStopTask.msg
-- Installing: /home/quinton/catkin_ws/src/install/mav_state_machine_msgs/share/mav_state_machine_msgs/srv/RunTaskService.srv
-- Installing: /home/quinton/catkin_ws/src/install/mav_state_machine_msgs/share/mav_state_machine_msgs/cmake/mav_state_machine_msgs-msg-paths.cmake
-- Installing: /home/quinton/catkin_ws/src/install/mav_state_machine_msgs/include/mav_state_machine_msgs
-- Installing: /home/quinton/catkin_ws/src/install/mav_state_machine_msgs/include/mav_state_machine_msgs/RunTaskServiceResponse.h
-- Installing: /home/quinton/catkin_ws/src/install/mav_state_machine_msgs/include/mav_state_machine_msgs/RunTaskService.h
-- Installing: /home/quinton/catkin_ws/src/install/mav_state_machine_msgs/include/mav_state_machine_msgs/StartStopTask.h
-- Installing: /home/quinton/catkin_ws/src/install/mav_state_machine_msgs/include/mav_state_machine_msgs/RunTaskServiceRequest.h
-- Installing: /home/quinton/catkin_ws/src/install/mav_state_machine_msgs/share/roseus/ros/mav_state_machine_msgs
-- Installing: /home/quinton/catkin_ws/src/install/mav_state_machine_msgs/share/roseus/ros/mav_state_machine_msgs/manifest.l
-- Installing: /home/quinton/catkin_ws/src/install/mav_state_machine_msgs/share/roseus/ros/mav_state_machine_msgs/srv
-- Installing: /home/quinton/catkin_ws/src/install/mav_state_machine_msgs/share/roseus/ros/mav_state_machine_msgs/srv/RunTaskService.l
-- Installing: /home/quinton/catkin_ws/src/install/mav_state_machine_msgs/share/roseus/ros/mav_state_machine_msgs/msg
-- Installing: /home/quinton/catkin_ws/src/install/mav_state_machine_msgs/share/roseus/ros/mav_state_machine_msgs/msg/StartStopTask.l
-- Installing: /home/quinton/catkin_ws/src/install/mav_state_machine_msgs/share/common-lisp/ros/mav_state_machine_msgs
-- Installing: /home/quinton/catkin_ws/src/install/mav_state_machine_msgs/share/common-lisp/ros/mav_state_machine_msgs/srv
-- Installing: /home/quinton/catkin_ws/src/install/mav_state_machine_msgs/share/common-lisp/ros/mav_state_machine_msgs/srv/RunTaskService.lisp
-- Installing: /home/quinton/catkin_ws/src/install/mav_state_machine_msgs/share/common-lisp/ros/mav_state_machine_msgs/srv/_package.lisp
-- Installing: /home/quinton/catkin_ws/src/install/mav_state_machine_msgs/share/common-lisp/ros/mav_state_machine_msgs/srv/_package_RunTaskService.lisp
-- Installing: /home/quinton/catkin_ws/src/install/mav_state_machine_msgs/share/common-lisp/ros/mav_state_machine_msgs/srv/mav_state_machine_msgs-srv.asd
-- Installing: /home/quinton/catkin_ws/src/install/mav_state_machine_msgs/share/common-lisp/ros/mav_state_machine_msgs/msg
-- Installing: /home/quinton/catkin_ws/src/install/mav_state_machine_msgs/share/common-lisp/ros/mav_state_machine_msgs/msg/_package.lisp
-- Installing: /home/quinton/catkin_ws/src/install/mav_state_machine_msgs/share/common-lisp/ros/mav_state_machine_msgs/msg/mav_state_machine_msgs-msg.asd
-- Installing: /home/quinton/catkin_ws/src/install/mav_state_machine_msgs/share/common-lisp/ros/mav_state_machine_msgs/msg/_package_StartStopTask.lisp
-- Installing: /home/quinton/catkin_ws/src/install/mav_state_machine_msgs/share/common-lisp/ros/mav_state_machine_msgs/msg/StartStopTask.lisp
-- Installing: /home/quinton/catkin_ws/src/install/mav_state_machine_msgs/share/gennodejs/ros/mav_state_machine_msgs
-- Installing: /home/quinton/catkin_ws/src/install/mav_state_machine_msgs/share/gennodejs/ros/mav_state_machine_msgs/srv
-- Installing: /home/quinton/catkin_ws/src/install/mav_state_machine_msgs/share/gennodejs/ros/mav_state_machine_msgs/srv/RunTaskService.js
-- Installing: /home/quinton/catkin_ws/src/install/mav_state_machine_msgs/share/gennodejs/ros/mav_state_machine_msgs/srv/_index.js
-- Installing: /home/quinton/catkin_ws/src/install/mav_state_machine_msgs/share/gennodejs/ros/mav_state_machine_msgs/_index.js
-- Installing: /home/quinton/catkin_ws/src/install/mav_state_machine_msgs/share/gennodejs/ros/mav_state_machine_msgs/msg
-- Installing: /home/quinton/catkin_ws/src/install/mav_state_machine_msgs/share/gennodejs/ros/mav_state_machine_msgs/msg/_index.js
-- Installing: /home/quinton/catkin_ws/src/install/mav_state_machine_msgs/share/gennodejs/ros/mav_state_machine_msgs/msg/StartStopTask.js
Listing '/home/quinton/catkin_ws/src/build/mav_state_machine_msgs/devel/lib/python3/dist-packages/mav_state_machine_msgs'...
Compiling '/home/quinton/catkin_ws/src/build/mav_state_machine_msgs/devel/lib/python3/dist-packages/mav_state_machine_msgs/__init__.py'...
Listing '/home/quinton/catkin_ws/src/build/mav_state_machine_msgs/devel/lib/python3/dist-packages/mav_state_machine_msgs/msg'...
Compiling '/home/quinton/catkin_ws/src/build/mav_state_machine_msgs/devel/lib/python3/dist-packages/mav_state_machine_msgs/msg/_StartStopTask.py'...
Compiling '/home/quinton/catkin_ws/src/build/mav_state_machine_msgs/devel/lib/python3/dist-packages/mav_state_machine_msgs/msg/__init__.py'...
Listing '/home/quinton/catkin_ws/src/build/mav_state_machine_msgs/devel/lib/python3/dist-packages/mav_state_machine_msgs/srv'...
Compiling '/home/quinton/catkin_ws/src/build/mav_state_machine_msgs/devel/lib/python3/dist-packages/mav_state_machine_msgs/srv/_RunTaskService.py'...
Compiling '/home/quinton/catkin_ws/src/build/mav_state_machine_msgs/devel/lib/python3/dist-packages/mav_state_machine_msgs/srv/__init__.py'...
-- Installing: /home/quinton/catkin_ws/src/install/mav_state_machine_msgs/lib/python3/dist-packages/mav_state_machine_msgs
-- Installing: /home/quinton/catkin_ws/src/install/mav_state_machine_msgs/lib/python3/dist-packages/mav_state_machine_msgs/srv
-- Installing: /home/quinton/catkin_ws/src/install/mav_state_machine_msgs/lib/python3/dist-packages/mav_state_machine_msgs/srv/__pycache__
-- Installing: /home/quinton/catkin_ws/src/install/mav_state_machine_msgs/lib/python3/dist-packages/mav_state_machine_msgs/srv/__pycache__/__init__.cpython-38.pyc
-- Installing: /home/quinton/catkin_ws/src/install/mav_state_machine_msgs/lib/python3/dist-packages/mav_state_machine_msgs/srv/__pycache__/_RunTaskService.cpython-38.pyc
-- Installing: /home/quinton/catkin_ws/src/install/mav_state_machine_msgs/lib/python3/dist-packages/mav_state_machine_msgs/srv/_RunTaskService.py
-- Installing: /home/quinton/catkin_ws/src/install/mav_state_machine_msgs/lib/python3/dist-packages/mav_state_machine_msgs/srv/__init__.py
-- Installing: /home/quinton/catkin_ws/src/install/mav_state_machine_msgs/lib/python3/dist-packages/mav_state_machine_msgs/__pycache__
-- Installing: /home/quinton/catkin_ws/src/install/mav_state_machine_msgs/lib/python3/dist-packages/mav_state_machine_msgs/__pycache__/__init__.cpython-38.pyc
-- Installing: /home/quinton/catkin_ws/src/install/mav_state_machine_msgs/lib/python3/dist-packages/mav_state_machine_msgs/__init__.py
-- Installing: /home/quinton/catkin_ws/src/install/mav_state_machine_msgs/lib/python3/dist-packages/mav_state_machine_msgs/msg
-- Installing: /home/quinton/catkin_ws/src/install/mav_state_machine_msgs/lib/python3/dist-packages/mav_state_machine_msgs/msg/__pycache__
-- Installing: /home/quinton/catkin_ws/src/install/mav_state_machine_msgs/lib/python3/dist-packages/mav_state_machine_msgs/msg/__pycache__/__init__.cpython-38.pyc
-- Installing: /home/quinton/catkin_ws/src/install/mav_state_machine_msgs/lib/python3/dist-packages/mav_state_machine_msgs/msg/__pycache__/_StartStopTask.cpython-38.pyc
-- Installing: /home/quinton/catkin_ws/src/install/mav_state_machine_msgs/lib/python3/dist-packages/mav_state_machine_msgs/msg/_StartStopTask.py
-- Installing: /home/quinton/catkin_ws/src/install/mav_state_machine_msgs/lib/python3/dist-packages/mav_state_machine_msgs/msg/__init__.py
-- Installing: /home/quinton/catkin_ws/src/install/mav_state_machine_msgs/lib/pkgconfig/mav_state_machine_msgs.pc
-- Installing: /home/quinton/catkin_ws/src/install/mav_state_machine_msgs/share/mav_state_machine_msgs/cmake/mav_state_machine_msgs-msg-extras.cmake
-- Installing: /home/quinton/catkin_ws/src/install/mav_state_machine_msgs/share/mav_state_machine_msgs/cmake/mav_state_machine_msgsConfig.cmake
-- Installing: /home/quinton/catkin_ws/src/install/mav_state_machine_msgs/share/mav_state_machine_msgs/cmake/mav_state_machine_msgsConfig-version.cmake
-- Installing: /home/quinton/catkin_ws/src/install/mav_state_machine_msgs/share/mav_state_machine_msgs/package.xml
