-- The C compiler identification is GNU 9.4.0
-- The CXX compiler identification is GNU 9.4.0
-- Check for working C compiler: /usr/bin/cc
-- Check for working C compiler: /usr/bin/cc -- works
-- Detecting C compiler ABI info
-- Detecting C compiler ABI info - done
-- Detecting C compile features
-- Detecting C compile features - done
-- Check for working CXX compiler: /usr/bin/c++
-- Check for working CXX compiler: /usr/bin/c++ -- works
-- Detecting CXX compiler ABI info
-- Detecting CXX compiler ABI info - done
-- Detecting CXX compile features
-- Detecting CXX compile features - done
-- Using CATKIN_DEVEL_PREFIX: /home/quinton/catkin_ws/src/build/rotors_description/devel
-- Using CMAKE_PREFIX_PATH: /home/quinton/catkin_ws/devel;/opt/ros/noetic
-- This workspace overlays: /home/quinton/catkin_ws/devel;/opt/ros/noetic
-- Found PythonInterp: /usr/bin/python3 (found suitable version "3.8.10", minimum required is "3") 
-- Using PYTHON_EXECUTABLE: /usr/bin/python3
-- Using Debian Python package layout
-- Found PY_em: /usr/lib/python3/dist-packages/em.py  
-- Using empy: /usr/lib/python3/dist-packages/em.py
-- Using CATKIN_ENABLE_TESTING: ON
-- Call enable_testing()
-- Using CATKIN_TEST_RESULTS_DIR: /home/quinton/catkin_ws/src/build/rotors_description/test_results
-- Forcing gtest/gmock from source, though one was otherwise available.
-- Found gtest sources under '/usr/src/googletest': gtests will be built
-- Found gmock sources under '/usr/src/googletest': gmock will be built
-- Found PythonInterp: /usr/bin/python3 (found version "3.8.10") 
-- Found Threads: TRUE  
-- Using Python nosetests: /usr/bin/nosetests3
-- catkin 0.8.10
-- BUILD_SHARED_LIBS is on
-- Configuring done
-- Generating done
-- Build files have been written to: /home/quinton/catkin_ws/src/build/rotors_description
[35m[1mScanning dependencies of target tests[0m
Built target tests
-- Install configuration: ""
-- Installing: /home/quinton/catkin_ws/src/install/rotors_description/lib/pkgconfig/rotors_description.pc
-- Installing: /home/quinton/catkin_ws/src/install/rotors_description/share/rotors_description/cmake/rotors_descriptionConfig.cmake
-- Installing: /home/quinton/catkin_ws/src/install/rotors_description/share/rotors_description/cmake/rotors_descriptionConfig-version.cmake
-- Installing: /home/quinton/catkin_ws/src/install/rotors_description/share/rotors_description/package.xml
-- Installing: /home/quinton/catkin_ws/src/install/rotors_description/share/rotors_description/launch
-- Installing: /home/quinton/catkin_ws/src/install/rotors_description/share/rotors_description/launch/xacrodisplay_pelican_base.launch
-- Installing: /home/quinton/catkin_ws/src/install/rotors_description/share/rotors_description/launch/xacrodisplay_techpod.launch
-- Installing: /home/quinton/catkin_ws/src/install/rotors_description/share/rotors_description/meshes
-- Installing: /home/quinton/catkin_ws/src/install/rotors_description/share/rotors_description/meshes/d435_simple.dae
-- Installing: /home/quinton/catkin_ws/src/install/rotors_description/share/rotors_description/meshes/vi_sensor.png
-- Installing: /home/quinton/catkin_ws/src/install/rotors_description/share/rotors_description/meshes/ardrone.dae
-- Installing: /home/quinton/catkin_ws/src/install/rotors_description/share/rotors_description/meshes/vi_camera.dae
-- Installing: /home/quinton/catkin_ws/src/install/rotors_description/share/rotors_description/meshes/firefly.ply
-- Installing: /home/quinton/catkin_ws/src/install/rotors_description/share/rotors_description/meshes/techpod
-- Installing: /home/quinton/catkin_ws/src/install/rotors_description/share/rotors_description/meshes/techpod/techpod_elevator.dae
-- Installing: /home/quinton/catkin_ws/src/install/rotors_description/share/rotors_description/meshes/techpod/techpod_aileron_left.dae
-- Installing: /home/quinton/catkin_ws/src/install/rotors_description/share/rotors_description/meshes/techpod/techpod_body.dae
-- Installing: /home/quinton/catkin_ws/src/install/rotors_description/share/rotors_description/meshes/techpod/techpod_flap_left.dae
-- Installing: /home/quinton/catkin_ws/src/install/rotors_description/share/rotors_description/meshes/techpod/techpod_rudder.dae
-- Installing: /home/quinton/catkin_ws/src/install/rotors_description/share/rotors_description/meshes/techpod/techpod_aileron_right.dae
-- Installing: /home/quinton/catkin_ws/src/install/rotors_description/share/rotors_description/meshes/techpod/techpod_flap_right.dae
-- Installing: /home/quinton/catkin_ws/src/install/rotors_description/share/rotors_description/meshes/iris.dae
-- Installing: /home/quinton/catkin_ws/src/install/rotors_description/share/rotors_description/meshes/propeller_ccw.dae
-- Installing: /home/quinton/catkin_ws/src/install/rotors_description/share/rotors_description/meshes/pelican.dae
-- Installing: /home/quinton/catkin_ws/src/install/rotors_description/share/rotors_description/meshes/omav
-- Installing: /home/quinton/catkin_ws/src/install/rotors_description/share/rotors_description/meshes/omav/omav_core.dae
-- Installing: /home/quinton/catkin_ws/src/install/rotors_description/share/rotors_description/meshes/omav/omav_tiltarm.dae
-- Installing: /home/quinton/catkin_ws/src/install/rotors_description/share/rotors_description/meshes/propeller_cw.dae
-- Installing: /home/quinton/catkin_ws/src/install/rotors_description/share/rotors_description/meshes/neo9_propeller_ccw.dae
-- Installing: /home/quinton/catkin_ws/src/install/rotors_description/share/rotors_description/meshes/neo11.dae
-- Installing: /home/quinton/catkin_ws/src/install/rotors_description/share/rotors_description/meshes/neo11_propeller_cw.dae
-- Installing: /home/quinton/catkin_ws/src/install/rotors_description/share/rotors_description/meshes/neo9_propeller_cw.dae
-- Installing: /home/quinton/catkin_ws/src/install/rotors_description/share/rotors_description/meshes/vi_camera.png
-- Installing: /home/quinton/catkin_ws/src/install/rotors_description/share/rotors_description/meshes/neo9.dae
-- Installing: /home/quinton/catkin_ws/src/install/rotors_description/share/rotors_description/meshes/vi_sensor.dae
-- Installing: /home/quinton/catkin_ws/src/install/rotors_description/share/rotors_description/meshes/neo11_propeller_ccw.dae
-- Installing: /home/quinton/catkin_ws/src/install/rotors_description/share/rotors_description/meshes/firefly.dae
-- Installing: /home/quinton/catkin_ws/src/install/rotors_description/share/rotors_description/meshes/hummingbird.dae
-- Installing: /home/quinton/catkin_ws/src/install/rotors_description/share/rotors_description/urdf
-- Installing: /home/quinton/catkin_ws/src/install/rotors_description/share/rotors_description/urdf/hummingbird_base.xacro
-- Installing: /home/quinton/catkin_ws/src/install/rotors_description/share/rotors_description/urdf/iris_base.xacro
-- Installing: /home/quinton/catkin_ws/src/install/rotors_description/share/rotors_description/urdf/omav.xacro
-- Installing: /home/quinton/catkin_ws/src/install/rotors_description/share/rotors_description/urdf/neo11_base.xacro
-- Installing: /home/quinton/catkin_ws/src/install/rotors_description/share/rotors_description/urdf/asymmetric_quadrotor_base.xacro
-- Installing: /home/quinton/catkin_ws/src/install/rotors_description/share/rotors_description/urdf/firefly_two_generic_pose_sensors.gazebo
-- Installing: /home/quinton/catkin_ws/src/install/rotors_description/share/rotors_description/urdf/ardrone.xacro
-- Installing: /home/quinton/catkin_ws/src/install/rotors_description/share/rotors_description/urdf/mav_generic_odometry_sensor.gazebo
-- Installing: /home/quinton/catkin_ws/src/install/rotors_description/share/rotors_description/urdf/pelican.xacro
-- Installing: /home/quinton/catkin_ws/src/install/rotors_description/share/rotors_description/urdf/pelican_base.xacro
-- Installing: /home/quinton/catkin_ws/src/install/rotors_description/share/rotors_description/urdf/component_snippets.xacro
-- Installing: /home/quinton/catkin_ws/src/install/rotors_description/share/rotors_description/urdf/techpod.xacro
-- Installing: /home/quinton/catkin_ws/src/install/rotors_description/share/rotors_description/urdf/omav_base.xacro
-- Installing: /home/quinton/catkin_ws/src/install/rotors_description/share/rotors_description/urdf/overactuated_base.xacro
-- Installing: /home/quinton/catkin_ws/src/install/rotors_description/share/rotors_description/urdf/neo9.xacro
-- Installing: /home/quinton/catkin_ws/src/install/rotors_description/share/rotors_description/urdf/mav_with_vi_sensor.gazebo
-- Installing: /home/quinton/catkin_ws/src/install/rotors_description/share/rotors_description/urdf/asymmetric_quadrotor.xacro
-- Installing: /home/quinton/catkin_ws/src/install/rotors_description/share/rotors_description/urdf/multirotor_base.xacro
-- Installing: /home/quinton/catkin_ws/src/install/rotors_description/share/rotors_description/urdf/vi_sensor_base.xacro
-- Installing: /home/quinton/catkin_ws/src/install/rotors_description/share/rotors_description/urdf/iris.xacro
-- Installing: /home/quinton/catkin_ws/src/install/rotors_description/share/rotors_description/urdf/mav_with_wind_gust.gazebo
-- Installing: /home/quinton/catkin_ws/src/install/rotors_description/share/rotors_description/urdf/neo11.xacro
-- Installing: /home/quinton/catkin_ws/src/install/rotors_description/share/rotors_description/urdf/rgbd_base.xacro
-- Installing: /home/quinton/catkin_ws/src/install/rotors_description/share/rotors_description/urdf/asymmetric_quadrotor_two_cameras.gazebo
-- Installing: /home/quinton/catkin_ws/src/install/rotors_description/share/rotors_description/urdf/neo9_base.xacro
-- Installing: /home/quinton/catkin_ws/src/install/rotors_description/share/rotors_description/urdf/techpod_base.xacro
-- Installing: /home/quinton/catkin_ws/src/install/rotors_description/share/rotors_description/urdf/firefly.xacro
-- Installing: /home/quinton/catkin_ws/src/install/rotors_description/share/rotors_description/urdf/ardrone_base.xacro
-- Installing: /home/quinton/catkin_ws/src/install/rotors_description/share/rotors_description/urdf/pmd_monstar.xacro
-- Installing: /home/quinton/catkin_ws/src/install/rotors_description/share/rotors_description/urdf/fixed_wing_base.xacro
-- Installing: /home/quinton/catkin_ws/src/install/rotors_description/share/rotors_description/urdf/firefly_base.xacro
-- Installing: /home/quinton/catkin_ws/src/install/rotors_description/share/rotors_description/urdf/neo9_vi_sensor.gazebo
-- Installing: /home/quinton/catkin_ws/src/install/rotors_description/share/rotors_description/urdf/firefly_generic_pose_sensor.gazebo
-- Installing: /home/quinton/catkin_ws/src/install/rotors_description/share/rotors_description/urdf/hummingbird.xacro
-- Installing: /home/quinton/catkin_ws/src/install/rotors_description/share/rotors_description/urdf/neo11_vi_sensor.gazebo
