[0.290s] Invoking command in '/home/quinton/catkin_ws/src/build/rotors_description': /usr/bin/cmake /home/quinton/catkin_ws/src/rotors_simulator/rotors_description -DCATKIN_INSTALL_INTO_PREFIX_ROOT=0 -DCMAKE_INSTALL_PREFIX=/home/quinton/catkin_ws/src/install/rotors_description
[0.488s] -- The C compiler identification is GNU 9.4.0
[0.677s] -- The CXX compiler identification is GNU 9.4.0
[0.738s] -- Check for working C compiler: /usr/bin/cc
[0.863s] -- Check for working C compiler: /usr/bin/cc -- works
[0.864s] -- Detecting C compiler ABI info
[0.993s] -- Detecting C compiler ABI info - done
[1.011s] -- Detecting C compile features
[1.012s] -- Detecting C compile features - done
[1.017s] -- Check for working CXX compiler: /usr/bin/c++
[1.159s] -- Check for working CXX compiler: /usr/bin/c++ -- works
[1.160s] -- Detecting CXX compiler ABI info
[1.294s] -- Detecting CXX compiler ABI info - done
[1.312s] -- Detecting CXX compile features
[1.313s] -- Detecting CXX compile features - done
[1.316s] -- Using CATKIN_DEVEL_PREFIX: /home/quinton/catkin_ws/src/build/rotors_description/devel
[1.316s] -- Using CMAKE_PREFIX_PATH: /home/quinton/catkin_ws/devel;/opt/ros/noetic
[1.316s] -- This workspace overlays: /home/quinton/catkin_ws/devel;/opt/ros/noetic
[1.344s] -- Found PythonInterp: /usr/bin/python3 (found suitable version "3.8.10", minimum required is "3") 
[1.344s] -- Using PYTHON_EXECUTABLE: /usr/bin/python3
[1.344s] -- Using Debian Python package layout
[1.408s] -- Found PY_em: /usr/lib/python3/dist-packages/em.py  
[1.408s] -- Using empy: /usr/lib/python3/dist-packages/em.py
[1.567s] -- Using CATKIN_ENABLE_TESTING: ON
[1.567s] -- Call enable_testing()
[1.569s] -- Using CATKIN_TEST_RESULTS_DIR: /home/quinton/catkin_ws/src/build/rotors_description/test_results
[3.742s] -- Forcing gtest/gmock from source, though one was otherwise available.
[3.743s] -- Found gtest sources under '/usr/src/googletest': gtests will be built
[3.743s] -- Found gmock sources under '/usr/src/googletest': gmock will be built
[3.812s] -- Found PythonInterp: /usr/bin/python3 (found version "3.8.10") 
[3.815s] -- Found Threads: TRUE  
[3.873s] -- Using Python nosetests: /usr/bin/nosetests3
[4.020s] -- catkin 0.8.10
[4.020s] -- BUILD_SHARED_LIBS is on
[4.469s] -- Configuring done
[4.480s] -- Generating done
[4.483s] -- Build files have been written to: /home/quinton/catkin_ws/src/build/rotors_description
[4.503s] Invoked command in '/home/quinton/catkin_ws/src/build/rotors_description' returned '0': /usr/bin/cmake /home/quinton/catkin_ws/src/rotors_simulator/rotors_description -DCATKIN_INSTALL_INTO_PREFIX_ROOT=0 -DCMAKE_INSTALL_PREFIX=/home/quinton/catkin_ws/src/install/rotors_description
[4.505s] Invoking command in '/home/quinton/catkin_ws/src/build/rotors_description': /usr/bin/cmake --build /home/quinton/catkin_ws/src/build/rotors_description -- -j16 -l16
[4.556s] Invoked command in '/home/quinton/catkin_ws/src/build/rotors_description' returned '0': /usr/bin/cmake --build /home/quinton/catkin_ws/src/build/rotors_description -- -j16 -l16
[4.585s] Invoking command in '/home/quinton/catkin_ws/src/build/rotors_description': /usr/bin/cmake --build /home/quinton/catkin_ws/src/build/rotors_description --target tests -- -j16 -l16
[4.646s] [35m[1mScanning dependencies of target tests[0m
[4.659s] Built target tests
[4.675s] Invoked command in '/home/quinton/catkin_ws/src/build/rotors_description' returned '0': /usr/bin/cmake --build /home/quinton/catkin_ws/src/build/rotors_description --target tests -- -j16 -l16
[4.730s] Invoking command in '/home/quinton/catkin_ws/src/build/rotors_description': /usr/bin/cmake --install /home/quinton/catkin_ws/src/build/rotors_description
[4.741s] -- Install configuration: ""
[4.742s] -- Installing: /home/quinton/catkin_ws/src/install/rotors_description/lib/pkgconfig/rotors_description.pc
[4.742s] -- Installing: /home/quinton/catkin_ws/src/install/rotors_description/share/rotors_description/cmake/rotors_descriptionConfig.cmake
[4.742s] -- Installing: /home/quinton/catkin_ws/src/install/rotors_description/share/rotors_description/cmake/rotors_descriptionConfig-version.cmake
[4.742s] -- Installing: /home/quinton/catkin_ws/src/install/rotors_description/share/rotors_description/package.xml
[4.742s] -- Installing: /home/quinton/catkin_ws/src/install/rotors_description/share/rotors_description/launch
[4.742s] -- Installing: /home/quinton/catkin_ws/src/install/rotors_description/share/rotors_description/launch/xacrodisplay_pelican_base.launch
[4.743s] -- Installing: /home/quinton/catkin_ws/src/install/rotors_description/share/rotors_description/launch/xacrodisplay_techpod.launch
[4.743s] -- Installing: /home/quinton/catkin_ws/src/install/rotors_description/share/rotors_description/meshes
[4.744s] -- Installing: /home/quinton/catkin_ws/src/install/rotors_description/share/rotors_description/meshes/d435_simple.dae
[4.754s] -- Installing: /home/quinton/catkin_ws/src/install/rotors_description/share/rotors_description/meshes/vi_sensor.png
[4.755s] -- Installing: /home/quinton/catkin_ws/src/install/rotors_description/share/rotors_description/meshes/ardrone.dae
[4.806s] -- Installing: /home/quinton/catkin_ws/src/install/rotors_description/share/rotors_description/meshes/vi_camera.dae
[4.806s] -- Installing: /home/quinton/catkin_ws/src/install/rotors_description/share/rotors_description/meshes/firefly.ply
[4.811s] -- Installing: /home/quinton/catkin_ws/src/install/rotors_description/share/rotors_description/meshes/techpod
[4.811s] -- Installing: /home/quinton/catkin_ws/src/install/rotors_description/share/rotors_description/meshes/techpod/techpod_elevator.dae
[4.811s] -- Installing: /home/quinton/catkin_ws/src/install/rotors_description/share/rotors_description/meshes/techpod/techpod_aileron_left.dae
[4.815s] -- Installing: /home/quinton/catkin_ws/src/install/rotors_description/share/rotors_description/meshes/techpod/techpod_body.dae
[4.831s] -- Installing: /home/quinton/catkin_ws/src/install/rotors_description/share/rotors_description/meshes/techpod/techpod_flap_left.dae
[4.831s] -- Installing: /home/quinton/catkin_ws/src/install/rotors_description/share/rotors_description/meshes/techpod/techpod_rudder.dae
[4.832s] -- Installing: /home/quinton/catkin_ws/src/install/rotors_description/share/rotors_description/meshes/techpod/techpod_aileron_right.dae
[4.833s] -- Installing: /home/quinton/catkin_ws/src/install/rotors_description/share/rotors_description/meshes/techpod/techpod_flap_right.dae
[4.833s] -- Installing: /home/quinton/catkin_ws/src/install/rotors_description/share/rotors_description/meshes/iris.dae
[4.891s] -- Installing: /home/quinton/catkin_ws/src/install/rotors_description/share/rotors_description/meshes/propeller_ccw.dae
[4.892s] -- Installing: /home/quinton/catkin_ws/src/install/rotors_description/share/rotors_description/meshes/pelican.dae
[4.894s] -- Installing: /home/quinton/catkin_ws/src/install/rotors_description/share/rotors_description/meshes/omav
[4.894s] -- Installing: /home/quinton/catkin_ws/src/install/rotors_description/share/rotors_description/meshes/omav/omav_core.dae
[4.896s] -- Installing: /home/quinton/catkin_ws/src/install/rotors_description/share/rotors_description/meshes/omav/omav_tiltarm.dae
[4.901s] -- Installing: /home/quinton/catkin_ws/src/install/rotors_description/share/rotors_description/meshes/propeller_cw.dae
[4.904s] -- Installing: /home/quinton/catkin_ws/src/install/rotors_description/share/rotors_description/meshes/neo9_propeller_ccw.dae
[4.904s] -- Installing: /home/quinton/catkin_ws/src/install/rotors_description/share/rotors_description/meshes/neo11.dae
[4.919s] -- Installing: /home/quinton/catkin_ws/src/install/rotors_description/share/rotors_description/meshes/neo11_propeller_cw.dae
[4.927s] -- Installing: /home/quinton/catkin_ws/src/install/rotors_description/share/rotors_description/meshes/neo9_propeller_cw.dae
[4.927s] -- Installing: /home/quinton/catkin_ws/src/install/rotors_description/share/rotors_description/meshes/vi_camera.png
[4.928s] -- Installing: /home/quinton/catkin_ws/src/install/rotors_description/share/rotors_description/meshes/neo9.dae
[4.945s] -- Installing: /home/quinton/catkin_ws/src/install/rotors_description/share/rotors_description/meshes/vi_sensor.dae
[4.989s] -- Installing: /home/quinton/catkin_ws/src/install/rotors_description/share/rotors_description/meshes/neo11_propeller_ccw.dae
[4.995s] -- Installing: /home/quinton/catkin_ws/src/install/rotors_description/share/rotors_description/meshes/firefly.dae
[5.014s] -- Installing: /home/quinton/catkin_ws/src/install/rotors_description/share/rotors_description/meshes/hummingbird.dae
[5.038s] -- Installing: /home/quinton/catkin_ws/src/install/rotors_description/share/rotors_description/urdf
[5.038s] -- Installing: /home/quinton/catkin_ws/src/install/rotors_description/share/rotors_description/urdf/hummingbird_base.xacro
[5.038s] -- Installing: /home/quinton/catkin_ws/src/install/rotors_description/share/rotors_description/urdf/iris_base.xacro
[5.038s] -- Installing: /home/quinton/catkin_ws/src/install/rotors_description/share/rotors_description/urdf/omav.xacro
[5.039s] -- Installing: /home/quinton/catkin_ws/src/install/rotors_description/share/rotors_description/urdf/neo11_base.xacro
[5.039s] -- Installing: /home/quinton/catkin_ws/src/install/rotors_description/share/rotors_description/urdf/asymmetric_quadrotor_base.xacro
[5.039s] -- Installing: /home/quinton/catkin_ws/src/install/rotors_description/share/rotors_description/urdf/firefly_two_generic_pose_sensors.gazebo
[5.039s] -- Installing: /home/quinton/catkin_ws/src/install/rotors_description/share/rotors_description/urdf/ardrone.xacro
[5.040s] -- Installing: /home/quinton/catkin_ws/src/install/rotors_description/share/rotors_description/urdf/mav_generic_odometry_sensor.gazebo
[5.040s] -- Installing: /home/quinton/catkin_ws/src/install/rotors_description/share/rotors_description/urdf/pelican.xacro
[5.040s] -- Installing: /home/quinton/catkin_ws/src/install/rotors_description/share/rotors_description/urdf/pelican_base.xacro
[5.040s] -- Installing: /home/quinton/catkin_ws/src/install/rotors_description/share/rotors_description/urdf/component_snippets.xacro
[5.040s] -- Installing: /home/quinton/catkin_ws/src/install/rotors_description/share/rotors_description/urdf/techpod.xacro
[5.040s] -- Installing: /home/quinton/catkin_ws/src/install/rotors_description/share/rotors_description/urdf/omav_base.xacro
[5.041s] -- Installing: /home/quinton/catkin_ws/src/install/rotors_description/share/rotors_description/urdf/overactuated_base.xacro
[5.041s] -- Installing: /home/quinton/catkin_ws/src/install/rotors_description/share/rotors_description/urdf/neo9.xacro
[5.041s] -- Installing: /home/quinton/catkin_ws/src/install/rotors_description/share/rotors_description/urdf/mav_with_vi_sensor.gazebo
[5.041s] -- Installing: /home/quinton/catkin_ws/src/install/rotors_description/share/rotors_description/urdf/asymmetric_quadrotor.xacro
[5.043s] -- Installing: /home/quinton/catkin_ws/src/install/rotors_description/share/rotors_description/urdf/multirotor_base.xacro
[5.046s] -- Installing: /home/quinton/catkin_ws/src/install/rotors_description/share/rotors_description/urdf/vi_sensor_base.xacro
[5.048s] -- Installing: /home/quinton/catkin_ws/src/install/rotors_description/share/rotors_description/urdf/iris.xacro
[5.048s] -- Installing: /home/quinton/catkin_ws/src/install/rotors_description/share/rotors_description/urdf/mav_with_wind_gust.gazebo
[5.048s] -- Installing: /home/quinton/catkin_ws/src/install/rotors_description/share/rotors_description/urdf/neo11.xacro
[5.048s] -- Installing: /home/quinton/catkin_ws/src/install/rotors_description/share/rotors_description/urdf/rgbd_base.xacro
[5.048s] -- Installing: /home/quinton/catkin_ws/src/install/rotors_description/share/rotors_description/urdf/asymmetric_quadrotor_two_cameras.gazebo
[5.048s] -- Installing: /home/quinton/catkin_ws/src/install/rotors_description/share/rotors_description/urdf/neo9_base.xacro
[5.049s] -- Installing: /home/quinton/catkin_ws/src/install/rotors_description/share/rotors_description/urdf/techpod_base.xacro
[5.049s] -- Installing: /home/quinton/catkin_ws/src/install/rotors_description/share/rotors_description/urdf/firefly.xacro
[5.049s] -- Installing: /home/quinton/catkin_ws/src/install/rotors_description/share/rotors_description/urdf/ardrone_base.xacro
[5.049s] -- Installing: /home/quinton/catkin_ws/src/install/rotors_description/share/rotors_description/urdf/pmd_monstar.xacro
[5.049s] -- Installing: /home/quinton/catkin_ws/src/install/rotors_description/share/rotors_description/urdf/fixed_wing_base.xacro
[5.050s] -- Installing: /home/quinton/catkin_ws/src/install/rotors_description/share/rotors_description/urdf/firefly_base.xacro
[5.050s] -- Installing: /home/quinton/catkin_ws/src/install/rotors_description/share/rotors_description/urdf/neo9_vi_sensor.gazebo
[5.050s] -- Installing: /home/quinton/catkin_ws/src/install/rotors_description/share/rotors_description/urdf/firefly_generic_pose_sensor.gazebo
[5.050s] -- Installing: /home/quinton/catkin_ws/src/install/rotors_description/share/rotors_description/urdf/hummingbird.xacro
[5.051s] -- Installing: /home/quinton/catkin_ws/src/install/rotors_description/share/rotors_description/urdf/neo11_vi_sensor.gazebo
[5.145s] Invoked command in '/home/quinton/catkin_ws/src/build/rotors_description' returned '0': /usr/bin/cmake --install /home/quinton/catkin_ws/src/build/rotors_description
