-- The C compiler identification is GNU 9.4.0
-- The CXX compiler identification is GNU 9.4.0
-- Check for working C compiler: /usr/bin/cc
-- Check for working C compiler: /usr/bin/cc -- works
-- Detecting C compiler ABI info
-- Detecting C compiler ABI info - done
-- Detecting C compile features
-- Detecting C compile features - done
-- Check for working CXX compiler: /usr/bin/c++
-- Check for working CXX compiler: /usr/bin/c++ -- works
-- Detecting CXX compiler ABI info
-- Detecting CXX compiler ABI info - done
-- Detecting CXX compile features
-- Detecting CXX compile features - done
-- Using CATKIN_DEVEL_PREFIX: /home/quinton/catkin_ws/src/build/mav_planning_msgs/devel
-- Using CMAKE_PREFIX_PATH: /home/quinton/catkin_ws/src/install/mav_msgs;/home/quinton/catkin_ws/devel;/opt/ros/noetic
-- This workspace overlays: /home/quinton/catkin_ws/src/install/mav_msgs;/home/quinton/catkin_ws/devel;/opt/ros/noetic
-- Found PythonInterp: /usr/bin/python3 (found suitable version "3.8.10", minimum required is "3") 
-- Using PYTHON_EXECUTABLE: /usr/bin/python3
-- Using Debian Python package layout
-- Found PY_em: /usr/lib/python3/dist-packages/em.py  
-- Using empy: /usr/lib/python3/dist-packages/em.py
-- Using CATKIN_ENABLE_TESTING: ON
-- Call enable_testing()
-- Using CATKIN_TEST_RESULTS_DIR: /home/quinton/catkin_ws/src/build/mav_planning_msgs/test_results
-- Forcing gtest/gmock from source, though one was otherwise available.
-- Found gtest sources under '/usr/src/googletest': gtests will be built
-- Found gmock sources under '/usr/src/googletest': gmock will be built
-- Found PythonInterp: /usr/bin/python3 (found version "3.8.10") 
-- Found Threads: TRUE  
-- Using Python nosetests: /usr/bin/nosetests3
-- catkin 0.8.10
-- BUILD_SHARED_LIBS is on
-- Using these message generators: gencpp;geneus;genlisp;gennodejs;genpy
-- mav_planning_msgs: 9 messages, 3 services
-- Configuring done
-- Generating done
-- Build files have been written to: /home/quinton/catkin_ws/src/build/mav_planning_msgs
[35m[1mScanning dependencies of target sensor_msgs_generate_messages_eus[0m
[35m[1mScanning dependencies of target trajectory_msgs_generate_messages_eus[0m
[35m[1mScanning dependencies of target _mav_planning_msgs_generate_messages_check_deps_Polygon2D[0m
[35m[1mScanning dependencies of target geometry_msgs_generate_messages_eus[0m
[  0%] Built target sensor_msgs_generate_messages_eus
[  0%] Built target trajectory_msgs_generate_messages_eus
[35m[1mScanning dependencies of target _mav_planning_msgs_generate_messages_check_deps_PolynomialTrajectory4D[0m
[35m[1mScanning dependencies of target _mav_planning_msgs_generate_messages_check_deps_PolygonWithHoles[0m
[35m[1mScanning dependencies of target _mav_planning_msgs_generate_messages_check_deps_PolynomialSegment[0m
[35m[1mScanning dependencies of target _mav_planning_msgs_generate_messages_check_deps_PolynomialTrajectory[0m
[35m[1mScanning dependencies of target mav_msgs_generate_messages_eus[0m
[  0%] Built target geometry_msgs_generate_messages_eus
[35m[1mScanning dependencies of target _mav_planning_msgs_generate_messages_check_deps_ChangeNameService[0m
[35m[1mScanning dependencies of target _mav_planning_msgs_generate_messages_check_deps_Point2D[0m
[  0%] Built target mav_msgs_generate_messages_eus
[35m[1mScanning dependencies of target _mav_planning_msgs_generate_messages_check_deps_PointCloudWithPose[0m
[35m[1mScanning dependencies of target std_msgs_generate_messages_eus[0m
[  0%] Built target _mav_planning_msgs_generate_messages_check_deps_Polygon2D
[35m[1mScanning dependencies of target _mav_planning_msgs_generate_messages_check_deps_PolynomialSegment4D[0m
[  0%] Built target _mav_planning_msgs_generate_messages_check_deps_PolygonWithHoles
[35m[1mScanning dependencies of target _mav_planning_msgs_generate_messages_check_deps_PolygonWithHolesStamped[0m
[35m[1mScanning dependencies of target _mav_planning_msgs_generate_messages_check_deps_PlannerService[0m
[  0%] Built target _mav_planning_msgs_generate_messages_check_deps_PolynomialTrajectory4D
[  0%] Built target _mav_planning_msgs_generate_messages_check_deps_PolynomialSegment
[  0%] Built target std_msgs_generate_messages_eus
[35m[1mScanning dependencies of target _mav_planning_msgs_generate_messages_check_deps_PolygonService[0m
[  0%] Built target _mav_planning_msgs_generate_messages_check_deps_PolynomialTrajectory
[35m[1mScanning dependencies of target mav_msgs_generate_messages_py[0m
[  0%] Built target _mav_planning_msgs_generate_messages_check_deps_ChangeNameService
[  0%] Built target _mav_planning_msgs_generate_messages_check_deps_Point2D
[  0%] Built target mav_msgs_generate_messages_py
[35m[1mScanning dependencies of target std_msgs_generate_messages_py[0m
[35m[1mScanning dependencies of target mav_msgs_generate_messages_lisp[0m
[35m[1mScanning dependencies of target sensor_msgs_generate_messages_py[0m
[35m[1mScanning dependencies of target trajectory_msgs_generate_messages_py[0m
[35m[1mScanning dependencies of target geometry_msgs_generate_messages_py[0m
[35m[1mScanning dependencies of target sensor_msgs_generate_messages_lisp[0m
[  0%] Built target _mav_planning_msgs_generate_messages_check_deps_PointCloudWithPose
[35m[1mScanning dependencies of target geometry_msgs_generate_messages_lisp[0m
[35m[1mScanning dependencies of target trajectory_msgs_generate_messages_lisp[0m
[  0%] Built target _mav_planning_msgs_generate_messages_check_deps_PolynomialSegment4D
[  0%] Built target std_msgs_generate_messages_py
[  0%] Built target _mav_planning_msgs_generate_messages_check_deps_PolygonWithHolesStamped
[  0%] Built target _mav_planning_msgs_generate_messages_check_deps_PlannerService
[  0%] Built target geometry_msgs_generate_messages_py
[  0%] Built target sensor_msgs_generate_messages_py
[  0%] Built target _mav_planning_msgs_generate_messages_check_deps_PolygonService
[  0%] Built target trajectory_msgs_generate_messages_py
[  0%] Built target sensor_msgs_generate_messages_lisp
[  0%] Built target trajectory_msgs_generate_messages_lisp
[  0%] Built target geometry_msgs_generate_messages_lisp
[  0%] Built target mav_msgs_generate_messages_lisp
[35m[1mScanning dependencies of target geometry_msgs_generate_messages_cpp[0m
[35m[1mScanning dependencies of target std_msgs_generate_messages_cpp[0m
[35m[1mScanning dependencies of target sensor_msgs_generate_messages_cpp[0m
[35m[1mScanning dependencies of target std_msgs_generate_messages_lisp[0m
[35m[1mScanning dependencies of target trajectory_msgs_generate_messages_cpp[0m
[  0%] Built target sensor_msgs_generate_messages_cpp
[  0%] Built target std_msgs_generate_messages_cpp
[  0%] Built target std_msgs_generate_messages_lisp
[35m[1mScanning dependencies of target mav_msgs_generate_messages_cpp[0m
[35m[1mScanning dependencies of target mav_msgs_generate_messages_nodejs[0m
[35m[1mScanning dependencies of target std_msgs_generate_messages_nodejs[0m
[  0%] Built target geometry_msgs_generate_messages_cpp
[  0%] Built target trajectory_msgs_generate_messages_cpp
[35m[1mScanning dependencies of target trajectory_msgs_generate_messages_nodejs[0m
[  0%] Built target mav_msgs_generate_messages_nodejs
[  0%] Built target std_msgs_generate_messages_nodejs
[  0%] Built target trajectory_msgs_generate_messages_nodejs
[  0%] Built target mav_msgs_generate_messages_cpp
[35m[1mScanning dependencies of target geometry_msgs_generate_messages_nodejs[0m
[35m[1mScanning dependencies of target sensor_msgs_generate_messages_nodejs[0m
[  0%] Built target sensor_msgs_generate_messages_nodejs
[  0%] Built target geometry_msgs_generate_messages_nodejs
[35m[1mScanning dependencies of target mav_planning_msgs_generate_messages_eus[0m
[35m[1mScanning dependencies of target mav_planning_msgs_generate_messages_py[0m
[35m[1mScanning dependencies of target mav_planning_msgs_generate_messages_cpp[0m
[35m[1mScanning dependencies of target mav_planning_msgs_generate_messages_lisp[0m
[  3%] [34m[1mGenerating Python from MSG mav_planning_msgs/PointCloudWithPose[0m
[  4%] [34m[1mGenerating Python from MSG mav_planning_msgs/Point2D[0m
[35m[1mScanning dependencies of target mav_planning_msgs_generate_messages_nodejs[0m
[  6%] [34m[1mGenerating EusLisp code from mav_planning_msgs/PointCloudWithPose.msg[0m
[  6%] [34m[1mGenerating EusLisp code from mav_planning_msgs/Polygon2D.msg[0m
[  9%] [34m[1mGenerating C++ code from mav_planning_msgs/Point2D.msg[0m
[  9%] [34m[1mGenerating EusLisp code from mav_planning_msgs/Point2D.msg[0m
[ 14%] [34m[1mGenerating C++ code from mav_planning_msgs/PointCloudWithPose.msg[0m
[ 14%] [34m[1mGenerating EusLisp code from mav_planning_msgs/PolygonWithHoles.msg[0m
[ 14%] [34m[1mGenerating Python from MSG mav_planning_msgs/Polygon2D[0m
[ 15%] [34m[1mGenerating Python from MSG mav_planning_msgs/PolygonWithHoles[0m
[ 17%] [34m[1mGenerating EusLisp code from mav_planning_msgs/PolygonWithHolesStamped.msg[0m
[ 19%] [34m[1mGenerating Lisp code from mav_planning_msgs/Point2D.msg[0m
[ 20%] [34m[1mGenerating Python from MSG mav_planning_msgs/PolygonWithHolesStamped[0m
[ 22%] [34m[1mGenerating Python from MSG mav_planning_msgs/PolynomialSegment[0m
[ 23%] [34m[1mGenerating EusLisp code from mav_planning_msgs/PolynomialSegment.msg[0m
[ 25%] [34m[1mGenerating Javascript code from mav_planning_msgs/Point2D.msg[0m
[ 26%] [34m[1mGenerating Javascript code from mav_planning_msgs/PointCloudWithPose.msg[0m
[ 28%] [34m[1mGenerating EusLisp code from mav_planning_msgs/PolynomialSegment4D.msg[0m
[ 31%] [34m[1mGenerating Python from MSG mav_planning_msgs/PolynomialTrajectory[0m
[ 31%] [34m[1mGenerating Lisp code from mav_planning_msgs/PointCloudWithPose.msg[0m
[ 33%] [34m[1mGenerating EusLisp code from mav_planning_msgs/PolynomialTrajectory.msg[0m
[ 34%] [34m[1mGenerating Python from MSG mav_planning_msgs/PolynomialSegment4D[0m
[ 36%] [34m[1mGenerating C++ code from mav_planning_msgs/Polygon2D.msg[0m
[ 38%] [34m[1mGenerating Lisp code from mav_planning_msgs/Polygon2D.msg[0m
[ 39%] [34m[1mGenerating EusLisp code from mav_planning_msgs/PolynomialTrajectory4D.msg[0m
[ 41%] [34m[1mGenerating Lisp code from mav_planning_msgs/PolygonWithHoles.msg[0m
[ 42%] [34m[1mGenerating Python from MSG mav_planning_msgs/PolynomialTrajectory4D[0m
[ 44%] [34m[1mGenerating Lisp code from mav_planning_msgs/PolygonWithHolesStamped.msg[0m
[ 46%] [34m[1mGenerating Javascript code from mav_planning_msgs/Polygon2D.msg[0m
[ 47%] [34m[1mGenerating Python code from SRV mav_planning_msgs/PlannerService[0m
[ 49%] [34m[1mGenerating Javascript code from mav_planning_msgs/PolygonWithHoles.msg[0m
[ 50%] [34m[1mGenerating Lisp code from mav_planning_msgs/PolynomialSegment.msg[0m
[ 52%] [34m[1mGenerating Lisp code from mav_planning_msgs/PolynomialTrajectory.msg[0m
[ 53%] [34m[1mGenerating EusLisp code from mav_planning_msgs/PlannerService.srv[0m
[ 55%] [34m[1mGenerating Python code from SRV mav_planning_msgs/PolygonService[0m
[ 57%] [34m[1mGenerating Javascript code from mav_planning_msgs/PolygonWithHolesStamped.msg[0m
[ 58%] [34m[1mGenerating C++ code from mav_planning_msgs/PolygonWithHoles.msg[0m
[ 60%] [34m[1mGenerating Lisp code from mav_planning_msgs/PolynomialSegment4D.msg[0m
[ 61%] [34m[1mGenerating EusLisp code from mav_planning_msgs/PolygonService.srv[0m
[ 63%] [34m[1mGenerating EusLisp code from mav_planning_msgs/ChangeNameService.srv[0m
[ 65%] [34m[1mGenerating Python code from SRV mav_planning_msgs/ChangeNameService[0m
[ 66%] [34m[1mGenerating Lisp code from mav_planning_msgs/PlannerService.srv[0m
[ 68%] [34m[1mGenerating Lisp code from mav_planning_msgs/PolynomialTrajectory4D.msg[0m
[ 69%] [34m[1mGenerating Javascript code from mav_planning_msgs/PolynomialSegment.msg[0m
[ 71%] [34m[1mGenerating Lisp code from mav_planning_msgs/PolygonService.srv[0m
[ 73%] [34m[1mGenerating Javascript code from mav_planning_msgs/PolynomialTrajectory.msg[0m
[ 74%] [34m[1mGenerating Lisp code from mav_planning_msgs/ChangeNameService.srv[0m
[ 76%] [34m[1mGenerating Javascript code from mav_planning_msgs/PolynomialSegment4D.msg[0m
[ 77%] [34m[1mGenerating Javascript code from mav_planning_msgs/PolynomialTrajectory4D.msg[0m
[ 79%] [34m[1mGenerating C++ code from mav_planning_msgs/PolynomialSegment.msg[0m
[ 82%] [34m[1mGenerating EusLisp manifest code for mav_planning_msgs[0m
[ 82%] [34m[1mGenerating Javascript code from mav_planning_msgs/PlannerService.srv[0m
[ 84%] [34m[1mGenerating C++ code from mav_planning_msgs/PolygonWithHolesStamped.msg[0m
[ 85%] [34m[1mGenerating Javascript code from mav_planning_msgs/PolygonService.srv[0m
[ 87%] [34m[1mGenerating C++ code from mav_planning_msgs/PolynomialTrajectory.msg[0m
[ 88%] [34m[1mGenerating C++ code from mav_planning_msgs/PolynomialSegment4D.msg[0m
[ 90%] [34m[1mGenerating Javascript code from mav_planning_msgs/ChangeNameService.srv[0m
[ 92%] [34m[1mGenerating C++ code from mav_planning_msgs/PolynomialTrajectory4D.msg[0m
[ 93%] [34m[1mGenerating C++ code from mav_planning_msgs/PlannerService.srv[0m
[ 93%] Built target mav_planning_msgs_generate_messages_lisp
[ 95%] [34m[1mGenerating C++ code from mav_planning_msgs/PolygonService.srv[0m
[ 96%] [34m[1mGenerating C++ code from mav_planning_msgs/ChangeNameService.srv[0m
[ 96%] Built target mav_planning_msgs_generate_messages_nodejs
[ 98%] [34m[1mGenerating Python msg __init__.py for mav_planning_msgs[0m
[100%] [34m[1mGenerating Python srv __init__.py for mav_planning_msgs[0m
[100%] Built target mav_planning_msgs_generate_messages_cpp
[100%] Built target mav_planning_msgs_generate_messages_py
[100%] Built target mav_planning_msgs_generate_messages_eus
[35m[1mScanning dependencies of target mav_planning_msgs_generate_messages[0m
[100%] Built target mav_planning_msgs_generate_messages
[35m[1mScanning dependencies of target tests[0m
Built target tests
-- Install configuration: ""
-- Installing: /home/quinton/catkin_ws/src/install/mav_planning_msgs/share/mav_planning_msgs/msg/Point2D.msg
-- Installing: /home/quinton/catkin_ws/src/install/mav_planning_msgs/share/mav_planning_msgs/msg/PointCloudWithPose.msg
-- Installing: /home/quinton/catkin_ws/src/install/mav_planning_msgs/share/mav_planning_msgs/msg/Polygon2D.msg
-- Installing: /home/quinton/catkin_ws/src/install/mav_planning_msgs/share/mav_planning_msgs/msg/PolygonWithHoles.msg
-- Installing: /home/quinton/catkin_ws/src/install/mav_planning_msgs/share/mav_planning_msgs/msg/PolygonWithHolesStamped.msg
-- Installing: /home/quinton/catkin_ws/src/install/mav_planning_msgs/share/mav_planning_msgs/msg/PolynomialSegment.msg
-- Installing: /home/quinton/catkin_ws/src/install/mav_planning_msgs/share/mav_planning_msgs/msg/PolynomialTrajectory.msg
-- Installing: /home/quinton/catkin_ws/src/install/mav_planning_msgs/share/mav_planning_msgs/msg/PolynomialSegment4D.msg
-- Installing: /home/quinton/catkin_ws/src/install/mav_planning_msgs/share/mav_planning_msgs/msg/PolynomialTrajectory4D.msg
-- Installing: /home/quinton/catkin_ws/src/install/mav_planning_msgs/share/mav_planning_msgs/srv/PlannerService.srv
-- Installing: /home/quinton/catkin_ws/src/install/mav_planning_msgs/share/mav_planning_msgs/srv/PolygonService.srv
-- Installing: /home/quinton/catkin_ws/src/install/mav_planning_msgs/share/mav_planning_msgs/srv/ChangeNameService.srv
-- Installing: /home/quinton/catkin_ws/src/install/mav_planning_msgs/share/mav_planning_msgs/cmake/mav_planning_msgs-msg-paths.cmake
-- Installing: /home/quinton/catkin_ws/src/install/mav_planning_msgs/include/mav_planning_msgs
-- Installing: /home/quinton/catkin_ws/src/install/mav_planning_msgs/include/mav_planning_msgs/PolynomialTrajectory4D.h
-- Installing: /home/quinton/catkin_ws/src/install/mav_planning_msgs/include/mav_planning_msgs/PolygonWithHoles.h
-- Installing: /home/quinton/catkin_ws/src/install/mav_planning_msgs/include/mav_planning_msgs/ChangeNameServiceResponse.h
-- Installing: /home/quinton/catkin_ws/src/install/mav_planning_msgs/include/mav_planning_msgs/ChangeNameService.h
-- Installing: /home/quinton/catkin_ws/src/install/mav_planning_msgs/include/mav_planning_msgs/PlannerService.h
-- Installing: /home/quinton/catkin_ws/src/install/mav_planning_msgs/include/mav_planning_msgs/PolygonWithHolesStamped.h
-- Installing: /home/quinton/catkin_ws/src/install/mav_planning_msgs/include/mav_planning_msgs/PolynomialTrajectory.h
-- Installing: /home/quinton/catkin_ws/src/install/mav_planning_msgs/include/mav_planning_msgs/PointCloudWithPose.h
-- Installing: /home/quinton/catkin_ws/src/install/mav_planning_msgs/include/mav_planning_msgs/ChangeNameServiceRequest.h
-- Installing: /home/quinton/catkin_ws/src/install/mav_planning_msgs/include/mav_planning_msgs/Polygon2D.h
-- Installing: /home/quinton/catkin_ws/src/install/mav_planning_msgs/include/mav_planning_msgs/PolynomialSegment.h
-- Installing: /home/quinton/catkin_ws/src/install/mav_planning_msgs/include/mav_planning_msgs/PlannerServiceRequest.h
-- Installing: /home/quinton/catkin_ws/src/install/mav_planning_msgs/include/mav_planning_msgs/PolygonServiceRequest.h
-- Installing: /home/quinton/catkin_ws/src/install/mav_planning_msgs/include/mav_planning_msgs/Point2D.h
-- Installing: /home/quinton/catkin_ws/src/install/mav_planning_msgs/include/mav_planning_msgs/PolygonServiceResponse.h
-- Installing: /home/quinton/catkin_ws/src/install/mav_planning_msgs/include/mav_planning_msgs/PolynomialSegment4D.h
-- Installing: /home/quinton/catkin_ws/src/install/mav_planning_msgs/include/mav_planning_msgs/PlannerServiceResponse.h
-- Installing: /home/quinton/catkin_ws/src/install/mav_planning_msgs/include/mav_planning_msgs/PolygonService.h
-- Installing: /home/quinton/catkin_ws/src/install/mav_planning_msgs/share/roseus/ros/mav_planning_msgs
-- Installing: /home/quinton/catkin_ws/src/install/mav_planning_msgs/share/roseus/ros/mav_planning_msgs/manifest.l
-- Installing: /home/quinton/catkin_ws/src/install/mav_planning_msgs/share/roseus/ros/mav_planning_msgs/srv
-- Installing: /home/quinton/catkin_ws/src/install/mav_planning_msgs/share/roseus/ros/mav_planning_msgs/srv/ChangeNameService.l
-- Installing: /home/quinton/catkin_ws/src/install/mav_planning_msgs/share/roseus/ros/mav_planning_msgs/srv/PlannerService.l
-- Installing: /home/quinton/catkin_ws/src/install/mav_planning_msgs/share/roseus/ros/mav_planning_msgs/srv/PolygonService.l
-- Installing: /home/quinton/catkin_ws/src/install/mav_planning_msgs/share/roseus/ros/mav_planning_msgs/msg
-- Installing: /home/quinton/catkin_ws/src/install/mav_planning_msgs/share/roseus/ros/mav_planning_msgs/msg/PointCloudWithPose.l
-- Installing: /home/quinton/catkin_ws/src/install/mav_planning_msgs/share/roseus/ros/mav_planning_msgs/msg/PolygonWithHoles.l
-- Installing: /home/quinton/catkin_ws/src/install/mav_planning_msgs/share/roseus/ros/mav_planning_msgs/msg/PolynomialTrajectory.l
-- Installing: /home/quinton/catkin_ws/src/install/mav_planning_msgs/share/roseus/ros/mav_planning_msgs/msg/Point2D.l
-- Installing: /home/quinton/catkin_ws/src/install/mav_planning_msgs/share/roseus/ros/mav_planning_msgs/msg/PolynomialTrajectory4D.l
-- Installing: /home/quinton/catkin_ws/src/install/mav_planning_msgs/share/roseus/ros/mav_planning_msgs/msg/PolynomialSegment.l
-- Installing: /home/quinton/catkin_ws/src/install/mav_planning_msgs/share/roseus/ros/mav_planning_msgs/msg/PolygonWithHolesStamped.l
-- Installing: /home/quinton/catkin_ws/src/install/mav_planning_msgs/share/roseus/ros/mav_planning_msgs/msg/Polygon2D.l
-- Installing: /home/quinton/catkin_ws/src/install/mav_planning_msgs/share/roseus/ros/mav_planning_msgs/msg/PolynomialSegment4D.l
-- Installing: /home/quinton/catkin_ws/src/install/mav_planning_msgs/share/common-lisp/ros/mav_planning_msgs
-- Installing: /home/quinton/catkin_ws/src/install/mav_planning_msgs/share/common-lisp/ros/mav_planning_msgs/srv
-- Installing: /home/quinton/catkin_ws/src/install/mav_planning_msgs/share/common-lisp/ros/mav_planning_msgs/srv/_package.lisp
-- Installing: /home/quinton/catkin_ws/src/install/mav_planning_msgs/share/common-lisp/ros/mav_planning_msgs/srv/_package_PlannerService.lisp
-- Installing: /home/quinton/catkin_ws/src/install/mav_planning_msgs/share/common-lisp/ros/mav_planning_msgs/srv/PlannerService.lisp
-- Installing: /home/quinton/catkin_ws/src/install/mav_planning_msgs/share/common-lisp/ros/mav_planning_msgs/srv/mav_planning_msgs-srv.asd
-- Installing: /home/quinton/catkin_ws/src/install/mav_planning_msgs/share/common-lisp/ros/mav_planning_msgs/srv/PolygonService.lisp
-- Installing: /home/quinton/catkin_ws/src/install/mav_planning_msgs/share/common-lisp/ros/mav_planning_msgs/srv/_package_ChangeNameService.lisp
-- Installing: /home/quinton/catkin_ws/src/install/mav_planning_msgs/share/common-lisp/ros/mav_planning_msgs/srv/ChangeNameService.lisp
-- Installing: /home/quinton/catkin_ws/src/install/mav_planning_msgs/share/common-lisp/ros/mav_planning_msgs/srv/_package_PolygonService.lisp
-- Installing: /home/quinton/catkin_ws/src/install/mav_planning_msgs/share/common-lisp/ros/mav_planning_msgs/msg
-- Installing: /home/quinton/catkin_ws/src/install/mav_planning_msgs/share/common-lisp/ros/mav_planning_msgs/msg/PolynomialTrajectory.lisp
-- Installing: /home/quinton/catkin_ws/src/install/mav_planning_msgs/share/common-lisp/ros/mav_planning_msgs/msg/PolygonWithHolesStamped.lisp
-- Installing: /home/quinton/catkin_ws/src/install/mav_planning_msgs/share/common-lisp/ros/mav_planning_msgs/msg/Point2D.lisp
-- Installing: /home/quinton/catkin_ws/src/install/mav_planning_msgs/share/common-lisp/ros/mav_planning_msgs/msg/PolygonWithHoles.lisp
-- Installing: /home/quinton/catkin_ws/src/install/mav_planning_msgs/share/common-lisp/ros/mav_planning_msgs/msg/_package.lisp
-- Installing: /home/quinton/catkin_ws/src/install/mav_planning_msgs/share/common-lisp/ros/mav_planning_msgs/msg/_package_PolynomialSegment.lisp
-- Installing: /home/quinton/catkin_ws/src/install/mav_planning_msgs/share/common-lisp/ros/mav_planning_msgs/msg/_package_PointCloudWithPose.lisp
-- Installing: /home/quinton/catkin_ws/src/install/mav_planning_msgs/share/common-lisp/ros/mav_planning_msgs/msg/_package_Polygon2D.lisp
-- Installing: /home/quinton/catkin_ws/src/install/mav_planning_msgs/share/common-lisp/ros/mav_planning_msgs/msg/_package_PolynomialSegment4D.lisp
-- Installing: /home/quinton/catkin_ws/src/install/mav_planning_msgs/share/common-lisp/ros/mav_planning_msgs/msg/PolynomialSegment4D.lisp
-- Installing: /home/quinton/catkin_ws/src/install/mav_planning_msgs/share/common-lisp/ros/mav_planning_msgs/msg/Polygon2D.lisp
-- Installing: /home/quinton/catkin_ws/src/install/mav_planning_msgs/share/common-lisp/ros/mav_planning_msgs/msg/_package_PolygonWithHolesStamped.lisp
-- Installing: /home/quinton/catkin_ws/src/install/mav_planning_msgs/share/common-lisp/ros/mav_planning_msgs/msg/_package_PolynomialTrajectory.lisp
-- Installing: /home/quinton/catkin_ws/src/install/mav_planning_msgs/share/common-lisp/ros/mav_planning_msgs/msg/_package_PolygonWithHoles.lisp
-- Installing: /home/quinton/catkin_ws/src/install/mav_planning_msgs/share/common-lisp/ros/mav_planning_msgs/msg/_package_PolynomialTrajectory4D.lisp
-- Installing: /home/quinton/catkin_ws/src/install/mav_planning_msgs/share/common-lisp/ros/mav_planning_msgs/msg/PointCloudWithPose.lisp
-- Installing: /home/quinton/catkin_ws/src/install/mav_planning_msgs/share/common-lisp/ros/mav_planning_msgs/msg/PolynomialTrajectory4D.lisp
-- Installing: /home/quinton/catkin_ws/src/install/mav_planning_msgs/share/common-lisp/ros/mav_planning_msgs/msg/_package_Point2D.lisp
-- Installing: /home/quinton/catkin_ws/src/install/mav_planning_msgs/share/common-lisp/ros/mav_planning_msgs/msg/mav_planning_msgs-msg.asd
-- Installing: /home/quinton/catkin_ws/src/install/mav_planning_msgs/share/common-lisp/ros/mav_planning_msgs/msg/PolynomialSegment.lisp
-- Installing: /home/quinton/catkin_ws/src/install/mav_planning_msgs/share/gennodejs/ros/mav_planning_msgs
-- Installing: /home/quinton/catkin_ws/src/install/mav_planning_msgs/share/gennodejs/ros/mav_planning_msgs/srv
-- Installing: /home/quinton/catkin_ws/src/install/mav_planning_msgs/share/gennodejs/ros/mav_planning_msgs/srv/PolygonService.js
-- Installing: /home/quinton/catkin_ws/src/install/mav_planning_msgs/share/gennodejs/ros/mav_planning_msgs/srv/_index.js
-- Installing: /home/quinton/catkin_ws/src/install/mav_planning_msgs/share/gennodejs/ros/mav_planning_msgs/srv/PlannerService.js
-- Installing: /home/quinton/catkin_ws/src/install/mav_planning_msgs/share/gennodejs/ros/mav_planning_msgs/srv/ChangeNameService.js
-- Installing: /home/quinton/catkin_ws/src/install/mav_planning_msgs/share/gennodejs/ros/mav_planning_msgs/_index.js
-- Installing: /home/quinton/catkin_ws/src/install/mav_planning_msgs/share/gennodejs/ros/mav_planning_msgs/msg
-- Installing: /home/quinton/catkin_ws/src/install/mav_planning_msgs/share/gennodejs/ros/mav_planning_msgs/msg/PolynomialSegment4D.js
-- Installing: /home/quinton/catkin_ws/src/install/mav_planning_msgs/share/gennodejs/ros/mav_planning_msgs/msg/PolynomialTrajectory4D.js
-- Installing: /home/quinton/catkin_ws/src/install/mav_planning_msgs/share/gennodejs/ros/mav_planning_msgs/msg/Polygon2D.js
-- Installing: /home/quinton/catkin_ws/src/install/mav_planning_msgs/share/gennodejs/ros/mav_planning_msgs/msg/PolynomialTrajectory.js
-- Installing: /home/quinton/catkin_ws/src/install/mav_planning_msgs/share/gennodejs/ros/mav_planning_msgs/msg/PolynomialSegment.js
-- Installing: /home/quinton/catkin_ws/src/install/mav_planning_msgs/share/gennodejs/ros/mav_planning_msgs/msg/_index.js
-- Installing: /home/quinton/catkin_ws/src/install/mav_planning_msgs/share/gennodejs/ros/mav_planning_msgs/msg/PointCloudWithPose.js
-- Installing: /home/quinton/catkin_ws/src/install/mav_planning_msgs/share/gennodejs/ros/mav_planning_msgs/msg/PolygonWithHolesStamped.js
-- Installing: /home/quinton/catkin_ws/src/install/mav_planning_msgs/share/gennodejs/ros/mav_planning_msgs/msg/PolygonWithHoles.js
-- Installing: /home/quinton/catkin_ws/src/install/mav_planning_msgs/share/gennodejs/ros/mav_planning_msgs/msg/Point2D.js
Listing '/home/quinton/catkin_ws/src/build/mav_planning_msgs/devel/lib/python3/dist-packages/mav_planning_msgs'...
Compiling '/home/quinton/catkin_ws/src/build/mav_planning_msgs/devel/lib/python3/dist-packages/mav_planning_msgs/__init__.py'...
Listing '/home/quinton/catkin_ws/src/build/mav_planning_msgs/devel/lib/python3/dist-packages/mav_planning_msgs/msg'...
Compiling '/home/quinton/catkin_ws/src/build/mav_planning_msgs/devel/lib/python3/dist-packages/mav_planning_msgs/msg/_Point2D.py'...
Compiling '/home/quinton/catkin_ws/src/build/mav_planning_msgs/devel/lib/python3/dist-packages/mav_planning_msgs/msg/_PointCloudWithPose.py'...
Compiling '/home/quinton/catkin_ws/src/build/mav_planning_msgs/devel/lib/python3/dist-packages/mav_planning_msgs/msg/_Polygon2D.py'...
Compiling '/home/quinton/catkin_ws/src/build/mav_planning_msgs/devel/lib/python3/dist-packages/mav_planning_msgs/msg/_PolygonWithHoles.py'...
Compiling '/home/quinton/catkin_ws/src/build/mav_planning_msgs/devel/lib/python3/dist-packages/mav_planning_msgs/msg/_PolygonWithHolesStamped.py'...
Compiling '/home/quinton/catkin_ws/src/build/mav_planning_msgs/devel/lib/python3/dist-packages/mav_planning_msgs/msg/_PolynomialSegment.py'...
Compiling '/home/quinton/catkin_ws/src/build/mav_planning_msgs/devel/lib/python3/dist-packages/mav_planning_msgs/msg/_PolynomialSegment4D.py'...
Compiling '/home/quinton/catkin_ws/src/build/mav_planning_msgs/devel/lib/python3/dist-packages/mav_planning_msgs/msg/_PolynomialTrajectory.py'...
Compiling '/home/quinton/catkin_ws/src/build/mav_planning_msgs/devel/lib/python3/dist-packages/mav_planning_msgs/msg/_PolynomialTrajectory4D.py'...
Compiling '/home/quinton/catkin_ws/src/build/mav_planning_msgs/devel/lib/python3/dist-packages/mav_planning_msgs/msg/__init__.py'...
Listing '/home/quinton/catkin_ws/src/build/mav_planning_msgs/devel/lib/python3/dist-packages/mav_planning_msgs/srv'...
Compiling '/home/quinton/catkin_ws/src/build/mav_planning_msgs/devel/lib/python3/dist-packages/mav_planning_msgs/srv/_ChangeNameService.py'...
Compiling '/home/quinton/catkin_ws/src/build/mav_planning_msgs/devel/lib/python3/dist-packages/mav_planning_msgs/srv/_PlannerService.py'...
Compiling '/home/quinton/catkin_ws/src/build/mav_planning_msgs/devel/lib/python3/dist-packages/mav_planning_msgs/srv/_PolygonService.py'...
Compiling '/home/quinton/catkin_ws/src/build/mav_planning_msgs/devel/lib/python3/dist-packages/mav_planning_msgs/srv/__init__.py'...
-- Installing: /home/quinton/catkin_ws/src/install/mav_planning_msgs/lib/python3/dist-packages/mav_planning_msgs
-- Installing: /home/quinton/catkin_ws/src/install/mav_planning_msgs/lib/python3/dist-packages/mav_planning_msgs/srv
-- Installing: /home/quinton/catkin_ws/src/install/mav_planning_msgs/lib/python3/dist-packages/mav_planning_msgs/srv/_PlannerService.py
-- Installing: /home/quinton/catkin_ws/src/install/mav_planning_msgs/lib/python3/dist-packages/mav_planning_msgs/srv/__pycache__
-- Installing: /home/quinton/catkin_ws/src/install/mav_planning_msgs/lib/python3/dist-packages/mav_planning_msgs/srv/__pycache__/__init__.cpython-38.pyc
-- Installing: /home/quinton/catkin_ws/src/install/mav_planning_msgs/lib/python3/dist-packages/mav_planning_msgs/srv/__pycache__/_PolygonService.cpython-38.pyc
-- Installing: /home/quinton/catkin_ws/src/install/mav_planning_msgs/lib/python3/dist-packages/mav_planning_msgs/srv/__pycache__/_ChangeNameService.cpython-38.pyc
-- Installing: /home/quinton/catkin_ws/src/install/mav_planning_msgs/lib/python3/dist-packages/mav_planning_msgs/srv/__pycache__/_PlannerService.cpython-38.pyc
-- Installing: /home/quinton/catkin_ws/src/install/mav_planning_msgs/lib/python3/dist-packages/mav_planning_msgs/srv/_ChangeNameService.py
-- Installing: /home/quinton/catkin_ws/src/install/mav_planning_msgs/lib/python3/dist-packages/mav_planning_msgs/srv/_PolygonService.py
-- Installing: /home/quinton/catkin_ws/src/install/mav_planning_msgs/lib/python3/dist-packages/mav_planning_msgs/srv/__init__.py
-- Installing: /home/quinton/catkin_ws/src/install/mav_planning_msgs/lib/python3/dist-packages/mav_planning_msgs/__pycache__
-- Installing: /home/quinton/catkin_ws/src/install/mav_planning_msgs/lib/python3/dist-packages/mav_planning_msgs/__pycache__/__init__.cpython-38.pyc
-- Installing: /home/quinton/catkin_ws/src/install/mav_planning_msgs/lib/python3/dist-packages/mav_planning_msgs/__init__.py
-- Installing: /home/quinton/catkin_ws/src/install/mav_planning_msgs/lib/python3/dist-packages/mav_planning_msgs/msg
-- Installing: /home/quinton/catkin_ws/src/install/mav_planning_msgs/lib/python3/dist-packages/mav_planning_msgs/msg/_PointCloudWithPose.py
-- Installing: /home/quinton/catkin_ws/src/install/mav_planning_msgs/lib/python3/dist-packages/mav_planning_msgs/msg/__pycache__
-- Installing: /home/quinton/catkin_ws/src/install/mav_planning_msgs/lib/python3/dist-packages/mav_planning_msgs/msg/__pycache__/_PolynomialSegment.cpython-38.pyc
-- Installing: /home/quinton/catkin_ws/src/install/mav_planning_msgs/lib/python3/dist-packages/mav_planning_msgs/msg/__pycache__/_PolynomialTrajectory4D.cpython-38.pyc
-- Installing: /home/quinton/catkin_ws/src/install/mav_planning_msgs/lib/python3/dist-packages/mav_planning_msgs/msg/__pycache__/_PolygonWithHolesStamped.cpython-38.pyc
-- Installing: /home/quinton/catkin_ws/src/install/mav_planning_msgs/lib/python3/dist-packages/mav_planning_msgs/msg/__pycache__/__init__.cpython-38.pyc
-- Installing: /home/quinton/catkin_ws/src/install/mav_planning_msgs/lib/python3/dist-packages/mav_planning_msgs/msg/__pycache__/_Point2D.cpython-38.pyc
-- Installing: /home/quinton/catkin_ws/src/install/mav_planning_msgs/lib/python3/dist-packages/mav_planning_msgs/msg/__pycache__/_PointCloudWithPose.cpython-38.pyc
-- Installing: /home/quinton/catkin_ws/src/install/mav_planning_msgs/lib/python3/dist-packages/mav_planning_msgs/msg/__pycache__/_Polygon2D.cpython-38.pyc
-- Installing: /home/quinton/catkin_ws/src/install/mav_planning_msgs/lib/python3/dist-packages/mav_planning_msgs/msg/__pycache__/_PolynomialSegment4D.cpython-38.pyc
-- Installing: /home/quinton/catkin_ws/src/install/mav_planning_msgs/lib/python3/dist-packages/mav_planning_msgs/msg/__pycache__/_PolynomialTrajectory.cpython-38.pyc
-- Installing: /home/quinton/catkin_ws/src/install/mav_planning_msgs/lib/python3/dist-packages/mav_planning_msgs/msg/__pycache__/_PolygonWithHoles.cpython-38.pyc
-- Installing: /home/quinton/catkin_ws/src/install/mav_planning_msgs/lib/python3/dist-packages/mav_planning_msgs/msg/_PolygonWithHolesStamped.py
-- Installing: /home/quinton/catkin_ws/src/install/mav_planning_msgs/lib/python3/dist-packages/mav_planning_msgs/msg/_Polygon2D.py
-- Installing: /home/quinton/catkin_ws/src/install/mav_planning_msgs/lib/python3/dist-packages/mav_planning_msgs/msg/_PolynomialTrajectory4D.py
-- Installing: /home/quinton/catkin_ws/src/install/mav_planning_msgs/lib/python3/dist-packages/mav_planning_msgs/msg/_PolynomialSegment.py
-- Installing: /home/quinton/catkin_ws/src/install/mav_planning_msgs/lib/python3/dist-packages/mav_planning_msgs/msg/_Point2D.py
-- Installing: /home/quinton/catkin_ws/src/install/mav_planning_msgs/lib/python3/dist-packages/mav_planning_msgs/msg/_PolynomialTrajectory.py
-- Installing: /home/quinton/catkin_ws/src/install/mav_planning_msgs/lib/python3/dist-packages/mav_planning_msgs/msg/__init__.py
-- Installing: /home/quinton/catkin_ws/src/install/mav_planning_msgs/lib/python3/dist-packages/mav_planning_msgs/msg/_PolygonWithHoles.py
-- Installing: /home/quinton/catkin_ws/src/install/mav_planning_msgs/lib/python3/dist-packages/mav_planning_msgs/msg/_PolynomialSegment4D.py
-- Installing: /home/quinton/catkin_ws/src/install/mav_planning_msgs/lib/pkgconfig/mav_planning_msgs.pc
-- Installing: /home/quinton/catkin_ws/src/install/mav_planning_msgs/share/mav_planning_msgs/cmake/mav_planning_msgs-msg-extras.cmake
-- Installing: /home/quinton/catkin_ws/src/install/mav_planning_msgs/share/mav_planning_msgs/cmake/mav_planning_msgsConfig.cmake
-- Installing: /home/quinton/catkin_ws/src/install/mav_planning_msgs/share/mav_planning_msgs/cmake/mav_planning_msgsConfig-version.cmake
-- Installing: /home/quinton/catkin_ws/src/install/mav_planning_msgs/share/mav_planning_msgs/package.xml
