[0.280s] Invoking command in '/home/quinton/catkin_ws/src/build/rotors_joy_interface': CMAKE_PREFIX_PATH=/home/quinton/catkin_ws/src/install/mav_msgs:${CMAKE_PREFIX_PATH} PKG_CONFIG_PATH=/home/quinton/catkin_ws/src/install/mav_msgs/lib/x86_64-linux-gnu/pkgconfig:/home/quinton/catkin_ws/src/install/mav_msgs/lib/pkgconfig:${PKG_CONFIG_PATH} PYTHONPATH=/home/quinton/catkin_ws/src/install/mav_msgs/lib/python3/dist-packages:${PYTHONPATH} ROS_PACKAGE_PATH=/home/quinton/catkin_ws/src/install/mav_msgs/share:${ROS_PACKAGE_PATH} /usr/bin/cmake --build /home/quinton/catkin_ws/src/build/rotors_joy_interface -- -j16 -l16
[0.452s] [  0%] Built target mav_msgs_generate_messages_nodejs
[0.485s] [  0%] Built target trajectory_msgs_generate_messages_nodejs
[0.487s] [  0%] Built target trajectory_msgs_generate_messages_lisp
[0.491s] [  0%] Built target trajectory_msgs_generate_messages_eus
[0.497s] [  0%] Built target trajectory_msgs_generate_messages_py
[0.524s] [  0%] Built target actionlib_msgs_generate_messages_nodejs
[0.561s] [  0%] Built target mav_msgs_generate_messages_py
[0.568s] [  0%] Built target sensor_msgs_generate_messages_lisp
[0.580s] [  0%] Built target trajectory_msgs_generate_messages_cpp
[0.645s] [  0%] Built target nav_msgs_generate_messages_cpp
[0.646s] [  0%] Built target nav_msgs_generate_messages_lisp
[0.646s] [  0%] Built target sensor_msgs_generate_messages_nodejs
[0.647s] [  0%] Built target actionlib_msgs_generate_messages_lisp
[0.647s] [  0%] Built target nav_msgs_generate_messages_eus
[0.655s] [  0%] Built target roscpp_generate_messages_eus
[0.655s] [  0%] Built target actionlib_msgs_generate_messages_cpp
[0.659s] [  0%] Built target sensor_msgs_generate_messages_py
[0.667s] [  0%] Built target nav_msgs_generate_messages_py
[0.667s] [  0%] Built target sensor_msgs_generate_messages_cpp
[0.746s] [  0%] Built target roscpp_generate_messages_py
[0.750s] [  0%] Built target roscpp_generate_messages_nodejs
[0.751s] [  0%] Built target rosgraph_msgs_generate_messages_cpp
[0.754s] [  0%] Built target rosgraph_msgs_generate_messages_eus
[0.755s] [  0%] Built target geometry_msgs_generate_messages_py
[0.764s] [  0%] Built target std_msgs_generate_messages_eus
[0.764s] [  0%] Built target rosgraph_msgs_generate_messages_py
[0.785s] [  0%] Built target geometry_msgs_generate_messages_lisp
[0.786s] [  0%] Built target rosgraph_msgs_generate_messages_lisp
[0.790s] [  0%] Built target geometry_msgs_generate_messages_cpp
[0.795s] [  0%] Built target geometry_msgs_generate_messages_nodejs
[0.802s] [  0%] Built target nav_msgs_generate_messages_nodejs
[0.809s] [  0%] Built target std_msgs_generate_messages_lisp
[0.809s] [  0%] Built target actionlib_msgs_generate_messages_eus
[0.855s] [  0%] Built target roscpp_generate_messages_lisp
[0.865s] [  0%] Built target actionlib_msgs_generate_messages_py
[0.868s] [  0%] Built target rosgraph_msgs_generate_messages_nodejs
[0.892s] [  0%] Built target mav_msgs_generate_messages_cpp
[0.892s] [  0%] Built target std_msgs_generate_messages_nodejs
[0.899s] [  0%] Built target std_msgs_generate_messages_py
[0.902s] [  0%] Built target mav_msgs_generate_messages_lisp
[0.903s] [  0%] Built target mav_msgs_generate_messages_eus
[0.907s] [  0%] Built target std_msgs_generate_messages_cpp
[0.913s] [  0%] Built target geometry_msgs_generate_messages_eus
[0.913s] [  0%] Built target sensor_msgs_generate_messages_eus
[0.956s] [  0%] Built target roscpp_generate_messages_cpp
[1.020s] [100%] Built target rotors_joy_interface
[1.839s] Invoked command in '/home/quinton/catkin_ws/src/build/rotors_joy_interface' returned '0': CMAKE_PREFIX_PATH=/home/quinton/catkin_ws/src/install/mav_msgs:${CMAKE_PREFIX_PATH} PKG_CONFIG_PATH=/home/quinton/catkin_ws/src/install/mav_msgs/lib/x86_64-linux-gnu/pkgconfig:/home/quinton/catkin_ws/src/install/mav_msgs/lib/pkgconfig:${PKG_CONFIG_PATH} PYTHONPATH=/home/quinton/catkin_ws/src/install/mav_msgs/lib/python3/dist-packages:${PYTHONPATH} ROS_PACKAGE_PATH=/home/quinton/catkin_ws/src/install/mav_msgs/share:${ROS_PACKAGE_PATH} /usr/bin/cmake --build /home/quinton/catkin_ws/src/build/rotors_joy_interface -- -j16 -l16
[2.197s] Invoking command in '/home/quinton/catkin_ws/src/build/rotors_joy_interface': CMAKE_PREFIX_PATH=/home/quinton/catkin_ws/src/install/mav_msgs:${CMAKE_PREFIX_PATH} PKG_CONFIG_PATH=/home/quinton/catkin_ws/src/install/mav_msgs/lib/x86_64-linux-gnu/pkgconfig:/home/quinton/catkin_ws/src/install/mav_msgs/lib/pkgconfig:${PKG_CONFIG_PATH} PYTHONPATH=/home/quinton/catkin_ws/src/install/mav_msgs/lib/python3/dist-packages:${PYTHONPATH} ROS_PACKAGE_PATH=/home/quinton/catkin_ws/src/install/mav_msgs/share:${ROS_PACKAGE_PATH} /usr/bin/cmake --build /home/quinton/catkin_ws/src/build/rotors_joy_interface --target tests -- -j16 -l16
[2.318s] Built target tests
[2.764s] Invoked command in '/home/quinton/catkin_ws/src/build/rotors_joy_interface' returned '0': CMAKE_PREFIX_PATH=/home/quinton/catkin_ws/src/install/mav_msgs:${CMAKE_PREFIX_PATH} PKG_CONFIG_PATH=/home/quinton/catkin_ws/src/install/mav_msgs/lib/x86_64-linux-gnu/pkgconfig:/home/quinton/catkin_ws/src/install/mav_msgs/lib/pkgconfig:${PKG_CONFIG_PATH} PYTHONPATH=/home/quinton/catkin_ws/src/install/mav_msgs/lib/python3/dist-packages:${PYTHONPATH} ROS_PACKAGE_PATH=/home/quinton/catkin_ws/src/install/mav_msgs/share:${ROS_PACKAGE_PATH} /usr/bin/cmake --build /home/quinton/catkin_ws/src/build/rotors_joy_interface --target tests -- -j16 -l16
[2.861s] Invoking command in '/home/quinton/catkin_ws/src/build/rotors_joy_interface': CMAKE_PREFIX_PATH=/home/quinton/catkin_ws/src/install/mav_msgs:${CMAKE_PREFIX_PATH} PKG_CONFIG_PATH=/home/quinton/catkin_ws/src/install/mav_msgs/lib/x86_64-linux-gnu/pkgconfig:/home/quinton/catkin_ws/src/install/mav_msgs/lib/pkgconfig:${PKG_CONFIG_PATH} PYTHONPATH=/home/quinton/catkin_ws/src/install/mav_msgs/lib/python3/dist-packages:${PYTHONPATH} ROS_PACKAGE_PATH=/home/quinton/catkin_ws/src/install/mav_msgs/share:${ROS_PACKAGE_PATH} /usr/bin/cmake --install /home/quinton/catkin_ws/src/build/rotors_joy_interface
[2.879s] -- Install configuration: ""
[2.881s] -- Up-to-date: /home/quinton/catkin_ws/src/install/rotors_joy_interface/lib/pkgconfig/rotors_joy_interface.pc
[2.884s] -- Up-to-date: /home/quinton/catkin_ws/src/install/rotors_joy_interface/share/rotors_joy_interface/cmake/rotors_joy_interfaceConfig.cmake
[2.884s] -- Up-to-date: /home/quinton/catkin_ws/src/install/rotors_joy_interface/share/rotors_joy_interface/cmake/rotors_joy_interfaceConfig-version.cmake
[2.884s] -- Up-to-date: /home/quinton/catkin_ws/src/install/rotors_joy_interface/share/rotors_joy_interface/package.xml
[2.887s] -- Up-to-date: /home/quinton/catkin_ws/src/install/rotors_joy_interface/lib/rotors_joy_interface/rotors_joy_interface
[3.515s] Invoked command in '/home/quinton/catkin_ws/src/build/rotors_joy_interface' returned '0': CMAKE_PREFIX_PATH=/home/quinton/catkin_ws/src/install/mav_msgs:${CMAKE_PREFIX_PATH} PKG_CONFIG_PATH=/home/quinton/catkin_ws/src/install/mav_msgs/lib/x86_64-linux-gnu/pkgconfig:/home/quinton/catkin_ws/src/install/mav_msgs/lib/pkgconfig:${PKG_CONFIG_PATH} PYTHONPATH=/home/quinton/catkin_ws/src/install/mav_msgs/lib/python3/dist-packages:${PYTHONPATH} ROS_PACKAGE_PATH=/home/quinton/catkin_ws/src/install/mav_msgs/share:${ROS_PACKAGE_PATH} /usr/bin/cmake --install /home/quinton/catkin_ws/src/build/rotors_joy_interface
