-- The C compiler identification is GNU 9.4.0
-- The CXX compiler identification is GNU 9.4.0
-- Check for working C compiler: /usr/bin/cc
-- Check for working C compiler: /usr/bin/cc -- works
-- Detecting C compiler ABI info
-- Detecting C compiler ABI info - done
-- Detecting C compile features
-- Detecting C compile features - done
-- Check for working CXX compiler: /usr/bin/c++
-- Check for working CXX compiler: /usr/bin/c++ -- works
-- Detecting CXX compiler ABI info
-- Detecting CXX compiler ABI info - done
-- Detecting CXX compile features
-- Detecting CXX compile features - done
-- Using CATKIN_DEVEL_PREFIX: /home/quinton/catkin_ws/src/build/nlopt/devel
-- Using CMAKE_PREFIX_PATH: /home/quinton/catkin_ws/devel;/opt/ros/noetic
-- This workspace overlays: /home/quinton/catkin_ws/devel;/opt/ros/noetic
-- Found PythonInterp: /usr/bin/python3 (found suitable version "3.8.10", minimum required is "3") 
-- Using PYTHON_EXECUTABLE: /usr/bin/python3
-- Using Debian Python package layout
-- Found PY_em: /usr/lib/python3/dist-packages/em.py  
-- Using empy: /usr/lib/python3/dist-packages/em.py
-- Using CATKIN_ENABLE_TESTING: ON
-- Call enable_testing()
-- Using CATKIN_TEST_RESULTS_DIR: /home/quinton/catkin_ws/src/build/nlopt/test_results
-- Forcing gtest/gmock from source, though one was otherwise available.
-- Found gtest sources under '/usr/src/googletest': gtests will be built
-- Found gmock sources under '/usr/src/googletest': gmock will be built
-- Found PythonInterp: /usr/bin/python3 (found version "3.8.10") 
-- Found Threads: TRUE  
-- Using Python nosetests: /usr/bin/nosetests3
-- catkin 0.8.10
-- BUILD_SHARED_LIBS is on
-- Configuring done
-- Generating done
-- Build files have been written to: /home/quinton/catkin_ws/src/build/nlopt
[35m[1mScanning dependencies of target nlopt_src[0m
[ 10%] [34m[1mCreating directories for 'nlopt_src'[0m
[ 20%] [34m[1mPerforming download step for 'nlopt_src'[0m
--2023-10-10 14:31:47--  https://github.com/ethz-asl/thirdparty_library_binaries/raw/master/nlopt-2.4.2.tar.gz
Resolving github.com (github.com)... 20.205.243.166
Connecting to github.com (github.com)|20.205.243.166|:443... connected.
HTTP request sent, awaiting response... make[2]: *** [CMakeFiles/nlopt_src.dir/build.make:90: nlopt_src-prefix/src/nlopt_src-stamp/nlopt_src-download] Interrupt
make[1]: *** [CMakeFiles/Makefile2:305: CMakeFiles/nlopt_src.dir/all] Interrupt
make: *** [Makefile:141: all] Interrupt
