[0.370s] Invoking command in '/home/quinton/catkin_ws/src/build/mav_system_msgs': /usr/bin/cmake /home/quinton/catkin_ws/src/mav_comm/mav_system_msgs -DCATKIN_INSTALL_INTO_PREFIX_ROOT=0 -DCMAKE_INSTALL_PREFIX=/home/quinton/catkin_ws/src/install/mav_system_msgs
[0.570s] -- The C compiler identification is GNU 9.4.0
[0.754s] -- The CXX compiler identification is GNU 9.4.0
[0.824s] -- Check for working C compiler: /usr/bin/cc
[0.938s] -- Check for working C compiler: /usr/bin/cc -- works
[0.942s] -- Detecting C compiler ABI info
[1.065s] -- Detecting C compiler ABI info - done
[1.078s] -- Detecting C compile features
[1.078s] -- Detecting C compile features - done
[1.083s] -- Check for working CXX compiler: /usr/bin/c++
[1.227s] -- Check for working CXX compiler: /usr/bin/c++ -- works
[1.228s] -- Detecting CXX compiler ABI info
[1.370s] -- Detecting CXX compiler ABI info - done
[1.389s] -- Detecting CXX compile features
[1.391s] -- Detecting CXX compile features - done
[1.392s] -- Using CATKIN_DEVEL_PREFIX: /home/quinton/catkin_ws/src/build/mav_system_msgs/devel
[1.393s] -- Using CMAKE_PREFIX_PATH: /home/quinton/catkin_ws/devel;/opt/ros/noetic
[1.393s] -- This workspace overlays: /home/quinton/catkin_ws/devel;/opt/ros/noetic
[1.421s] -- Found PythonInterp: /usr/bin/python3 (found suitable version "3.8.10", minimum required is "3") 
[1.421s] -- Using PYTHON_EXECUTABLE: /usr/bin/python3
[1.421s] -- Using Debian Python package layout
[1.478s] -- Found PY_em: /usr/lib/python3/dist-packages/em.py  
[1.478s] -- Using empy: /usr/lib/python3/dist-packages/em.py
[1.649s] -- Using CATKIN_ENABLE_TESTING: ON
[1.649s] -- Call enable_testing()
[1.652s] -- Using CATKIN_TEST_RESULTS_DIR: /home/quinton/catkin_ws/src/build/mav_system_msgs/test_results
[3.837s] -- Forcing gtest/gmock from source, though one was otherwise available.
[3.837s] -- Found gtest sources under '/usr/src/googletest': gtests will be built
[3.837s] -- Found gmock sources under '/usr/src/googletest': gmock will be built
[3.885s] -- Found PythonInterp: /usr/bin/python3 (found version "3.8.10") 
[3.888s] -- Found Threads: TRUE  
[3.958s] -- Using Python nosetests: /usr/bin/nosetests3
[4.115s] -- catkin 0.8.10
[4.115s] -- BUILD_SHARED_LIBS is on
[4.329s] -- Using these message generators: gencpp;geneus;genlisp;gennodejs;genpy
[4.642s] -- mav_system_msgs: 2 messages, 0 services
[4.886s] -- Configuring done
[4.912s] -- Generating done
[4.916s] -- Build files have been written to: /home/quinton/catkin_ws/src/build/mav_system_msgs
[5.190s] Invoked command in '/home/quinton/catkin_ws/src/build/mav_system_msgs' returned '0': /usr/bin/cmake /home/quinton/catkin_ws/src/mav_comm/mav_system_msgs -DCATKIN_INSTALL_INTO_PREFIX_ROOT=0 -DCMAKE_INSTALL_PREFIX=/home/quinton/catkin_ws/src/install/mav_system_msgs
[5.193s] Invoking command in '/home/quinton/catkin_ws/src/build/mav_system_msgs': /usr/bin/cmake --build /home/quinton/catkin_ws/src/build/mav_system_msgs -- -j16 -l16
[5.254s] [35m[1mScanning dependencies of target std_msgs_generate_messages_py[0m
[5.254s] [35m[1mScanning dependencies of target _mav_system_msgs_generate_messages_check_deps_CpuInfo[0m
[5.255s] [35m[1mScanning dependencies of target std_msgs_generate_messages_nodejs[0m
[5.255s] [35m[1mScanning dependencies of target _mav_system_msgs_generate_messages_check_deps_ProcessInfo[0m
[5.255s] [35m[1mScanning dependencies of target std_msgs_generate_messages_eus[0m
[5.261s] [35m[1mScanning dependencies of target std_msgs_generate_messages_cpp[0m
[5.261s] [35m[1mScanning dependencies of target std_msgs_generate_messages_lisp[0m
[5.261s] [  0%] Built target std_msgs_generate_messages_py
[5.262s] [  0%] Built target std_msgs_generate_messages_nodejs
[5.270s] [  0%] Built target std_msgs_generate_messages_eus
[5.275s] [  0%] Built target std_msgs_generate_messages_cpp
[5.290s] [  0%] Built target std_msgs_generate_messages_lisp
[5.347s] [  0%] Built target _mav_system_msgs_generate_messages_check_deps_CpuInfo
[5.427s] [  0%] Built target _mav_system_msgs_generate_messages_check_deps_ProcessInfo
[5.446s] [35m[1mScanning dependencies of target mav_system_msgs_generate_messages_py[0m
[5.446s] [35m[1mScanning dependencies of target mav_system_msgs_generate_messages_eus[0m
[5.454s] [35m[1mScanning dependencies of target mav_system_msgs_generate_messages_cpp[0m
[5.469s] [  8%] [34m[1mGenerating EusLisp manifest code for mav_system_msgs[0m
[5.474s] [ 16%] [34m[1mGenerating EusLisp code from mav_system_msgs/CpuInfo.msg[0m
[5.474s] [ 25%] [34m[1mGenerating EusLisp code from mav_system_msgs/ProcessInfo.msg[0m
[5.474s] [35m[1mScanning dependencies of target mav_system_msgs_generate_messages_nodejs[0m
[5.485s] [ 33%] [34m[1mGenerating C++ code from mav_system_msgs/ProcessInfo.msg[0m
[5.491s] [35m[1mScanning dependencies of target mav_system_msgs_generate_messages_lisp[0m
[5.491s] [ 41%] [34m[1mGenerating Python from MSG mav_system_msgs/ProcessInfo[0m
[5.495s] [ 50%] [34m[1mGenerating C++ code from mav_system_msgs/CpuInfo.msg[0m
[5.528s] [ 58%] [34m[1mGenerating Python from MSG mav_system_msgs/CpuInfo[0m
[5.568s] [ 66%] [34m[1mGenerating Lisp code from mav_system_msgs/CpuInfo.msg[0m
[5.568s] [ 75%] [34m[1mGenerating Javascript code from mav_system_msgs/CpuInfo.msg[0m
[5.569s] [ 83%] [34m[1mGenerating Lisp code from mav_system_msgs/ProcessInfo.msg[0m
[5.569s] [ 91%] [34m[1mGenerating Javascript code from mav_system_msgs/ProcessInfo.msg[0m
[5.779s] [ 91%] Built target mav_system_msgs_generate_messages_lisp
[5.848s] [ 91%] Built target mav_system_msgs_generate_messages_nodejs
[6.011s] [ 91%] Built target mav_system_msgs_generate_messages_cpp
[6.305s] [100%] [34m[1mGenerating Python msg __init__.py for mav_system_msgs[0m
[6.883s] [100%] Built target mav_system_msgs_generate_messages_py
[7.153s] [100%] Built target mav_system_msgs_generate_messages_eus
[7.160s] [35m[1mScanning dependencies of target mav_system_msgs_generate_messages[0m
[7.169s] [100%] Built target mav_system_msgs_generate_messages
[7.717s] Invoked command in '/home/quinton/catkin_ws/src/build/mav_system_msgs' returned '0': /usr/bin/cmake --build /home/quinton/catkin_ws/src/build/mav_system_msgs -- -j16 -l16
[7.802s] Invoking command in '/home/quinton/catkin_ws/src/build/mav_system_msgs': /usr/bin/cmake --build /home/quinton/catkin_ws/src/build/mav_system_msgs --target tests -- -j16 -l16
[7.874s] [35m[1mScanning dependencies of target tests[0m
[7.890s] Built target tests
[7.913s] Invoked command in '/home/quinton/catkin_ws/src/build/mav_system_msgs' returned '0': /usr/bin/cmake --build /home/quinton/catkin_ws/src/build/mav_system_msgs --target tests -- -j16 -l16
[7.988s] Invoking command in '/home/quinton/catkin_ws/src/build/mav_system_msgs': /usr/bin/cmake --install /home/quinton/catkin_ws/src/build/mav_system_msgs
[7.990s] -- Install configuration: ""
[7.990s] -- Installing: /home/quinton/catkin_ws/src/install/mav_system_msgs/share/mav_system_msgs/msg/CpuInfo.msg
[7.990s] -- Installing: /home/quinton/catkin_ws/src/install/mav_system_msgs/share/mav_system_msgs/msg/ProcessInfo.msg
[7.991s] -- Installing: /home/quinton/catkin_ws/src/install/mav_system_msgs/share/mav_system_msgs/cmake/mav_system_msgs-msg-paths.cmake
[7.991s] -- Installing: /home/quinton/catkin_ws/src/install/mav_system_msgs/include/mav_system_msgs
[7.991s] -- Installing: /home/quinton/catkin_ws/src/install/mav_system_msgs/include/mav_system_msgs/ProcessInfo.h
[7.991s] -- Installing: /home/quinton/catkin_ws/src/install/mav_system_msgs/include/mav_system_msgs/CpuInfo.h
[7.992s] -- Installing: /home/quinton/catkin_ws/src/install/mav_system_msgs/share/roseus/ros/mav_system_msgs
[7.993s] -- Installing: /home/quinton/catkin_ws/src/install/mav_system_msgs/share/roseus/ros/mav_system_msgs/manifest.l
[7.994s] -- Installing: /home/quinton/catkin_ws/src/install/mav_system_msgs/share/roseus/ros/mav_system_msgs/msg
[7.994s] -- Installing: /home/quinton/catkin_ws/src/install/mav_system_msgs/share/roseus/ros/mav_system_msgs/msg/CpuInfo.l
[7.994s] -- Installing: /home/quinton/catkin_ws/src/install/mav_system_msgs/share/roseus/ros/mav_system_msgs/msg/ProcessInfo.l
[7.995s] -- Installing: /home/quinton/catkin_ws/src/install/mav_system_msgs/share/common-lisp/ros/mav_system_msgs
[7.995s] -- Installing: /home/quinton/catkin_ws/src/install/mav_system_msgs/share/common-lisp/ros/mav_system_msgs/msg
[7.996s] -- Installing: /home/quinton/catkin_ws/src/install/mav_system_msgs/share/common-lisp/ros/mav_system_msgs/msg/_package.lisp
[7.996s] -- Installing: /home/quinton/catkin_ws/src/install/mav_system_msgs/share/common-lisp/ros/mav_system_msgs/msg/_package_ProcessInfo.lisp
[7.996s] -- Installing: /home/quinton/catkin_ws/src/install/mav_system_msgs/share/common-lisp/ros/mav_system_msgs/msg/mav_system_msgs-msg.asd
[7.996s] -- Installing: /home/quinton/catkin_ws/src/install/mav_system_msgs/share/common-lisp/ros/mav_system_msgs/msg/CpuInfo.lisp
[7.996s] -- Installing: /home/quinton/catkin_ws/src/install/mav_system_msgs/share/common-lisp/ros/mav_system_msgs/msg/_package_CpuInfo.lisp
[7.996s] -- Installing: /home/quinton/catkin_ws/src/install/mav_system_msgs/share/common-lisp/ros/mav_system_msgs/msg/ProcessInfo.lisp
[7.997s] -- Installing: /home/quinton/catkin_ws/src/install/mav_system_msgs/share/gennodejs/ros/mav_system_msgs
[7.997s] -- Installing: /home/quinton/catkin_ws/src/install/mav_system_msgs/share/gennodejs/ros/mav_system_msgs/_index.js
[7.997s] -- Installing: /home/quinton/catkin_ws/src/install/mav_system_msgs/share/gennodejs/ros/mav_system_msgs/msg
[7.997s] -- Installing: /home/quinton/catkin_ws/src/install/mav_system_msgs/share/gennodejs/ros/mav_system_msgs/msg/ProcessInfo.js
[7.998s] -- Installing: /home/quinton/catkin_ws/src/install/mav_system_msgs/share/gennodejs/ros/mav_system_msgs/msg/_index.js
[7.998s] -- Installing: /home/quinton/catkin_ws/src/install/mav_system_msgs/share/gennodejs/ros/mav_system_msgs/msg/CpuInfo.js
[8.061s] Listing '/home/quinton/catkin_ws/src/build/mav_system_msgs/devel/lib/python3/dist-packages/mav_system_msgs'...
[8.061s] Compiling '/home/quinton/catkin_ws/src/build/mav_system_msgs/devel/lib/python3/dist-packages/mav_system_msgs/__init__.py'...
[8.061s] Listing '/home/quinton/catkin_ws/src/build/mav_system_msgs/devel/lib/python3/dist-packages/mav_system_msgs/msg'...
[8.061s] Compiling '/home/quinton/catkin_ws/src/build/mav_system_msgs/devel/lib/python3/dist-packages/mav_system_msgs/msg/_CpuInfo.py'...
[8.062s] Compiling '/home/quinton/catkin_ws/src/build/mav_system_msgs/devel/lib/python3/dist-packages/mav_system_msgs/msg/_ProcessInfo.py'...
[8.062s] Compiling '/home/quinton/catkin_ws/src/build/mav_system_msgs/devel/lib/python3/dist-packages/mav_system_msgs/msg/__init__.py'...
[8.068s] -- Installing: /home/quinton/catkin_ws/src/install/mav_system_msgs/lib/python3/dist-packages/mav_system_msgs
[8.068s] -- Installing: /home/quinton/catkin_ws/src/install/mav_system_msgs/lib/python3/dist-packages/mav_system_msgs/__pycache__
[8.068s] -- Installing: /home/quinton/catkin_ws/src/install/mav_system_msgs/lib/python3/dist-packages/mav_system_msgs/__pycache__/__init__.cpython-38.pyc
[8.068s] -- Installing: /home/quinton/catkin_ws/src/install/mav_system_msgs/lib/python3/dist-packages/mav_system_msgs/__init__.py
[8.068s] -- Installing: /home/quinton/catkin_ws/src/install/mav_system_msgs/lib/python3/dist-packages/mav_system_msgs/msg
[8.069s] -- Installing: /home/quinton/catkin_ws/src/install/mav_system_msgs/lib/python3/dist-packages/mav_system_msgs/msg/__pycache__
[8.069s] -- Installing: /home/quinton/catkin_ws/src/install/mav_system_msgs/lib/python3/dist-packages/mav_system_msgs/msg/__pycache__/__init__.cpython-38.pyc
[8.069s] -- Installing: /home/quinton/catkin_ws/src/install/mav_system_msgs/lib/python3/dist-packages/mav_system_msgs/msg/__pycache__/_ProcessInfo.cpython-38.pyc
[8.069s] -- Installing: /home/quinton/catkin_ws/src/install/mav_system_msgs/lib/python3/dist-packages/mav_system_msgs/msg/__pycache__/_CpuInfo.cpython-38.pyc
[8.069s] -- Installing: /home/quinton/catkin_ws/src/install/mav_system_msgs/lib/python3/dist-packages/mav_system_msgs/msg/_CpuInfo.py
[8.069s] -- Installing: /home/quinton/catkin_ws/src/install/mav_system_msgs/lib/python3/dist-packages/mav_system_msgs/msg/_ProcessInfo.py
[8.070s] -- Installing: /home/quinton/catkin_ws/src/install/mav_system_msgs/lib/python3/dist-packages/mav_system_msgs/msg/__init__.py
[8.070s] -- Installing: /home/quinton/catkin_ws/src/install/mav_system_msgs/lib/pkgconfig/mav_system_msgs.pc
[8.070s] -- Installing: /home/quinton/catkin_ws/src/install/mav_system_msgs/share/mav_system_msgs/cmake/mav_system_msgs-msg-extras.cmake
[8.070s] -- Installing: /home/quinton/catkin_ws/src/install/mav_system_msgs/share/mav_system_msgs/cmake/mav_system_msgsConfig.cmake
[8.070s] -- Installing: /home/quinton/catkin_ws/src/install/mav_system_msgs/share/mav_system_msgs/cmake/mav_system_msgsConfig-version.cmake
[8.071s] -- Installing: /home/quinton/catkin_ws/src/install/mav_system_msgs/share/mav_system_msgs/package.xml
[8.777s] Invoked command in '/home/quinton/catkin_ws/src/build/mav_system_msgs' returned '0': /usr/bin/cmake --install /home/quinton/catkin_ws/src/build/mav_system_msgs
