[0.611s] Invoking command in '/home/quinton/catkin_ws/src/build/mav_disturbance_observer': CMAKE_PREFIX_PATH=/home/quinton/catkin_ws/src/install/mav_msgs:/home/quinton/catkin_ws/src/install/catkin_simple:${CMAKE_PREFIX_PATH} PKG_CONFIG_PATH=/home/quinton/catkin_ws/src/install/mav_msgs/lib/x86_64-linux-gnu/pkgconfig:/home/quinton/catkin_ws/src/install/mav_msgs/lib/pkgconfig:/home/quinton/catkin_ws/src/install/catkin_simple/lib/x86_64-linux-gnu/pkgconfig:/home/quinton/catkin_ws/src/install/catkin_simple/lib/pkgconfig:${PKG_CONFIG_PATH} PYTHONPATH=/home/quinton/catkin_ws/src/install/mav_msgs/lib/python3/dist-packages:${PYTHONPATH} ROS_PACKAGE_PATH=/home/quinton/catkin_ws/src/install/mav_msgs/share:/home/quinton/catkin_ws/src/install/catkin_simple/share:${ROS_PACKAGE_PATH} /usr/bin/cmake --build /home/quinton/catkin_ws/src/build/mav_disturbance_observer -- -j16 -l16
[0.830s] [  0%] Built target roscpp_generate_messages_cpp
[0.841s] [  0%] Built target mav_msgs_generate_messages_lisp
[0.841s] [  0%] Built target tf_generate_messages_cpp
[0.850s] [  0%] Built target dynamic_reconfigure_generate_messages_cpp
[0.850s] [  0%] Built target mav_msgs_generate_messages_cpp
[0.861s] [  0%] Built target roscpp_generate_messages_lisp
[0.905s] [  0%] Built target dynamic_reconfigure_generate_messages_lisp
[0.908s] [  0%] Built target _mav_disturbance_observer_generate_messages_check_deps_ObserverState
[0.916s] [  0%] Built target roscpp_generate_messages_eus
[0.918s] [  0%] Built target tf_generate_messages_lisp
[0.945s] [  0%] Built target tf_generate_messages_nodejs
[0.948s] [  0%] Built target dynamic_reconfigure_generate_messages_eus
[0.948s] [  0%] Built target mav_msgs_generate_messages_eus
[0.953s] [  0%] Built target tf_generate_messages_eus
[0.955s] [  0%] Built target mav_msgs_generate_messages_nodejs
[0.969s] [  0%] Built target roscpp_generate_messages_nodejs
[0.972s] [  0%] Built target tf_generate_messages_py
[0.973s] [  0%] Built target dynamic_reconfigure_generate_messages_nodejs
[1.007s] [  0%] Built target mav_msgs_generate_messages_py
[1.022s] [  0%] Built target tf2_msgs_generate_messages_nodejs
[1.024s] [  0%] Built target tf2_msgs_generate_messages_lisp
[1.035s] [  0%] Built target dynamic_reconfigure_generate_messages_py
[1.035s] [  0%] Built target roscpp_generate_messages_py
[1.035s] [  0%] Built target actionlib_generate_messages_nodejs
[1.068s] [  0%] Built target actionlib_generate_messages_py
[1.088s] [  0%] Built target tf2_msgs_generate_messages_eus
[1.095s] [  0%] Built target sensor_msgs_generate_messages_py
[1.107s] [  0%] Built target sensor_msgs_generate_messages_lisp
[1.117s] [  0%] Built target sensor_msgs_generate_messages_eus
[1.122s] [  0%] Built target std_msgs_generate_messages_nodejs
[1.128s] [  0%] Built target sensor_msgs_generate_messages_nodejs
[1.133s] [  0%] Built target actionlib_generate_messages_cpp
[1.133s] [  0%] Built target geometry_msgs_generate_messages_eus
[1.145s] [ 10%] Built target mav_disturbance_observer_gencfg
[1.191s] [ 10%] Built target std_msgs_generate_messages_py
[1.192s] [ 10%] Built target std_msgs_generate_messages_cpp
[1.201s] [ 10%] Built target actionlib_generate_messages_lisp
[1.204s] [ 10%] Built target tf2_msgs_generate_messages_py
[1.204s] [ 10%] Built target geometry_msgs_generate_messages_lisp
[1.211s] [ 10%] Built target trajectory_msgs_generate_messages_cpp
[1.251s] [ 10%] Built target std_msgs_generate_messages_lisp
[1.251s] [ 10%] Built target tf2_msgs_generate_messages_cpp
[1.256s] [ 10%] Built target sensor_msgs_generate_messages_cpp
[1.259s] [ 10%] Built target dynamic_reconfigure_gencfg
[1.306s] [ 10%] Built target rosgraph_msgs_generate_messages_lisp
[1.324s] [ 10%] Built target nav_msgs_generate_messages_nodejs
[1.325s] [ 10%] Built target actionlib_msgs_generate_messages_eus
[1.329s] [ 10%] Built target rosgraph_msgs_generate_messages_py
[1.340s] [ 10%] Built target nav_msgs_generate_messages_lisp
[1.341s] [ 10%] Built target geometry_msgs_generate_messages_nodejs
[1.342s] [ 10%] Built target geometry_msgs_generate_messages_cpp
[1.342s] [ 10%] Built target geometry_msgs_generate_messages_py
[1.356s] [ 10%] Built target actionlib_msgs_generate_messages_py
[1.356s] [ 10%] Built target trajectory_msgs_generate_messages_nodejs
[1.356s] [ 10%] Built target trajectory_msgs_generate_messages_lisp
[1.356s] [ 10%] Built target rosgraph_msgs_generate_messages_eus
[1.356s] [ 10%] Built target nav_msgs_generate_messages_cpp
[1.357s] [ 10%] Built target nav_msgs_generate_messages_py
[1.357s] [ 10%] Built target nav_msgs_generate_messages_eus
[1.357s] [ 10%] Built target actionlib_msgs_generate_messages_cpp
[1.371s] [ 10%] Built target rosgraph_msgs_generate_messages_nodejs
[1.385s] [ 10%] Built target actionlib_msgs_generate_messages_nodejs
[1.385s] [ 10%] Built target trajectory_msgs_generate_messages_eus
[1.388s] [ 10%] Built target std_msgs_generate_messages_eus
[1.389s] [ 10%] Built target actionlib_msgs_generate_messages_lisp
[1.403s] [ 10%] Built target rosgraph_msgs_generate_messages_cpp
[1.405s] [ 10%] Built target actionlib_generate_messages_eus
[1.418s] [ 10%] Built target trajectory_msgs_generate_messages_py
[1.418s] [ 30%] Built target mav_disturbance_observer_generate_messages_eus
[1.419s] [ 40%] Built target mav_disturbance_observer_generate_messages_cpp
[1.426s] [ 50%] Built target mav_disturbance_observer_generate_messages_lisp
[1.428s] [ 60%] Built target mav_disturbance_observer_generate_messages_nodejs
[1.430s] [ 80%] Built target mav_disturbance_observer_generate_messages_py
[1.445s] [ 80%] Built target mav_disturbance_observer_generate_messages
[1.453s] [ 90%] [32mBuilding CXX object CMakeFiles/KFDisturbanceObserverLibrary.dir/src/KF_disturbance_observer.cpp.o[0m
[68.801s] [100%] [32m[1mLinking CXX shared library devel/lib/libKFDisturbanceObserverLibrary.so[0m
[68.992s] [100%] Built target KFDisturbanceObserverLibrary
