-- The C compiler identification is GNU 9.4.0
-- The CXX compiler identification is GNU 9.4.0
-- Check for working C compiler: /usr/bin/cc
-- Check for working C compiler: /usr/bin/cc -- works
-- Detecting C compiler ABI info
-- Detecting C compiler ABI info - done
-- Detecting C compile features
-- Detecting C compile features - done
-- Check for working CXX compiler: /usr/bin/c++
-- Check for working CXX compiler: /usr/bin/c++ -- works
-- Detecting CXX compiler ABI info
-- Detecting CXX compiler ABI info - done
-- Detecting CXX compile features
-- Detecting CXX compile features - done
-- Using CATKIN_DEVEL_PREFIX: /home/quinton/catkin_ws/src/build/rotors_comm/devel
-- Using CMAKE_PREFIX_PATH: /home/quinton/catkin_ws/devel;/opt/ros/noetic
-- This workspace overlays: /home/quinton/catkin_ws/devel;/opt/ros/noetic
-- Found PythonInterp: /usr/bin/python3 (found suitable version "3.8.10", minimum required is "3") 
-- Using PYTHON_EXECUTABLE: /usr/bin/python3
-- Using Debian Python package layout
-- Found PY_em: /usr/lib/python3/dist-packages/em.py  
-- Using empy: /usr/lib/python3/dist-packages/em.py
-- Using CATKIN_ENABLE_TESTING: ON
-- Call enable_testing()
-- Using CATKIN_TEST_RESULTS_DIR: /home/quinton/catkin_ws/src/build/rotors_comm/test_results
-- Forcing gtest/gmock from source, though one was otherwise available.
-- Found gtest sources under '/usr/src/googletest': gtests will be built
-- Found gmock sources under '/usr/src/googletest': gmock will be built
-- Found PythonInterp: /usr/bin/python3 (found version "3.8.10") 
-- Found Threads: TRUE  
-- Using Python nosetests: /usr/bin/nosetests3
-- catkin 0.8.10
-- BUILD_SHARED_LIBS is on
-- Using these message generators: gencpp;geneus;genlisp;gennodejs;genpy
-- rotors_comm: 1 messages, 2 services
-- Configuring done
-- Generating done
-- Build files have been written to: /home/quinton/catkin_ws/src/build/rotors_comm
[35m[1mScanning dependencies of target _rotors_comm_generate_messages_check_deps_RecordRosbag[0m
[35m[1mScanning dependencies of target octomap_msgs_generate_messages_cpp[0m
[35m[1mScanning dependencies of target _rotors_comm_generate_messages_check_deps_Octomap[0m
[35m[1mScanning dependencies of target geometry_msgs_generate_messages_cpp[0m
[35m[1mScanning dependencies of target geometry_msgs_generate_messages_py[0m
[35m[1mScanning dependencies of target octomap_msgs_generate_messages_nodejs[0m
[35m[1mScanning dependencies of target _rotors_comm_generate_messages_check_deps_WindSpeed[0m
[35m[1mScanning dependencies of target geometry_msgs_generate_messages_nodejs[0m
[35m[1mScanning dependencies of target std_msgs_generate_messages_cpp[0m
[35m[1mScanning dependencies of target octomap_msgs_generate_messages_py[0m
[35m[1mScanning dependencies of target std_msgs_generate_messages_nodejs[0m
[35m[1mScanning dependencies of target std_msgs_generate_messages_py[0m
[  0%] Built target geometry_msgs_generate_messages_cpp
[  0%] Built target octomap_msgs_generate_messages_py
[  0%] Built target octomap_msgs_generate_messages_nodejs
[  0%] Built target geometry_msgs_generate_messages_py
[  0%] Built target octomap_msgs_generate_messages_cpp
[  0%] Built target std_msgs_generate_messages_nodejs
[  0%] Built target std_msgs_generate_messages_cpp
[  0%] Built target std_msgs_generate_messages_py
[  0%] Built target geometry_msgs_generate_messages_nodejs
[35m[1mScanning dependencies of target std_msgs_generate_messages_lisp[0m
[35m[1mScanning dependencies of target octomap_msgs_generate_messages_lisp[0m
[  0%] Built target _rotors_comm_generate_messages_check_deps_Octomap
[35m[1mScanning dependencies of target geometry_msgs_generate_messages_eus[0m
[35m[1mScanning dependencies of target octomap_msgs_generate_messages_eus[0m
[35m[1mScanning dependencies of target geometry_msgs_generate_messages_lisp[0m
[  0%] Built target _rotors_comm_generate_messages_check_deps_WindSpeed
[35m[1mScanning dependencies of target std_msgs_generate_messages_eus[0m
[  0%] Built target std_msgs_generate_messages_lisp
[  0%] Built target geometry_msgs_generate_messages_lisp
[  0%] Built target octomap_msgs_generate_messages_eus
[  0%] Built target geometry_msgs_generate_messages_eus
[  0%] Built target octomap_msgs_generate_messages_lisp
[  0%] Built target std_msgs_generate_messages_eus
[  0%] Built target _rotors_comm_generate_messages_check_deps_RecordRosbag
[35m[1mScanning dependencies of target rotors_comm_generate_messages_cpp[0m
[35m[1mScanning dependencies of target rotors_comm_generate_messages_nodejs[0m
[35m[1mScanning dependencies of target rotors_comm_generate_messages_py[0m
[35m[1mScanning dependencies of target rotors_comm_generate_messages_eus[0m
[35m[1mScanning dependencies of target rotors_comm_generate_messages_lisp[0m
[  5%] [34m[1mGenerating C++ code from rotors_comm/Octomap.srv[0m
[ 11%] [34m[1mGenerating C++ code from rotors_comm/WindSpeed.msg[0m
[ 16%] [34m[1mGenerating C++ code from rotors_comm/RecordRosbag.srv[0m
[ 22%] [34m[1mGenerating EusLisp code from rotors_comm/WindSpeed.msg[0m
[ 27%] [34m[1mGenerating EusLisp code from rotors_comm/RecordRosbag.srv[0m
[ 33%] [34m[1mGenerating EusLisp manifest code for rotors_comm[0m
[ 38%] [34m[1mGenerating EusLisp code from rotors_comm/Octomap.srv[0m
[ 50%] [34m[1mGenerating Python from MSG rotors_comm/WindSpeed[0m
[ 50%] [34m[1mGenerating Python code from SRV rotors_comm/Octomap[0m
[ 55%] [34m[1mGenerating Python code from SRV rotors_comm/RecordRosbag[0m
[ 61%] [34m[1mGenerating Javascript code from rotors_comm/Octomap.srv[0m
[ 66%] [34m[1mGenerating Javascript code from rotors_comm/WindSpeed.msg[0m
[ 72%] [34m[1mGenerating Javascript code from rotors_comm/RecordRosbag.srv[0m
[ 88%] [34m[1mGenerating Lisp code from rotors_comm/WindSpeed.msg[0m
[ 88%] [34m[1mGenerating Lisp code from rotors_comm/RecordRosbag.srv[0m
[ 88%] [34m[1mGenerating Lisp code from rotors_comm/Octomap.srv[0m
[ 88%] Built target rotors_comm_generate_messages_nodejs
[ 88%] Built target rotors_comm_generate_messages_lisp
[ 88%] Built target rotors_comm_generate_messages_cpp
[ 94%] [34m[1mGenerating Python msg __init__.py for rotors_comm[0m
[100%] [34m[1mGenerating Python srv __init__.py for rotors_comm[0m
[100%] Built target rotors_comm_generate_messages_py
[100%] Built target rotors_comm_generate_messages_eus
[35m[1mScanning dependencies of target rotors_comm_generate_messages[0m
[100%] Built target rotors_comm_generate_messages
[35m[1mScanning dependencies of target tests[0m
Built target tests
-- Install configuration: ""
-- Installing: /home/quinton/catkin_ws/src/install/rotors_comm/share/rotors_comm/srv/Octomap.srv
-- Installing: /home/quinton/catkin_ws/src/install/rotors_comm/share/rotors_comm/srv/RecordRosbag.srv
-- Installing: /home/quinton/catkin_ws/src/install/rotors_comm/share/rotors_comm/msg/WindSpeed.msg
-- Installing: /home/quinton/catkin_ws/src/install/rotors_comm/share/rotors_comm/cmake/rotors_comm-msg-paths.cmake
-- Installing: /home/quinton/catkin_ws/src/install/rotors_comm/include/rotors_comm
-- Installing: /home/quinton/catkin_ws/src/install/rotors_comm/include/rotors_comm/OctomapResponse.h
-- Installing: /home/quinton/catkin_ws/src/install/rotors_comm/include/rotors_comm/RecordRosbagResponse.h
-- Installing: /home/quinton/catkin_ws/src/install/rotors_comm/include/rotors_comm/RecordRosbagRequest.h
-- Installing: /home/quinton/catkin_ws/src/install/rotors_comm/include/rotors_comm/WindSpeed.h
-- Installing: /home/quinton/catkin_ws/src/install/rotors_comm/include/rotors_comm/Octomap.h
-- Installing: /home/quinton/catkin_ws/src/install/rotors_comm/include/rotors_comm/RecordRosbag.h
-- Installing: /home/quinton/catkin_ws/src/install/rotors_comm/include/rotors_comm/OctomapRequest.h
-- Installing: /home/quinton/catkin_ws/src/install/rotors_comm/share/roseus/ros/rotors_comm
-- Installing: /home/quinton/catkin_ws/src/install/rotors_comm/share/roseus/ros/rotors_comm/manifest.l
-- Installing: /home/quinton/catkin_ws/src/install/rotors_comm/share/roseus/ros/rotors_comm/srv
-- Installing: /home/quinton/catkin_ws/src/install/rotors_comm/share/roseus/ros/rotors_comm/srv/Octomap.l
-- Installing: /home/quinton/catkin_ws/src/install/rotors_comm/share/roseus/ros/rotors_comm/srv/RecordRosbag.l
-- Installing: /home/quinton/catkin_ws/src/install/rotors_comm/share/roseus/ros/rotors_comm/msg
-- Installing: /home/quinton/catkin_ws/src/install/rotors_comm/share/roseus/ros/rotors_comm/msg/WindSpeed.l
-- Installing: /home/quinton/catkin_ws/src/install/rotors_comm/share/common-lisp/ros/rotors_comm
-- Installing: /home/quinton/catkin_ws/src/install/rotors_comm/share/common-lisp/ros/rotors_comm/srv
-- Installing: /home/quinton/catkin_ws/src/install/rotors_comm/share/common-lisp/ros/rotors_comm/srv/_package.lisp
-- Installing: /home/quinton/catkin_ws/src/install/rotors_comm/share/common-lisp/ros/rotors_comm/srv/_package_Octomap.lisp
-- Installing: /home/quinton/catkin_ws/src/install/rotors_comm/share/common-lisp/ros/rotors_comm/srv/rotors_comm-srv.asd
-- Installing: /home/quinton/catkin_ws/src/install/rotors_comm/share/common-lisp/ros/rotors_comm/srv/RecordRosbag.lisp
-- Installing: /home/quinton/catkin_ws/src/install/rotors_comm/share/common-lisp/ros/rotors_comm/srv/_package_RecordRosbag.lisp
-- Installing: /home/quinton/catkin_ws/src/install/rotors_comm/share/common-lisp/ros/rotors_comm/srv/Octomap.lisp
-- Installing: /home/quinton/catkin_ws/src/install/rotors_comm/share/common-lisp/ros/rotors_comm/msg
-- Installing: /home/quinton/catkin_ws/src/install/rotors_comm/share/common-lisp/ros/rotors_comm/msg/_package.lisp
-- Installing: /home/quinton/catkin_ws/src/install/rotors_comm/share/common-lisp/ros/rotors_comm/msg/_package_WindSpeed.lisp
-- Installing: /home/quinton/catkin_ws/src/install/rotors_comm/share/common-lisp/ros/rotors_comm/msg/WindSpeed.lisp
-- Installing: /home/quinton/catkin_ws/src/install/rotors_comm/share/common-lisp/ros/rotors_comm/msg/rotors_comm-msg.asd
-- Installing: /home/quinton/catkin_ws/src/install/rotors_comm/share/gennodejs/ros/rotors_comm
-- Installing: /home/quinton/catkin_ws/src/install/rotors_comm/share/gennodejs/ros/rotors_comm/srv
-- Installing: /home/quinton/catkin_ws/src/install/rotors_comm/share/gennodejs/ros/rotors_comm/srv/Octomap.js
-- Installing: /home/quinton/catkin_ws/src/install/rotors_comm/share/gennodejs/ros/rotors_comm/srv/RecordRosbag.js
-- Installing: /home/quinton/catkin_ws/src/install/rotors_comm/share/gennodejs/ros/rotors_comm/srv/_index.js
-- Installing: /home/quinton/catkin_ws/src/install/rotors_comm/share/gennodejs/ros/rotors_comm/_index.js
-- Installing: /home/quinton/catkin_ws/src/install/rotors_comm/share/gennodejs/ros/rotors_comm/msg
-- Installing: /home/quinton/catkin_ws/src/install/rotors_comm/share/gennodejs/ros/rotors_comm/msg/WindSpeed.js
-- Installing: /home/quinton/catkin_ws/src/install/rotors_comm/share/gennodejs/ros/rotors_comm/msg/_index.js
Listing '/home/quinton/catkin_ws/src/build/rotors_comm/devel/lib/python3/dist-packages/rotors_comm'...
Compiling '/home/quinton/catkin_ws/src/build/rotors_comm/devel/lib/python3/dist-packages/rotors_comm/__init__.py'...
Listing '/home/quinton/catkin_ws/src/build/rotors_comm/devel/lib/python3/dist-packages/rotors_comm/msg'...
Compiling '/home/quinton/catkin_ws/src/build/rotors_comm/devel/lib/python3/dist-packages/rotors_comm/msg/_WindSpeed.py'...
Compiling '/home/quinton/catkin_ws/src/build/rotors_comm/devel/lib/python3/dist-packages/rotors_comm/msg/__init__.py'...
Listing '/home/quinton/catkin_ws/src/build/rotors_comm/devel/lib/python3/dist-packages/rotors_comm/srv'...
Compiling '/home/quinton/catkin_ws/src/build/rotors_comm/devel/lib/python3/dist-packages/rotors_comm/srv/_Octomap.py'...
Compiling '/home/quinton/catkin_ws/src/build/rotors_comm/devel/lib/python3/dist-packages/rotors_comm/srv/_RecordRosbag.py'...
Compiling '/home/quinton/catkin_ws/src/build/rotors_comm/devel/lib/python3/dist-packages/rotors_comm/srv/__init__.py'...
-- Installing: /home/quinton/catkin_ws/src/install/rotors_comm/lib/python3/dist-packages/rotors_comm
-- Installing: /home/quinton/catkin_ws/src/install/rotors_comm/lib/python3/dist-packages/rotors_comm/srv
-- Installing: /home/quinton/catkin_ws/src/install/rotors_comm/lib/python3/dist-packages/rotors_comm/srv/__pycache__
-- Installing: /home/quinton/catkin_ws/src/install/rotors_comm/lib/python3/dist-packages/rotors_comm/srv/__pycache__/__init__.cpython-38.pyc
-- Installing: /home/quinton/catkin_ws/src/install/rotors_comm/lib/python3/dist-packages/rotors_comm/srv/__pycache__/_RecordRosbag.cpython-38.pyc
-- Installing: /home/quinton/catkin_ws/src/install/rotors_comm/lib/python3/dist-packages/rotors_comm/srv/__pycache__/_Octomap.cpython-38.pyc
-- Installing: /home/quinton/catkin_ws/src/install/rotors_comm/lib/python3/dist-packages/rotors_comm/srv/_RecordRosbag.py
-- Installing: /home/quinton/catkin_ws/src/install/rotors_comm/lib/python3/dist-packages/rotors_comm/srv/_Octomap.py
-- Installing: /home/quinton/catkin_ws/src/install/rotors_comm/lib/python3/dist-packages/rotors_comm/srv/__init__.py
-- Installing: /home/quinton/catkin_ws/src/install/rotors_comm/lib/python3/dist-packages/rotors_comm/__pycache__
-- Installing: /home/quinton/catkin_ws/src/install/rotors_comm/lib/python3/dist-packages/rotors_comm/__pycache__/__init__.cpython-38.pyc
-- Installing: /home/quinton/catkin_ws/src/install/rotors_comm/lib/python3/dist-packages/rotors_comm/__init__.py
-- Installing: /home/quinton/catkin_ws/src/install/rotors_comm/lib/python3/dist-packages/rotors_comm/msg
-- Installing: /home/quinton/catkin_ws/src/install/rotors_comm/lib/python3/dist-packages/rotors_comm/msg/__pycache__
-- Installing: /home/quinton/catkin_ws/src/install/rotors_comm/lib/python3/dist-packages/rotors_comm/msg/__pycache__/__init__.cpython-38.pyc
-- Installing: /home/quinton/catkin_ws/src/install/rotors_comm/lib/python3/dist-packages/rotors_comm/msg/__pycache__/_WindSpeed.cpython-38.pyc
-- Installing: /home/quinton/catkin_ws/src/install/rotors_comm/lib/python3/dist-packages/rotors_comm/msg/_WindSpeed.py
-- Installing: /home/quinton/catkin_ws/src/install/rotors_comm/lib/python3/dist-packages/rotors_comm/msg/__init__.py
-- Installing: /home/quinton/catkin_ws/src/install/rotors_comm/lib/pkgconfig/rotors_comm.pc
-- Installing: /home/quinton/catkin_ws/src/install/rotors_comm/share/rotors_comm/cmake/rotors_comm-msg-extras.cmake
-- Installing: /home/quinton/catkin_ws/src/install/rotors_comm/share/rotors_comm/cmake/rotors_commConfig.cmake
-- Installing: /home/quinton/catkin_ws/src/install/rotors_comm/share/rotors_comm/cmake/rotors_commConfig-version.cmake
-- Installing: /home/quinton/catkin_ws/src/install/rotors_comm/share/rotors_comm/package.xml
