[0.393s] Invoking command in '/home/quinton/catkin_ws/src/build/mav_system_msgs': /usr/bin/cmake --build /home/quinton/catkin_ws/src/build/mav_system_msgs -- -j16 -l16
[0.525s] [  0%] Built target std_msgs_generate_messages_py
[0.536s] [  0%] Built target std_msgs_generate_messages_eus
[0.562s] [  0%] Built target std_msgs_generate_messages_lisp
[0.562s] [  0%] Built target _mav_system_msgs_generate_messages_check_deps_ProcessInfo
[0.562s] [  0%] Built target std_msgs_generate_messages_cpp
[0.564s] [  0%] Built target _mav_system_msgs_generate_messages_check_deps_CpuInfo
[0.583s] [  0%] Built target std_msgs_generate_messages_nodejs
[0.609s] [ 25%] Built target mav_system_msgs_generate_messages_py
[0.613s] [ 41%] Built target mav_system_msgs_generate_messages_cpp
[0.624s] [ 58%] Built target mav_system_msgs_generate_messages_lisp
[0.624s] [ 75%] Built target mav_system_msgs_generate_messages_nodejs
[0.631s] [100%] Built target mav_system_msgs_generate_messages_eus
[0.657s] [100%] Built target mav_system_msgs_generate_messages
[0.685s] Invoked command in '/home/quinton/catkin_ws/src/build/mav_system_msgs' returned '0': /usr/bin/cmake --build /home/quinton/catkin_ws/src/build/mav_system_msgs -- -j16 -l16
[0.736s] Invoking command in '/home/quinton/catkin_ws/src/build/mav_system_msgs': /usr/bin/cmake --build /home/quinton/catkin_ws/src/build/mav_system_msgs --target tests -- -j16 -l16
[0.794s] Built target tests
[0.821s] Invoked command in '/home/quinton/catkin_ws/src/build/mav_system_msgs' returned '0': /usr/bin/cmake --build /home/quinton/catkin_ws/src/build/mav_system_msgs --target tests -- -j16 -l16
[1.465s] Invoking command in '/home/quinton/catkin_ws/src/build/mav_system_msgs': /usr/bin/cmake --install /home/quinton/catkin_ws/src/build/mav_system_msgs
[1.689s] -- Install configuration: ""
[1.689s] -- Up-to-date: /home/quinton/catkin_ws/src/install/mav_system_msgs/share/mav_system_msgs/msg/CpuInfo.msg
[1.689s] -- Up-to-date: /home/quinton/catkin_ws/src/install/mav_system_msgs/share/mav_system_msgs/msg/ProcessInfo.msg
[1.689s] -- Up-to-date: /home/quinton/catkin_ws/src/install/mav_system_msgs/share/mav_system_msgs/cmake/mav_system_msgs-msg-paths.cmake
[1.689s] -- Up-to-date: /home/quinton/catkin_ws/src/install/mav_system_msgs/include/mav_system_msgs
[1.690s] -- Up-to-date: /home/quinton/catkin_ws/src/install/mav_system_msgs/include/mav_system_msgs/ProcessInfo.h
[1.690s] -- Up-to-date: /home/quinton/catkin_ws/src/install/mav_system_msgs/include/mav_system_msgs/CpuInfo.h
[1.690s] -- Up-to-date: /home/quinton/catkin_ws/src/install/mav_system_msgs/share/roseus/ros/mav_system_msgs
[1.690s] -- Up-to-date: /home/quinton/catkin_ws/src/install/mav_system_msgs/share/roseus/ros/mav_system_msgs/manifest.l
[1.690s] -- Up-to-date: /home/quinton/catkin_ws/src/install/mav_system_msgs/share/roseus/ros/mav_system_msgs/msg
[1.690s] -- Up-to-date: /home/quinton/catkin_ws/src/install/mav_system_msgs/share/roseus/ros/mav_system_msgs/msg/CpuInfo.l
[1.690s] -- Up-to-date: /home/quinton/catkin_ws/src/install/mav_system_msgs/share/roseus/ros/mav_system_msgs/msg/ProcessInfo.l
[1.691s] -- Up-to-date: /home/quinton/catkin_ws/src/install/mav_system_msgs/share/common-lisp/ros/mav_system_msgs
[1.691s] -- Up-to-date: /home/quinton/catkin_ws/src/install/mav_system_msgs/share/common-lisp/ros/mav_system_msgs/msg
[1.691s] -- Up-to-date: /home/quinton/catkin_ws/src/install/mav_system_msgs/share/common-lisp/ros/mav_system_msgs/msg/_package.lisp
[1.691s] -- Up-to-date: /home/quinton/catkin_ws/src/install/mav_system_msgs/share/common-lisp/ros/mav_system_msgs/msg/_package_ProcessInfo.lisp
[1.691s] -- Up-to-date: /home/quinton/catkin_ws/src/install/mav_system_msgs/share/common-lisp/ros/mav_system_msgs/msg/mav_system_msgs-msg.asd
[1.691s] -- Up-to-date: /home/quinton/catkin_ws/src/install/mav_system_msgs/share/common-lisp/ros/mav_system_msgs/msg/CpuInfo.lisp
[1.691s] -- Up-to-date: /home/quinton/catkin_ws/src/install/mav_system_msgs/share/common-lisp/ros/mav_system_msgs/msg/_package_CpuInfo.lisp
[1.691s] -- Up-to-date: /home/quinton/catkin_ws/src/install/mav_system_msgs/share/common-lisp/ros/mav_system_msgs/msg/ProcessInfo.lisp
[1.692s] -- Up-to-date: /home/quinton/catkin_ws/src/install/mav_system_msgs/share/gennodejs/ros/mav_system_msgs
[1.692s] -- Up-to-date: /home/quinton/catkin_ws/src/install/mav_system_msgs/share/gennodejs/ros/mav_system_msgs/_index.js
[1.692s] -- Up-to-date: /home/quinton/catkin_ws/src/install/mav_system_msgs/share/gennodejs/ros/mav_system_msgs/msg
[1.692s] -- Up-to-date: /home/quinton/catkin_ws/src/install/mav_system_msgs/share/gennodejs/ros/mav_system_msgs/msg/ProcessInfo.js
[1.692s] -- Up-to-date: /home/quinton/catkin_ws/src/install/mav_system_msgs/share/gennodejs/ros/mav_system_msgs/msg/_index.js
[1.692s] -- Up-to-date: /home/quinton/catkin_ws/src/install/mav_system_msgs/share/gennodejs/ros/mav_system_msgs/msg/CpuInfo.js
[1.692s] Listing '/home/quinton/catkin_ws/src/build/mav_system_msgs/devel/lib/python3/dist-packages/mav_system_msgs'...
[1.693s] Listing '/home/quinton/catkin_ws/src/build/mav_system_msgs/devel/lib/python3/dist-packages/mav_system_msgs/msg'...
[1.693s] -- Up-to-date: /home/quinton/catkin_ws/src/install/mav_system_msgs/lib/python3/dist-packages/mav_system_msgs
[1.693s] -- Up-to-date: /home/quinton/catkin_ws/src/install/mav_system_msgs/lib/python3/dist-packages/mav_system_msgs/__pycache__
[1.693s] -- Up-to-date: /home/quinton/catkin_ws/src/install/mav_system_msgs/lib/python3/dist-packages/mav_system_msgs/__pycache__/__init__.cpython-38.pyc
[1.693s] -- Up-to-date: /home/quinton/catkin_ws/src/install/mav_system_msgs/lib/python3/dist-packages/mav_system_msgs/__init__.py
[1.693s] -- Up-to-date: /home/quinton/catkin_ws/src/install/mav_system_msgs/lib/python3/dist-packages/mav_system_msgs/msg
[1.693s] -- Up-to-date: /home/quinton/catkin_ws/src/install/mav_system_msgs/lib/python3/dist-packages/mav_system_msgs/msg/__pycache__
[1.693s] -- Up-to-date: /home/quinton/catkin_ws/src/install/mav_system_msgs/lib/python3/dist-packages/mav_system_msgs/msg/__pycache__/__init__.cpython-38.pyc
[1.693s] -- Up-to-date: /home/quinton/catkin_ws/src/install/mav_system_msgs/lib/python3/dist-packages/mav_system_msgs/msg/__pycache__/_ProcessInfo.cpython-38.pyc
[1.693s] -- Up-to-date: /home/quinton/catkin_ws/src/install/mav_system_msgs/lib/python3/dist-packages/mav_system_msgs/msg/__pycache__/_CpuInfo.cpython-38.pyc
[1.694s] -- Up-to-date: /home/quinton/catkin_ws/src/install/mav_system_msgs/lib/python3/dist-packages/mav_system_msgs/msg/_CpuInfo.py
[1.694s] -- Up-to-date: /home/quinton/catkin_ws/src/install/mav_system_msgs/lib/python3/dist-packages/mav_system_msgs/msg/_ProcessInfo.py
[1.694s] -- Up-to-date: /home/quinton/catkin_ws/src/install/mav_system_msgs/lib/python3/dist-packages/mav_system_msgs/msg/__init__.py
[1.694s] -- Up-to-date: /home/quinton/catkin_ws/src/install/mav_system_msgs/lib/pkgconfig/mav_system_msgs.pc
[1.694s] -- Up-to-date: /home/quinton/catkin_ws/src/install/mav_system_msgs/share/mav_system_msgs/cmake/mav_system_msgs-msg-extras.cmake
[1.694s] -- Up-to-date: /home/quinton/catkin_ws/src/install/mav_system_msgs/share/mav_system_msgs/cmake/mav_system_msgsConfig.cmake
[1.694s] -- Up-to-date: /home/quinton/catkin_ws/src/install/mav_system_msgs/share/mav_system_msgs/cmake/mav_system_msgsConfig-version.cmake
[1.694s] -- Up-to-date: /home/quinton/catkin_ws/src/install/mav_system_msgs/share/mav_system_msgs/package.xml
[1.822s] Invoked command in '/home/quinton/catkin_ws/src/build/mav_system_msgs' returned '0': /usr/bin/cmake --install /home/quinton/catkin_ws/src/build/mav_system_msgs
