-- The C compiler identification is GNU 9.4.0
-- The CXX compiler identification is GNU 9.4.0
-- Check for working C compiler: /usr/bin/cc
-- Check for working C compiler: /usr/bin/cc -- works
-- Detecting C compiler ABI info
-- Detecting C compiler ABI info - done
-- Detecting C compile features
-- Detecting C compile features - done
-- Check for working CXX compiler: /usr/bin/c++
-- Check for working CXX compiler: /usr/bin/c++ -- works
-- Detecting CXX compiler ABI info
-- Detecting CXX compiler ABI info - done
-- Detecting CXX compile features
-- Detecting CXX compile features - done
-- Using CATKIN_DEVEL_PREFIX: /home/quinton/catkin_ws/src/build/eigen_catkin/devel
-- Using CMAKE_PREFIX_PATH: /home/quinton/catkin_ws/src/install/catkin_simple;/home/quinton/catkin_ws/devel;/opt/ros/noetic
-- This workspace overlays: /home/quinton/catkin_ws/src/install/catkin_simple;/home/quinton/catkin_ws/devel;/opt/ros/noetic
-- Found PythonInterp: /usr/bin/python3 (found suitable version "3.8.10", minimum required is "3") 
-- Using PYTHON_EXECUTABLE: /usr/bin/python3
-- Using Debian Python package layout
-- Found PY_em: /usr/lib/python3/dist-packages/em.py  
-- Using empy: /usr/lib/python3/dist-packages/em.py
-- Using CATKIN_ENABLE_TESTING: ON
-- Call enable_testing()
-- Using CATKIN_TEST_RESULTS_DIR: /home/quinton/catkin_ws/src/build/eigen_catkin/test_results
-- Forcing gtest/gmock from source, though one was otherwise available.
-- Found gtest sources under '/usr/src/googletest': gtests will be built
-- Found gmock sources under '/usr/src/googletest': gmock will be built
-- Found PythonInterp: /usr/bin/python3 (found version "3.8.10") 
-- Found Threads: TRUE  
-- Using Python nosetests: /usr/bin/nosetests3
-- catkin 0.8.10
-- BUILD_SHARED_LIBS is on
-- Suitable Eigen version found. Minimum version: 3.3.4 Found version: 3.3.7
-- eigen_catkin is configured to USE system eigen
-- Found and using system Eigen in /usr/include/eigen3
-- Configuring done
-- Generating done
-- Build files have been written to: /home/quinton/catkin_ws/src/build/eigen_catkin
[35m[1mScanning dependencies of target tests[0m
Built target tests
-- Install configuration: ""
-- Installing: /home/quinton/catkin_ws/src/install/eigen_catkin/lib/pkgconfig/eigen_catkin.pc
-- Installing: /home/quinton/catkin_ws/src/install/eigen_catkin/share/eigen_catkin/cmake/eigen-extras.cmake
-- Installing: /home/quinton/catkin_ws/src/install/eigen_catkin/share/eigen_catkin/cmake/eigen_catkinConfig.cmake
-- Installing: /home/quinton/catkin_ws/src/install/eigen_catkin/share/eigen_catkin/cmake/eigen_catkinConfig-version.cmake
-- Installing: /home/quinton/catkin_ws/src/install/eigen_catkin/share/eigen_catkin/package.xml
