-- The C compiler identification is GNU 9.4.0
-- The CXX compiler identification is GNU 9.4.0
-- Check for working C compiler: /usr/bin/cc
-- Check for working C compiler: /usr/bin/cc -- works
-- Detecting C compiler ABI info
-- Detecting C compiler ABI info - done
-- Detecting C compile features
-- Detecting C compile features - done
-- Check for working CXX compiler: /usr/bin/c++
-- Check for working CXX compiler: /usr/bin/c++ -- works
-- Detecting CXX compiler ABI info
-- Detecting CXX compiler ABI info - done
-- Detecting CXX compile features
-- Detecting CXX compile features - done
-- Using CATKIN_DEVEL_PREFIX: /home/quinton/catkin_ws/src/build/mav_msgs/devel
-- Using CMAKE_PREFIX_PATH: /home/quinton/catkin_ws/devel;/opt/ros/noetic
-- This workspace overlays: /home/quinton/catkin_ws/devel;/opt/ros/noetic
-- Found PythonInterp: /usr/bin/python3 (found suitable version "3.8.10", minimum required is "3") 
-- Using PYTHON_EXECUTABLE: /usr/bin/python3
-- Using Debian Python package layout
-- Found PY_em: /usr/lib/python3/dist-packages/em.py  
-- Using empy: /usr/lib/python3/dist-packages/em.py
-- Using CATKIN_ENABLE_TESTING: ON
-- Call enable_testing()
-- Using CATKIN_TEST_RESULTS_DIR: /home/quinton/catkin_ws/src/build/mav_msgs/test_results
-- Forcing gtest/gmock from source, though one was otherwise available.
-- Found gtest sources under '/usr/src/googletest': gtests will be built
-- Found gmock sources under '/usr/src/googletest': gmock will be built
-- Found PythonInterp: /usr/bin/python3 (found version "3.8.10") 
-- Found Threads: TRUE  
-- Using Python nosetests: /usr/bin/nosetests3
-- catkin 0.8.10
-- BUILD_SHARED_LIBS is on
-- Using these message generators: gencpp;geneus;genlisp;gennodejs;genpy
-- mav_msgs: 8 messages, 0 services
-- Configuring done
-- Generating done
-- Build files have been written to: /home/quinton/catkin_ws/src/build/mav_msgs
[35m[1mScanning dependencies of target nav_msgs_generate_messages_eus[0m
[35m[1mScanning dependencies of target _mav_msgs_generate_messages_check_deps_FilteredSensorData[0m
[  0%] Built target nav_msgs_generate_messages_eus
[35m[1mScanning dependencies of target _mav_msgs_generate_messages_check_deps_Status[0m
[35m[1mScanning dependencies of target _mav_msgs_generate_messages_check_deps_AttitudeThrust[0m
[35m[1mScanning dependencies of target _mav_msgs_generate_messages_check_deps_Actuators[0m
[35m[1mScanning dependencies of target _mav_msgs_generate_messages_check_deps_GpsWaypoint[0m
[35m[1mScanning dependencies of target _mav_msgs_generate_messages_check_deps_RollPitchYawrateThrust[0m
[35m[1mScanning dependencies of target std_msgs_generate_messages_eus[0m
[35m[1mScanning dependencies of target _mav_msgs_generate_messages_check_deps_RateThrust[0m
[35m[1mScanning dependencies of target geometry_msgs_generate_messages_eus[0m
[35m[1mScanning dependencies of target _mav_msgs_generate_messages_check_deps_TorqueThrust[0m
[35m[1mScanning dependencies of target std_msgs_generate_messages_py[0m
[  0%] Built target std_msgs_generate_messages_eus
[  0%] Built target geometry_msgs_generate_messages_eus
[  0%] Built target std_msgs_generate_messages_py
[  0%] Built target _mav_msgs_generate_messages_check_deps_GpsWaypoint
[35m[1mScanning dependencies of target nav_msgs_generate_messages_py[0m
[  0%] Built target _mav_msgs_generate_messages_check_deps_FilteredSensorData
[  0%] Built target _mav_msgs_generate_messages_check_deps_Actuators
[  0%] Built target _mav_msgs_generate_messages_check_deps_TorqueThrust
[  0%] Built target _mav_msgs_generate_messages_check_deps_Status
[  0%] Built target _mav_msgs_generate_messages_check_deps_RollPitchYawrateThrust
[  0%] Built target _mav_msgs_generate_messages_check_deps_AttitudeThrust
[  0%] Built target _mav_msgs_generate_messages_check_deps_RateThrust
[35m[1mScanning dependencies of target geometry_msgs_generate_messages_nodejs[0m
[35m[1mScanning dependencies of target nav_msgs_generate_messages_nodejs[0m
[  0%] Built target nav_msgs_generate_messages_py
[35m[1mScanning dependencies of target std_msgs_generate_messages_nodejs[0m
[35m[1mScanning dependencies of target geometry_msgs_generate_messages_py[0m
[35m[1mScanning dependencies of target std_msgs_generate_messages_cpp[0m
[35m[1mScanning dependencies of target nav_msgs_generate_messages_cpp[0m
[  0%] Built target nav_msgs_generate_messages_nodejs
[  0%] Built target geometry_msgs_generate_messages_nodejs
[35m[1mScanning dependencies of target std_msgs_generate_messages_lisp[0m
[35m[1mScanning dependencies of target geometry_msgs_generate_messages_lisp[0m
[35m[1mScanning dependencies of target nav_msgs_generate_messages_lisp[0m
[  0%] Built target std_msgs_generate_messages_nodejs
[35m[1mScanning dependencies of target geometry_msgs_generate_messages_cpp[0m
[  0%] Built target std_msgs_generate_messages_cpp
[  0%] Built target nav_msgs_generate_messages_cpp
[  0%] Built target geometry_msgs_generate_messages_py
[  0%] Built target std_msgs_generate_messages_lisp
[  0%] Built target nav_msgs_generate_messages_lisp
[  0%] Built target geometry_msgs_generate_messages_cpp
[  0%] Built target geometry_msgs_generate_messages_lisp
[35m[1mScanning dependencies of target mav_msgs_generate_messages_eus[0m
[35m[1mScanning dependencies of target mav_msgs_generate_messages_lisp[0m
[35m[1mScanning dependencies of target mav_msgs_generate_messages_py[0m
[35m[1mScanning dependencies of target mav_msgs_generate_messages_cpp[0m
[35m[1mScanning dependencies of target mav_msgs_generate_messages_nodejs[0m
[  2%] [34m[1mGenerating Lisp code from mav_msgs/Actuators.msg[0m
[  7%] [34m[1mGenerating C++ code from mav_msgs/Actuators.msg[0m
[  7%] [34m[1mGenerating EusLisp code from mav_msgs/Actuators.msg[0m
[ 11%] [34m[1mGenerating EusLisp code from mav_msgs/AttitudeThrust.msg[0m
[ 11%] [34m[1mGenerating C++ code from mav_msgs/RateThrust.msg[0m
[ 16%] [34m[1mGenerating Lisp code from mav_msgs/RateThrust.msg[0m
[ 19%] [34m[1mGenerating Javascript code from mav_msgs/Actuators.msg[0m
[ 19%] [34m[1mGenerating Lisp code from mav_msgs/AttitudeThrust.msg[0m
[ 21%] [34m[1mGenerating Python from MSG mav_msgs/Actuators[0m
[ 26%] [34m[1mGenerating C++ code from mav_msgs/AttitudeThrust.msg[0m
[ 28%] [34m[1mGenerating Python from MSG mav_msgs/AttitudeThrust[0m
[ 28%] [34m[1mGenerating Javascript code from mav_msgs/RateThrust.msg[0m
[ 33%] [34m[1mGenerating C++ code from mav_msgs/RollPitchYawrateThrust.msg[0m
[ 35%] [34m[1mGenerating EusLisp code from mav_msgs/RateThrust.msg[0m
[ 35%] [34m[1mGenerating Javascript code from mav_msgs/AttitudeThrust.msg[0m
[ 38%] [34m[1mGenerating EusLisp code from mav_msgs/RollPitchYawrateThrust.msg[0m
[ 40%] [34m[1mGenerating Lisp code from mav_msgs/RollPitchYawrateThrust.msg[0m
[ 42%] [34m[1mGenerating EusLisp code from mav_msgs/TorqueThrust.msg[0m
[ 45%] [34m[1mGenerating Lisp code from mav_msgs/TorqueThrust.msg[0m
[ 47%] [34m[1mGenerating EusLisp code from mav_msgs/Status.msg[0m
[ 50%] [34m[1mGenerating Javascript code from mav_msgs/RollPitchYawrateThrust.msg[0m
[ 54%] [34m[1mGenerating Lisp code from mav_msgs/Status.msg[0m
[ 57%] [34m[1mGenerating Javascript code from mav_msgs/TorqueThrust.msg[0m
[ 57%] [34m[1mGenerating C++ code from mav_msgs/TorqueThrust.msg[0m
[ 59%] [34m[1mGenerating EusLisp code from mav_msgs/FilteredSensorData.msg[0m
[ 61%] [34m[1mGenerating C++ code from mav_msgs/Status.msg[0m
[ 66%] [34m[1mGenerating EusLisp manifest code for mav_msgs[0m
[ 66%] [34m[1mGenerating EusLisp code from mav_msgs/GpsWaypoint.msg[0m
[ 69%] [34m[1mGenerating Lisp code from mav_msgs/FilteredSensorData.msg[0m
[ 71%] [34m[1mGenerating C++ code from mav_msgs/FilteredSensorData.msg[0m
[ 73%] [34m[1mGenerating Javascript code from mav_msgs/Status.msg[0m
[ 76%] [34m[1mGenerating Lisp code from mav_msgs/GpsWaypoint.msg[0m
[ 78%] [34m[1mGenerating C++ code from mav_msgs/GpsWaypoint.msg[0m
[ 80%] [34m[1mGenerating Javascript code from mav_msgs/FilteredSensorData.msg[0m
[ 83%] [34m[1mGenerating Javascript code from mav_msgs/GpsWaypoint.msg[0m
[ 85%] [34m[1mGenerating Python from MSG mav_msgs/RollPitchYawrateThrust[0m
[ 88%] [34m[1mGenerating Python from MSG mav_msgs/TorqueThrust[0m
[ 90%] [34m[1mGenerating Python from MSG mav_msgs/RateThrust[0m
[ 92%] [34m[1mGenerating Python from MSG mav_msgs/Status[0m
[ 95%] [34m[1mGenerating Python from MSG mav_msgs/FilteredSensorData[0m
[ 97%] [34m[1mGenerating Python from MSG mav_msgs/GpsWaypoint[0m
[ 97%] Built target mav_msgs_generate_messages_lisp
[ 97%] Built target mav_msgs_generate_messages_nodejs
[ 97%] Built target mav_msgs_generate_messages_cpp
[100%] [34m[1mGenerating Python msg __init__.py for mav_msgs[0m
[100%] Built target mav_msgs_generate_messages_eus
[100%] Built target mav_msgs_generate_messages_py
[35m[1mScanning dependencies of target mav_msgs_generate_messages[0m
[100%] Built target mav_msgs_generate_messages
[35m[1mScanning dependencies of target tests[0m
Built target tests
-- Install configuration: ""
-- Installing: /home/quinton/catkin_ws/src/install/mav_msgs/share/mav_msgs/msg/Actuators.msg
-- Installing: /home/quinton/catkin_ws/src/install/mav_msgs/share/mav_msgs/msg/AttitudeThrust.msg
-- Installing: /home/quinton/catkin_ws/src/install/mav_msgs/share/mav_msgs/msg/RateThrust.msg
-- Installing: /home/quinton/catkin_ws/src/install/mav_msgs/share/mav_msgs/msg/RollPitchYawrateThrust.msg
-- Installing: /home/quinton/catkin_ws/src/install/mav_msgs/share/mav_msgs/msg/TorqueThrust.msg
-- Installing: /home/quinton/catkin_ws/src/install/mav_msgs/share/mav_msgs/msg/Status.msg
-- Installing: /home/quinton/catkin_ws/src/install/mav_msgs/share/mav_msgs/msg/FilteredSensorData.msg
-- Installing: /home/quinton/catkin_ws/src/install/mav_msgs/share/mav_msgs/msg/GpsWaypoint.msg
-- Installing: /home/quinton/catkin_ws/src/install/mav_msgs/share/mav_msgs/cmake/mav_msgs-msg-paths.cmake
-- Installing: /home/quinton/catkin_ws/src/install/mav_msgs/include/mav_msgs
-- Installing: /home/quinton/catkin_ws/src/install/mav_msgs/include/mav_msgs/AttitudeThrust.h
-- Installing: /home/quinton/catkin_ws/src/install/mav_msgs/include/mav_msgs/RateThrust.h
-- Installing: /home/quinton/catkin_ws/src/install/mav_msgs/include/mav_msgs/Status.h
-- Installing: /home/quinton/catkin_ws/src/install/mav_msgs/include/mav_msgs/TorqueThrust.h
-- Installing: /home/quinton/catkin_ws/src/install/mav_msgs/include/mav_msgs/RollPitchYawrateThrust.h
-- Installing: /home/quinton/catkin_ws/src/install/mav_msgs/include/mav_msgs/FilteredSensorData.h
-- Installing: /home/quinton/catkin_ws/src/install/mav_msgs/include/mav_msgs/Actuators.h
-- Installing: /home/quinton/catkin_ws/src/install/mav_msgs/include/mav_msgs/GpsWaypoint.h
-- Installing: /home/quinton/catkin_ws/src/install/mav_msgs/share/roseus/ros/mav_msgs
-- Installing: /home/quinton/catkin_ws/src/install/mav_msgs/share/roseus/ros/mav_msgs/manifest.l
-- Installing: /home/quinton/catkin_ws/src/install/mav_msgs/share/roseus/ros/mav_msgs/msg
-- Installing: /home/quinton/catkin_ws/src/install/mav_msgs/share/roseus/ros/mav_msgs/msg/Status.l
-- Installing: /home/quinton/catkin_ws/src/install/mav_msgs/share/roseus/ros/mav_msgs/msg/Actuators.l
-- Installing: /home/quinton/catkin_ws/src/install/mav_msgs/share/roseus/ros/mav_msgs/msg/RateThrust.l
-- Installing: /home/quinton/catkin_ws/src/install/mav_msgs/share/roseus/ros/mav_msgs/msg/FilteredSensorData.l
-- Installing: /home/quinton/catkin_ws/src/install/mav_msgs/share/roseus/ros/mav_msgs/msg/AttitudeThrust.l
-- Installing: /home/quinton/catkin_ws/src/install/mav_msgs/share/roseus/ros/mav_msgs/msg/GpsWaypoint.l
-- Installing: /home/quinton/catkin_ws/src/install/mav_msgs/share/roseus/ros/mav_msgs/msg/RollPitchYawrateThrust.l
-- Installing: /home/quinton/catkin_ws/src/install/mav_msgs/share/roseus/ros/mav_msgs/msg/TorqueThrust.l
-- Installing: /home/quinton/catkin_ws/src/install/mav_msgs/share/common-lisp/ros/mav_msgs
-- Installing: /home/quinton/catkin_ws/src/install/mav_msgs/share/common-lisp/ros/mav_msgs/msg
-- Installing: /home/quinton/catkin_ws/src/install/mav_msgs/share/common-lisp/ros/mav_msgs/msg/TorqueThrust.lisp
-- Installing: /home/quinton/catkin_ws/src/install/mav_msgs/share/common-lisp/ros/mav_msgs/msg/_package.lisp
-- Installing: /home/quinton/catkin_ws/src/install/mav_msgs/share/common-lisp/ros/mav_msgs/msg/FilteredSensorData.lisp
-- Installing: /home/quinton/catkin_ws/src/install/mav_msgs/share/common-lisp/ros/mav_msgs/msg/_package_FilteredSensorData.lisp
-- Installing: /home/quinton/catkin_ws/src/install/mav_msgs/share/common-lisp/ros/mav_msgs/msg/GpsWaypoint.lisp
-- Installing: /home/quinton/catkin_ws/src/install/mav_msgs/share/common-lisp/ros/mav_msgs/msg/_package_TorqueThrust.lisp
-- Installing: /home/quinton/catkin_ws/src/install/mav_msgs/share/common-lisp/ros/mav_msgs/msg/_package_GpsWaypoint.lisp
-- Installing: /home/quinton/catkin_ws/src/install/mav_msgs/share/common-lisp/ros/mav_msgs/msg/_package_RateThrust.lisp
-- Installing: /home/quinton/catkin_ws/src/install/mav_msgs/share/common-lisp/ros/mav_msgs/msg/Actuators.lisp
-- Installing: /home/quinton/catkin_ws/src/install/mav_msgs/share/common-lisp/ros/mav_msgs/msg/_package_Actuators.lisp
-- Installing: /home/quinton/catkin_ws/src/install/mav_msgs/share/common-lisp/ros/mav_msgs/msg/mav_msgs-msg.asd
-- Installing: /home/quinton/catkin_ws/src/install/mav_msgs/share/common-lisp/ros/mav_msgs/msg/RollPitchYawrateThrust.lisp
-- Installing: /home/quinton/catkin_ws/src/install/mav_msgs/share/common-lisp/ros/mav_msgs/msg/RateThrust.lisp
-- Installing: /home/quinton/catkin_ws/src/install/mav_msgs/share/common-lisp/ros/mav_msgs/msg/_package_AttitudeThrust.lisp
-- Installing: /home/quinton/catkin_ws/src/install/mav_msgs/share/common-lisp/ros/mav_msgs/msg/_package_Status.lisp
-- Installing: /home/quinton/catkin_ws/src/install/mav_msgs/share/common-lisp/ros/mav_msgs/msg/Status.lisp
-- Installing: /home/quinton/catkin_ws/src/install/mav_msgs/share/common-lisp/ros/mav_msgs/msg/AttitudeThrust.lisp
-- Installing: /home/quinton/catkin_ws/src/install/mav_msgs/share/common-lisp/ros/mav_msgs/msg/_package_RollPitchYawrateThrust.lisp
-- Installing: /home/quinton/catkin_ws/src/install/mav_msgs/share/gennodejs/ros/mav_msgs
-- Installing: /home/quinton/catkin_ws/src/install/mav_msgs/share/gennodejs/ros/mav_msgs/_index.js
-- Installing: /home/quinton/catkin_ws/src/install/mav_msgs/share/gennodejs/ros/mav_msgs/msg
-- Installing: /home/quinton/catkin_ws/src/install/mav_msgs/share/gennodejs/ros/mav_msgs/msg/GpsWaypoint.js
-- Installing: /home/quinton/catkin_ws/src/install/mav_msgs/share/gennodejs/ros/mav_msgs/msg/_index.js
-- Installing: /home/quinton/catkin_ws/src/install/mav_msgs/share/gennodejs/ros/mav_msgs/msg/AttitudeThrust.js
-- Installing: /home/quinton/catkin_ws/src/install/mav_msgs/share/gennodejs/ros/mav_msgs/msg/FilteredSensorData.js
-- Installing: /home/quinton/catkin_ws/src/install/mav_msgs/share/gennodejs/ros/mav_msgs/msg/RateThrust.js
-- Installing: /home/quinton/catkin_ws/src/install/mav_msgs/share/gennodejs/ros/mav_msgs/msg/Status.js
-- Installing: /home/quinton/catkin_ws/src/install/mav_msgs/share/gennodejs/ros/mav_msgs/msg/Actuators.js
-- Installing: /home/quinton/catkin_ws/src/install/mav_msgs/share/gennodejs/ros/mav_msgs/msg/RollPitchYawrateThrust.js
-- Installing: /home/quinton/catkin_ws/src/install/mav_msgs/share/gennodejs/ros/mav_msgs/msg/TorqueThrust.js
Listing '/home/quinton/catkin_ws/src/build/mav_msgs/devel/lib/python3/dist-packages/mav_msgs'...
Compiling '/home/quinton/catkin_ws/src/build/mav_msgs/devel/lib/python3/dist-packages/mav_msgs/__init__.py'...
Listing '/home/quinton/catkin_ws/src/build/mav_msgs/devel/lib/python3/dist-packages/mav_msgs/msg'...
Compiling '/home/quinton/catkin_ws/src/build/mav_msgs/devel/lib/python3/dist-packages/mav_msgs/msg/_Actuators.py'...
Compiling '/home/quinton/catkin_ws/src/build/mav_msgs/devel/lib/python3/dist-packages/mav_msgs/msg/_AttitudeThrust.py'...
Compiling '/home/quinton/catkin_ws/src/build/mav_msgs/devel/lib/python3/dist-packages/mav_msgs/msg/_FilteredSensorData.py'...
Compiling '/home/quinton/catkin_ws/src/build/mav_msgs/devel/lib/python3/dist-packages/mav_msgs/msg/_GpsWaypoint.py'...
Compiling '/home/quinton/catkin_ws/src/build/mav_msgs/devel/lib/python3/dist-packages/mav_msgs/msg/_RateThrust.py'...
Compiling '/home/quinton/catkin_ws/src/build/mav_msgs/devel/lib/python3/dist-packages/mav_msgs/msg/_RollPitchYawrateThrust.py'...
Compiling '/home/quinton/catkin_ws/src/build/mav_msgs/devel/lib/python3/dist-packages/mav_msgs/msg/_Status.py'...
Compiling '/home/quinton/catkin_ws/src/build/mav_msgs/devel/lib/python3/dist-packages/mav_msgs/msg/_TorqueThrust.py'...
Compiling '/home/quinton/catkin_ws/src/build/mav_msgs/devel/lib/python3/dist-packages/mav_msgs/msg/__init__.py'...
-- Installing: /home/quinton/catkin_ws/src/install/mav_msgs/lib/python3/dist-packages/mav_msgs
-- Installing: /home/quinton/catkin_ws/src/install/mav_msgs/lib/python3/dist-packages/mav_msgs/__pycache__
-- Installing: /home/quinton/catkin_ws/src/install/mav_msgs/lib/python3/dist-packages/mav_msgs/__pycache__/__init__.cpython-38.pyc
-- Installing: /home/quinton/catkin_ws/src/install/mav_msgs/lib/python3/dist-packages/mav_msgs/__init__.py
-- Installing: /home/quinton/catkin_ws/src/install/mav_msgs/lib/python3/dist-packages/mav_msgs/msg
-- Installing: /home/quinton/catkin_ws/src/install/mav_msgs/lib/python3/dist-packages/mav_msgs/msg/_AttitudeThrust.py
-- Installing: /home/quinton/catkin_ws/src/install/mav_msgs/lib/python3/dist-packages/mav_msgs/msg/_Status.py
-- Installing: /home/quinton/catkin_ws/src/install/mav_msgs/lib/python3/dist-packages/mav_msgs/msg/_Actuators.py
-- Installing: /home/quinton/catkin_ws/src/install/mav_msgs/lib/python3/dist-packages/mav_msgs/msg/_GpsWaypoint.py
-- Installing: /home/quinton/catkin_ws/src/install/mav_msgs/lib/python3/dist-packages/mav_msgs/msg/__pycache__
-- Installing: /home/quinton/catkin_ws/src/install/mav_msgs/lib/python3/dist-packages/mav_msgs/msg/__pycache__/_Status.cpython-38.pyc
-- Installing: /home/quinton/catkin_ws/src/install/mav_msgs/lib/python3/dist-packages/mav_msgs/msg/__pycache__/__init__.cpython-38.pyc
-- Installing: /home/quinton/catkin_ws/src/install/mav_msgs/lib/python3/dist-packages/mav_msgs/msg/__pycache__/_Actuators.cpython-38.pyc
-- Installing: /home/quinton/catkin_ws/src/install/mav_msgs/lib/python3/dist-packages/mav_msgs/msg/__pycache__/_FilteredSensorData.cpython-38.pyc
-- Installing: /home/quinton/catkin_ws/src/install/mav_msgs/lib/python3/dist-packages/mav_msgs/msg/__pycache__/_RateThrust.cpython-38.pyc
-- Installing: /home/quinton/catkin_ws/src/install/mav_msgs/lib/python3/dist-packages/mav_msgs/msg/__pycache__/_AttitudeThrust.cpython-38.pyc
-- Installing: /home/quinton/catkin_ws/src/install/mav_msgs/lib/python3/dist-packages/mav_msgs/msg/__pycache__/_RollPitchYawrateThrust.cpython-38.pyc
-- Installing: /home/quinton/catkin_ws/src/install/mav_msgs/lib/python3/dist-packages/mav_msgs/msg/__pycache__/_GpsWaypoint.cpython-38.pyc
-- Installing: /home/quinton/catkin_ws/src/install/mav_msgs/lib/python3/dist-packages/mav_msgs/msg/__pycache__/_TorqueThrust.cpython-38.pyc
-- Installing: /home/quinton/catkin_ws/src/install/mav_msgs/lib/python3/dist-packages/mav_msgs/msg/_RateThrust.py
-- Installing: /home/quinton/catkin_ws/src/install/mav_msgs/lib/python3/dist-packages/mav_msgs/msg/_TorqueThrust.py
-- Installing: /home/quinton/catkin_ws/src/install/mav_msgs/lib/python3/dist-packages/mav_msgs/msg/_FilteredSensorData.py
-- Installing: /home/quinton/catkin_ws/src/install/mav_msgs/lib/python3/dist-packages/mav_msgs/msg/_RollPitchYawrateThrust.py
-- Installing: /home/quinton/catkin_ws/src/install/mav_msgs/lib/python3/dist-packages/mav_msgs/msg/__init__.py
-- Installing: /home/quinton/catkin_ws/src/install/mav_msgs/lib/pkgconfig/mav_msgs.pc
-- Installing: /home/quinton/catkin_ws/src/install/mav_msgs/share/mav_msgs/cmake/mav_msgs-msg-extras.cmake
-- Installing: /home/quinton/catkin_ws/src/install/mav_msgs/share/mav_msgs/cmake/export_flags.cmake
-- Installing: /home/quinton/catkin_ws/src/install/mav_msgs/share/mav_msgs/cmake/mav_msgsConfig.cmake
-- Installing: /home/quinton/catkin_ws/src/install/mav_msgs/share/mav_msgs/cmake/mav_msgsConfig-version.cmake
-- Installing: /home/quinton/catkin_ws/src/install/mav_msgs/share/mav_msgs/package.xml
-- Up-to-date: /home/quinton/catkin_ws/src/install/mav_msgs/include/mav_msgs
-- Installing: /home/quinton/catkin_ws/src/install/mav_msgs/include/mav_msgs/default_values.h
-- Installing: /home/quinton/catkin_ws/src/install/mav_msgs/include/mav_msgs/eigen_mav_msgs.h
-- Installing: /home/quinton/catkin_ws/src/install/mav_msgs/include/mav_msgs/common.h
-- Installing: /home/quinton/catkin_ws/src/install/mav_msgs/include/mav_msgs/conversions.h
-- Installing: /home/quinton/catkin_ws/src/install/mav_msgs/include/mav_msgs/default_topics.h
