[  0%] Built target visualization_msgs_generate_messages_eus
[  0%] Built target visualization_msgs_generate_messages_py
[  0%] Built target visualization_msgs_generate_messages_nodejs
[  0%] Built target std_msgs_generate_messages_cpp
[  0%] Built target geometry_msgs_generate_messages_nodejs
[  0%] Built target visualization_msgs_generate_messages_lisp
[  0%] Built target rosgraph_msgs_generate_messages_eus
[  0%] Built target roscpp_generate_messages_lisp
[  0%] Built target std_msgs_generate_messages_lisp
[  0%] Built target geometry_msgs_generate_messages_py
[  0%] Built target rosgraph_msgs_generate_messages_py
[  0%] Built target roscpp_generate_messages_cpp
[  0%] Built target roscpp_generate_messages_eus
[  0%] Built target geometry_msgs_generate_messages_lisp
[  0%] Built target roscpp_generate_messages_py
[  0%] Built target geometry_msgs_generate_messages_eus
[  0%] Built target rosgraph_msgs_generate_messages_cpp
[  0%] Built target std_msgs_generate_messages_nodejs
[  0%] Built target roscpp_generate_messages_nodejs
[  0%] Built target std_msgs_generate_messages_eus
[  0%] Built target geometry_msgs_generate_messages_cpp
[  0%] Built target std_msgs_generate_messages_py
[  0%] Built target rosgraph_msgs_generate_messages_lisp
[  0%] Built target rosgraph_msgs_generate_messages_nodejs
[  0%] Built target visualization_msgs_generate_messages_cpp
[ 50%] Built target mav_visualization
[ 62%] [32mBuilding CXX object CMakeFiles/leica_publisher.dir/src/leica_publisher.cpp.o[0m
[ 75%] [32mBuilding CXX object CMakeFiles/hexacopter_publisher.dir/src/hexacopter_publisher.cpp.o[0m
[ 87%] [32m[1mLinking CXX executable devel/lib/mav_visualization/leica_publisher[0m
[100%] [32m[1mLinking CXX executable devel/lib/mav_visualization/hexacopter_publisher[0m
[100%] Built target leica_publisher
[100%] Built target hexacopter_publisher
[35m[1mScanning dependencies of target tests[0m
Built target tests
-- Install configuration: ""
-- Installing: /home/quinton/catkin_ws/src/install/mav_visualization/lib/libmav_visualization.so
-- Set runtime path of "/home/quinton/catkin_ws/src/install/mav_visualization/lib/libmav_visualization.so" to ""
-- Installing: /home/quinton/catkin_ws/src/install/mav_visualization/lib/mav_visualization/hexacopter_publisher
-- Set runtime path of "/home/quinton/catkin_ws/src/install/mav_visualization/lib/mav_visualization/hexacopter_publisher" to ""
-- Installing: /home/quinton/catkin_ws/src/install/mav_visualization/lib/mav_visualization/leica_publisher
-- Set runtime path of "/home/quinton/catkin_ws/src/install/mav_visualization/lib/mav_visualization/leica_publisher" to ""
-- Installing: /home/quinton/catkin_ws/src/install/mav_visualization/include
-- Installing: /home/quinton/catkin_ws/src/install/mav_visualization/include/mav_visualization
-- Installing: /home/quinton/catkin_ws/src/install/mav_visualization/include/mav_visualization/marker_group.h
-- Installing: /home/quinton/catkin_ws/src/install/mav_visualization/include/mav_visualization/hexacopter_marker.h
-- Installing: /home/quinton/catkin_ws/src/install/mav_visualization/include/mav_visualization/helpers.h
-- Installing: /home/quinton/catkin_ws/src/install/mav_visualization/include/mav_visualization/leica_marker.h
-- Installing: /home/quinton/catkin_ws/src/install/mav_visualization/share/mav_visualization/meshes
-- Installing: /home/quinton/catkin_ws/src/install/mav_visualization/share/mav_visualization/meshes/firefly_carbon.dae
-- Installing: /home/quinton/catkin_ws/src/install/mav_visualization/share/mav_visualization/meshes/firefly_cowl.dae
-- Installing: /home/quinton/catkin_ws/src/install/mav_visualization/lib/pkgconfig/mav_visualization.pc
-- Installing: /home/quinton/catkin_ws/src/install/mav_visualization/share/mav_visualization/cmake/mav_visualizationConfig.cmake
-- Installing: /home/quinton/catkin_ws/src/install/mav_visualization/share/mav_visualization/cmake/mav_visualizationConfig-version.cmake
-- Installing: /home/quinton/catkin_ws/src/install/mav_visualization/share/mav_visualization/package.xml
